L 08/02/2016 - 00:15:00: SourceMod log file session started (file "L20160802.log") (Version "1.8.0.5919")
L 08/02/2016 - 00:15:00: [respawn.smx] "Blaze<58><STEAM_1:1:868254><>" respawned "Blaze<58><STEAM_1:1:868254><>"
L 08/02/2016 - 00:16:06: -------- Mapchange to cs_motel_coop_nd_v1_3 --------
L 08/02/2016 - 00:28:14: -------- Mapchange to ministry_coop --------
L 08/02/2016 - 00:31:17: [respawn.smx] "Blaze<58><STEAM_1:1:868254><>" respawned "Hitler Did Nothing Wrong<84><STEAM_1:0:39540748><>"
L 08/02/2016 - 00:34:40: [respawn.smx] "Blaze<58><STEAM_1:1:868254><>" respawned "Thor<12><STEAM_1:1:153019><>"
L 08/02/2016 - 00:34:40: [respawn.smx] "Blaze<58><STEAM_1:1:868254><>" respawned "Blaze<58><STEAM_1:1:868254><>"
L 08/02/2016 - 00:36:12: [respawn.smx] "Blaze<58><STEAM_1:1:868254><>" respawned "Blaze<58><STEAM_1:1:868254><>"
L 08/02/2016 - 00:39:51: -------- Mapchange to osama_b3_checkpoint --------
L 08/02/2016 - 00:42:14: [respawn.smx] "Blaze<58><STEAM_1:1:868254><>" respawned "Dink<149><STEAM_1:0:69149056><>"
L 08/02/2016 - 00:42:14: [respawn.smx] "Blaze<58><STEAM_1:1:868254><>" respawned "TonyTheMemeLord on YT<112><STEAM_1:0:93281630><>"
L 08/02/2016 - 00:42:14: [respawn.smx] "Blaze<58><STEAM_1:1:868254><>" respawned "Blaze<58><STEAM_1:1:868254><>"
L 08/02/2016 - 00:44:48: [respawn.smx] "Blaze<58><STEAM_1:1:868254><>" respawned "Stringman<11><STEAM_1:0:64034812><>"
L 08/02/2016 - 00:44:48: [respawn.smx] "Blaze<58><STEAM_1:1:868254><>" respawned "Blaze<58><STEAM_1:1:868254><>"
L 08/02/2016 - 00:44:48: [respawn.smx] "Blaze<58><STEAM_1:1:868254><>" respawned "Dwayne "The Meme" Johnson<54><STEAM_1:1:174090629><>"
L 08/02/2016 - 00:51:23: -------- Mapchange to bunker_busting_coopv1_5 --------
L 08/02/2016 - 01:06:36: [respawn.smx] "Blaze<58><STEAM_1:1:868254><>" respawned "Hitler Did Nothing Wrong<84><STEAM_1:0:39540748><>"
L 08/02/2016 - 01:06:36: [respawn.smx] "Blaze<58><STEAM_1:1:868254><>" respawned "Blaze<58><STEAM_1:1:868254><>"
L 08/02/2016 - 01:21:14: -------- Mapchange to sinjar_coop --------
L 08/02/2016 - 01:36:59: -------- Mapchange to launch_control_coopv1_9 --------
L 08/02/2016 - 02:19:27: -------- Mapchange to market_coop --------
L 08/02/2016 - 02:57:47: -------- Mapchange to haditha_dam_coop_finale --------
L 08/02/2016 - 03:27:55: [respawn.smx] "Blaze<301><STEAM_1:1:868254><>" respawned "OAT....<270><STEAM_1:0:74767768><>"
L 08/02/2016 - 03:27:55: [respawn.smx] "Blaze<301><STEAM_1:1:868254><>" respawned "sgt.zand<271><STEAM_1:1:119355333><>"
L 08/02/2016 - 03:31:56: [respawn.smx] "Blaze<301><STEAM_1:1:868254><>" respawned "Blaze<301><STEAM_1:1:868254><>"
L 08/02/2016 - 03:31:56: [respawn.smx] "Blaze<301><STEAM_1:1:868254><>" respawned "Cartwright<304><STEAM_1:1:22495170><>"
L 08/02/2016 - 03:42:24: [respawn.smx] "Blaze<301><STEAM_1:1:868254><>" respawned "OAT....<270><STEAM_1:0:74767768><>"
L 08/02/2016 - 03:42:24: [respawn.smx] "Blaze<301><STEAM_1:1:868254><>" respawned "King Ordinary<311><STEAM_1:0:38841167><>"
L 08/02/2016 - 03:42:24: [respawn.smx] "Blaze<301><STEAM_1:1:868254><>" respawned "Cartwright<304><STEAM_1:1:22495170><>"
L 08/02/2016 - 03:47:33: [respawn.smx] "Blaze<301><STEAM_1:1:868254><>" respawned "OAT....<270><STEAM_1:0:74767768><>"
L 08/02/2016 - 03:47:33: [respawn.smx] "Blaze<301><STEAM_1:1:868254><>" respawned "Cartwright<304><STEAM_1:1:22495170><>"
L 08/02/2016 - 03:49:30: [respawn.smx] "Blaze<301><STEAM_1:1:868254><>" respawned "Cartwright<304><STEAM_1:1:22495170><>"
L 08/02/2016 - 03:55:06: [respawn.smx] "Blaze<301><STEAM_1:1:868254><>" respawned "Blaze<301><STEAM_1:1:868254><>"
L 08/02/2016 - 03:58:46: -------- Mapchange to buhriz_coop --------
L 08/02/2016 - 04:19:23: -------- Mapchange to haditha_dam_coop_finale --------
L 08/02/2016 - 05:13:15: -------- Mapchange to tell_coop --------
L 08/02/2016 - 05:42:09: -------- Mapchange to buhriz_coop --------
L 08/02/2016 - 07:06:13: -------- Mapchange to bunker_busting_coopv1_5 --------
L 08/02/2016 - 08:08:35: -------- Mapchange to caves_coop --------
L 08/02/2016 - 08:58:56: -------- Mapchange to caves_coop --------
L 08/02/2016 - 09:22:08: -------- Mapchange to healthcenter_coop --------
L 08/02/2016 - 10:14:43: -------- Mapchange to drycanal_coop --------
L 08/02/2016 - 10:41:46: -------- Mapchange to chateau_tunnels_v1 --------
L 08/02/2016 - 11:10:51: -------- Mapchange to karkand_redux_p2_v1 --------
L 08/02/2016 - 11:18:20: [funcommands.smx] "[KOFL]Deb<621><STEAM_1:0:45401452><>" drugged "[KOFL]Pvt.Melendez<622><STEAM_1:0:61836369><>"
L 08/02/2016 - 11:18:54: [respawn.smx] "[KOFL]Deb<621><STEAM_1:0:45401452><>" respawned "[KOFL]Deb<621><STEAM_1:0:45401452><>"
L 08/02/2016 - 11:18:55: [respawn.smx] "[KOFL]Deb<621><STEAM_1:0:45401452><>" respawned "LuckyCharms<624><STEAM_1:1:4849033><>"
L 08/02/2016 - 11:24:01: [respawn.smx] "[KOFL]Deb<621><STEAM_1:0:45401452><>" respawned "[KOFL]Pvt.Melendez<622><STEAM_1:0:61836369><>"
L 08/02/2016 - 11:24:03: [respawn.smx] "[KOFL]Deb<621><STEAM_1:0:45401452><>" respawned "[KOFL/UB] Zaggy1024<623><STEAM_1:1:44371386><>"
L 08/02/2016 - 11:24:03: [respawn.smx] "[KOFL]Deb<621><STEAM_1:0:45401452><>" respawned "LuckyCharms<624><STEAM_1:1:4849033><>"
L 08/02/2016 - 11:24:04: [respawn.smx] "[KOFL]Deb<621><STEAM_1:0:45401452><>" respawned "[KOFL]Deb<621><STEAM_1:0:45401452><>"
L 08/02/2016 - 11:24:06: [respawn.smx] "[KOFL]Deb<621><STEAM_1:0:45401452><>" respawned "Action Jackson<487><STEAM_1:0:29223727><>"
L 08/02/2016 - 11:25:52: [respawn.smx] "[KOFL]Deb<621><STEAM_1:0:45401452><>" respawned "[KOFL]Deb<621><STEAM_1:0:45401452><>"
L 08/02/2016 - 11:25:53: [respawn.smx] "[KOFL]Deb<621><STEAM_1:0:45401452><>" respawned "[KOFL/UB] Zaggy1024<623><STEAM_1:1:44371386><>"
L 08/02/2016 - 11:25:54: [respawn.smx] "[KOFL]Deb<621><STEAM_1:0:45401452><>" respawned "Action Jackson<487><STEAM_1:0:29223727><>"
L 08/02/2016 - 11:26:03: [respawn.smx] "[KOFL]Deb<621><STEAM_1:0:45401452><>" respawned "jibrael2<635><STEAM_1:0:81539246><>"
L 08/02/2016 - 11:26:06: [respawn.smx] "[KOFL]Deb<621><STEAM_1:0:45401452><>" respawned "LuckyCharms<624><STEAM_1:1:4849033><>"
L 08/02/2016 - 11:26:11: [respawn.smx] "[KOFL]Deb<621><STEAM_1:0:45401452><>" respawned "albertoelizaldediaz<524><STEAM_1:1:153594541><>"
L 08/02/2016 - 11:27:09: [basecommands.smx] "[KOFL]Deb<621><STEAM_1:0:45401452><>" changed map to "bridge_coop_optimized_v1 checkpoint"
L 08/02/2016 - 11:27:12: [SM] Changed map to "bridge_coop_optimized_v1 checkpoint"
L 08/02/2016 - 11:27:14: -------- Mapchange to bridge_coop_optimized_v1 --------
L 08/02/2016 - 11:30:26: [respawn.smx] "[KOFL]Deb<621><STEAM_1:0:45401452><>" respawned "[KOFL]Deb<621><STEAM_1:0:45401452><>"
L 08/02/2016 - 11:37:36: [respawn.smx] "[KOFL]Deb<621><STEAM_1:0:45401452><>" respawned "[KOFL]Deb<621><STEAM_1:0:45401452><>"
L 08/02/2016 - 11:39:14: -------- Mapchange to block_partyv1_1_coop --------
L 08/02/2016 - 11:55:23: -------- Mapchange to game_day_coopv1_3 --------
L 08/02/2016 - 12:22:58: -------- Mapchange to baghdad_b5 --------
L 08/02/2016 - 12:51:48: -------- Mapchange to gizab_b1_coop --------
L 08/02/2016 - 13:53:06: -------- Mapchange to haditha_dam_coop_finale --------
L 08/02/2016 - 14:48:54: -------- Mapchange to healthcenter_coop --------
L 08/02/2016 - 15:44:06: -------- Mapchange to heights_coop --------
L 08/02/2016 - 16:28:41: Log file closed.
L 08/02/2016 - 16:28:53: SourceMod log file session started (file "L20160802.log") (Version "1.8.0.5919")
L 08/02/2016 - 16:28:53: -------- Mapchange to tell_coop --------
L 08/02/2016 - 16:28:53: [simple-chatprocessor.smx] [SCP] Recognized mod [Insurgency].
L 08/02/2016 - 16:28:53: [simple-chatprocessor.smx] [SCP] Loading translation file [scp.insurgency.phrases].
L 08/02/2016 - 16:28:53: [antitk.smx] [Anti-TK Manager] Data File: addons/sourcemod/data/AntiTK.txt
L 08/02/2016 - 16:28:53: [antitk.smx] [Anti-TK] Detected Mod Insurgency
L 08/02/2016 - 17:14:43: SourceMod log file session started (file "L20160802.log") (Version "1.8.0.5919")
L 08/02/2016 - 17:14:43: -------- Mapchange to tell_coop --------
L 08/02/2016 - 17:14:44: [simple-chatprocessor.smx] [SCP] Recognized mod [Insurgency].
L 08/02/2016 - 17:14:44: [simple-chatprocessor.smx] [SCP] Loading translation file [scp.insurgency.phrases].
L 08/02/2016 - 17:14:44: [antitk.smx] [Anti-TK Manager] Data File: addons/sourcemod/data/AntiTK.txt
L 08/02/2016 - 17:14:44: [antitk.smx] [Anti-TK] Detected Mod Insurgency
L 08/02/2016 - 17:17:28: [UPDATER] Successfully updated gamedata file "sm-cstrike.games/game.csgo.txt"
L 08/02/2016 - 17:17:28: [UPDATER] Successfully updated gamedata file "sdkhooks.games/engine.insurgency.txt"
L 08/02/2016 - 17:17:28: [UPDATER] Successfully updated gamedata file "sdktools.games/engine.insurgency.txt"
L 08/02/2016 - 17:17:28: [UPDATER] SourceMod has been updated, please reload it or restart your server.
L 08/02/2016 - 17:17:39: SourceMod log file session started (file "L20160802.log") (Version "1.8.0.5919")
L 08/02/2016 - 17:17:39: -------- Mapchange to tell_coop --------
L 08/02/2016 - 17:17:39: [simple-chatprocessor.smx] [SCP] Recognized mod [Insurgency].
L 08/02/2016 - 17:17:39: [simple-chatprocessor.smx] [SCP] Loading translation file [scp.insurgency.phrases].
L 08/02/2016 - 17:17:39: [antitk.smx] [Anti-TK Manager] Data File: addons/sourcemod/data/AntiTK.txt
L 08/02/2016 - 17:17:39: [antitk.smx] [Anti-TK] Detected Mod Insurgency
L 08/02/2016 - 17:32:35: [respawn.smx] "Blaze<38><STEAM_1:1:868254><>" respawned "Blaze<38><STEAM_1:1:868254><>"
L 08/02/2016 - 17:36:13: -------- Mapchange to ins_abdallah_new_night_coop --------
L 08/02/2016 - 17:53:29: [respawn.smx] "Blaze<38><STEAM_1:1:868254><>" respawned "aclint223<29><STEAM_1:0:45591369><>"
L 08/02/2016 - 17:53:29: [respawn.smx] "Blaze<38><STEAM_1:1:868254><>" respawned "Sweetwλter<102><STEAM_1:0:22294070><>"
L 08/02/2016 - 17:53:29: [respawn.smx] "Blaze<38><STEAM_1:1:868254><>" respawned "SpecOps Beta™<51><STEAM_1:0:137861938><>"
L 08/02/2016 - 17:57:36: [playercommands.smx] "Blaze<38><STEAM_1:1:868254><>" slapped "aclint223<29><STEAM_1:0:45591369><>" (damage "0")
L 08/02/2016 - 18:07:02: -------- Mapchange to prophet_coop --------
L 08/02/2016 - 18:23:19: [respawn.smx] "Blaze<38><STEAM_1:1:868254><>" respawned "Blaze<38><STEAM_1:1:868254><>"
L 08/02/2016 - 18:29:38: -------- Mapchange to panama_canal_a3 --------
L 08/02/2016 - 18:59:04: -------- Mapchange to cs_motel_coop_nd_v1_3 --------
L 08/02/2016 - 19:05:27: -------- Mapchange to ministry_coop --------
L 08/02/2016 - 19:15:21: -------- Mapchange to de_lake_coop_nd_v1_2 --------
L 08/02/2016 - 19:30:35: -------- Mapchange to healthcenter_coop --------
L 08/02/2016 - 19:40:09: -------- Mapchange to caves_coop --------
L 08/02/2016 - 19:53:23: -------- Mapchange to hurtlocker_coopv2hc --------
L 08/02/2016 - 20:05:47: -------- Mapchange to fortress_coop_beta5 --------
L 08/02/2016 - 20:25:33: -------- Mapchange to haditha_dam_coop_finale --------
L 08/02/2016 - 20:41:43: [playercommands.smx] "Badabing<434><STEAM_1:0:27934489><>" renamed "A Superior White Man<613><STEAM_1:0:84374267><>" to "nn prhepS iM a oehrS")
L 08/02/2016 - 20:48:42: -------- Mapchange to drycanal_coop --------
L 08/02/2016 - 20:51:12: [playercommands.smx] "Badabing<434><STEAM_1:0:27934489><>" renamed "A Superior White Man<613><STEAM_1:0:84374267><>" to "eAhtieee   rrpeiianh")
L 08/02/2016 - 21:00:56: -------- Mapchange to nightfall_coopv1_2 --------
L 08/02/2016 - 21:05:24: [playercommands.smx] "Badabing<434><STEAM_1:0:27934489><>" renamed "A Superior White Man<613><STEAM_1:0:84374267><>" to "W areui oAAaMhiaAnoe")
L 08/02/2016 - 21:10:05: -------- Mapchange to tell_coop --------
L 08/02/2016 - 21:11:38: [playercommands.smx] "Badabing<434><STEAM_1:0:27934489><>" renamed "A Superior White Man<613><STEAM_1:0:84374267><>" to "pWahrWWAer rMoShtMne")
L 08/02/2016 - 21:35:48: -------- Mapchange to healthcenter_coop --------
L 08/02/2016 - 21:46:32: -------- Mapchange to cs_officeb3_coop_v1_5 --------
L 08/02/2016 - 21:57:22: -------- Mapchange to market_coop --------
L 08/02/2016 - 22:13:52: -------- Mapchange to drycanal_coop --------
L 08/02/2016 - 22:30:17: -------- Mapchange to baghdad_b5 --------
L 08/02/2016 - 22:43:54: -------- Mapchange to heights_coop --------
L 08/02/2016 - 23:02:29: -------- Mapchange to the_burbs_coop --------
L 08/02/2016 - 23:18:38: -------- Mapchange to jail_break_coop_ws --------
L 08/02/2016 - 23:33:55: -------- Mapchange to buhriz_coop --------
L 08/02/2016 - 23:48:13: -------- Mapchange to estates_b4 --------
L 08/02/2016 - 23:59:53: -------- Mapchange to trenches6_coop_v1_2 --------
