L 08/18/2016 - 00:06:39: SourceMod log file session started (file "L20160818.log") (Version "1.8.0.5919")
L 08/18/2016 - 00:06:39: -------- Mapchange to panama_canal_a3 --------
L 08/18/2016 - 00:17:18: [respawn.smx] "Blaze<499><STEAM_1:1:868254><>" respawned "Blaze<499><STEAM_1:1:868254><>"
L 08/18/2016 - 00:17:18: [respawn.smx] "Blaze<499><STEAM_1:1:868254><>" respawned "Dink<540><STEAM_1:0:69149056><>"
L 08/18/2016 - 00:20:38: -------- Mapchange to block_partyv1_1_coop --------
L 08/18/2016 - 00:30:14: [respawn.smx] "Blaze<499><STEAM_1:1:868254><>" respawned "Ali<572><BOT><>"
L 08/18/2016 - 00:30:14: [respawn.smx] "Blaze<499><STEAM_1:1:868254><>" respawned "Sabir<574><BOT><>"
L 08/18/2016 - 00:30:14: [respawn.smx] "Blaze<499><STEAM_1:1:868254><>" respawned "Firas<576><BOT><>"
L 08/18/2016 - 00:30:14: [respawn.smx] "Blaze<499><STEAM_1:1:868254><>" respawned "Adib<553><BOT><>"
L 08/18/2016 - 00:30:14: [respawn.smx] "Blaze<499><STEAM_1:1:868254><>" respawned "Abbudin<558><BOT><>"
L 08/18/2016 - 00:30:14: [respawn.smx] "Blaze<499><STEAM_1:1:868254><>" respawned "Amro<559><BOT><>"
L 08/18/2016 - 00:30:14: [respawn.smx] "Blaze<499><STEAM_1:1:868254><>" respawned "Dirar<560><BOT><>"
L 08/18/2016 - 00:30:14: [respawn.smx] "Blaze<499><STEAM_1:1:868254><>" respawned "Thawab<561><BOT><>"
L 08/18/2016 - 00:30:14: [respawn.smx] "Blaze<499><STEAM_1:1:868254><>" respawned "Muhib<562><BOT><>"
L 08/18/2016 - 00:30:14: [respawn.smx] "Blaze<499><STEAM_1:1:868254><>" respawned "Wail<563><BOT><>"
L 08/18/2016 - 00:30:14: [respawn.smx] "Blaze<499><STEAM_1:1:868254><>" respawned "Hamzah<564><BOT><>"
L 08/18/2016 - 00:30:14: [respawn.smx] "Blaze<499><STEAM_1:1:868254><>" respawned "Marid<565><BOT><>"
L 08/18/2016 - 00:30:14: [respawn.smx] "Blaze<499><STEAM_1:1:868254><>" respawned "Sadiq<566><BOT><>"
L 08/18/2016 - 00:30:14: [respawn.smx] "Blaze<499><STEAM_1:1:868254><>" respawned "Irfan<567><BOT><>"
L 08/18/2016 - 00:30:14: [respawn.smx] "Blaze<499><STEAM_1:1:868254><>" respawned "Kamil<568><BOT><>"
L 08/18/2016 - 00:30:14: [respawn.smx] "Blaze<499><STEAM_1:1:868254><>" respawned "Darwish<569><BOT><>"
L 08/18/2016 - 00:30:14: [respawn.smx] "Blaze<499><STEAM_1:1:868254><>" respawned "Mahdi<570><BOT><>"
L 08/18/2016 - 00:30:33: [respawn.smx] "Blaze<499><STEAM_1:1:868254><>" respawned "Mafia1950<573><STEAM_1:1:59542801><>"
L 08/18/2016 - 00:30:33: [respawn.smx] "Blaze<499><STEAM_1:1:868254><>" respawned "Schools are Brainwash Camps<575><STEAM_1:1:179582019><>"
L 08/18/2016 - 00:30:33: [respawn.smx] "Blaze<499><STEAM_1:1:868254><>" respawned "Blaze<499><STEAM_1:1:868254><>"
L 08/18/2016 - 00:30:33: [respawn.smx] "Blaze<499><STEAM_1:1:868254><>" respawned "Hyper→Highspeed→Genius<555><STEAM_1:0:57684118><>"
L 08/18/2016 - 00:30:33: [respawn.smx] "Blaze<499><STEAM_1:1:868254><>" respawned "wtfisleep4<430><STEAM_1:1:2301427><>"
L 08/18/2016 - 00:30:33: [respawn.smx] "Blaze<499><STEAM_1:1:868254><>" respawned "Mark<514><STEAM_1:0:146568384><>"
L 08/18/2016 - 00:30:33: [respawn.smx] "Blaze<499><STEAM_1:1:868254><>" respawned "A Superior White Man<342><STEAM_1:0:84374267><>"
L 08/18/2016 - 00:40:39: -------- Mapchange to cs_motel_coop_nd_v1_3 --------
L 08/18/2016 - 00:55:21: -------- Mapchange to central_coop_final --------
L 08/18/2016 - 01:27:18: -------- Mapchange to ministry_coop --------
L 08/18/2016 - 01:38:26: -------- Mapchange to caves_coop --------
L 08/18/2016 - 01:50:12: -------- Mapchange to launch_control_coopv1_9 --------
L 08/18/2016 - 02:10:57: -------- Mapchange to cs_officeb3_coop_v1_5 --------
L 08/18/2016 - 02:20:18: -------- Mapchange to caves_coop --------
L 08/18/2016 - 02:27:43: -------- Mapchange to jail_break_coop_ws --------
L 08/18/2016 - 02:41:07: -------- Mapchange to almaden_coop_v1_1 --------
L 08/18/2016 - 02:53:52: -------- Mapchange to drycanal_coop --------
L 08/18/2016 - 03:40:45: -------- Mapchange to almaden_coop_v1_1 --------
L 08/18/2016 - 03:47:46: -------- Mapchange to hijacked_redux_v1_1 --------
L 08/18/2016 - 04:59:26: -------- Mapchange to hurtlocker_coopv2hc --------
L 08/18/2016 - 05:54:20: -------- Mapchange to inferno_checkpoint_b2 --------
L 08/18/2016 - 06:49:06: -------- Mapchange to ins_abdallah_new_night_coop --------
L 08/18/2016 - 07:02:31: -------- Mapchange to haditha_dam_coop_finale --------
L 08/18/2016 - 08:12:02: -------- Mapchange to healthcenter_coop --------
L 08/18/2016 - 08:31:22: -------- Mapchange to caves_coop --------
L 08/18/2016 - 09:01:08: -------- Mapchange to fortress_coop_beta5 --------
L 08/18/2016 - 09:36:30: -------- Mapchange to buhriz_coop --------
L 08/18/2016 - 09:52:19: -------- Mapchange to ministry_coop --------
L 08/18/2016 - 10:03:58: -------- Mapchange to baghdad_b5 --------
L 08/18/2016 - 10:16:05: -------- Mapchange to trenches6_coop_v1_2 --------
L 08/18/2016 - 10:30:40: -------- Mapchange to trenches6_coop_v1_2 --------
L 08/18/2016 - 10:39:21: -------- Mapchange to cs_militia_coop_v1_1 --------
L 08/18/2016 - 10:48:21: -------- Mapchange to hijacked_redux_v1_1 --------
L 08/18/2016 - 11:08:14: -------- Mapchange to cs_motel_coop_nd_v1_3 --------
L 08/18/2016 - 11:17:34: -------- Mapchange to inferno_checkpoint_b2 --------
L 08/18/2016 - 11:27:00: -------- Mapchange to healthcenter_coop --------
L 08/18/2016 - 11:38:06: -------- Mapchange to healthcenter_coop --------
L 08/18/2016 - 11:54:04: -------- Mapchange to estates_b4 --------
L 08/18/2016 - 12:08:51: -------- Mapchange to prophet_coop --------
L 08/18/2016 - 12:50:19: -------- Mapchange to drycanal_coop --------
L 08/18/2016 - 13:11:13: -------- Mapchange to cs_militia_coop_v1_1 --------
L 08/18/2016 - 13:19:08: -------- Mapchange to embassy_coop --------
L 08/18/2016 - 13:28:54: -------- Mapchange to the_burbs_coop --------
L 08/18/2016 - 13:40:38: -------- Mapchange to launch_control_coopv1_9 --------
L 08/18/2016 - 13:56:30: -------- Mapchange to dust2_checkpoint_b7 --------
L 08/18/2016 - 14:03:43: -------- Mapchange to pow_raid --------
L 08/18/2016 - 14:15:54: -------- Mapchange to cs_officeb3_coop_v1_5 --------
L 08/18/2016 - 14:31:09: -------- Mapchange to buhriz_coop --------
L 08/18/2016 - 14:42:56: -------- Mapchange to haditha_dam_coop_finale --------
L 08/18/2016 - 15:16:19: -------- Mapchange to hijacked_redux_v1_1 --------
L 08/18/2016 - 15:50:43: -------- Mapchange to district_coop --------
L 08/18/2016 - 16:02:04: -------- Mapchange to buhriz_coop --------
L 08/18/2016 - 16:13:16: -------- Mapchange to ministry_coop --------
L 08/18/2016 - 16:21:53: -------- Mapchange to revolt_coop --------
L 08/18/2016 - 16:35:08: -------- Mapchange to siege_coop --------
L 08/18/2016 - 16:49:51: -------- Mapchange to hijacked_redux_v1_1 --------
L 08/18/2016 - 17:26:48: -------- Mapchange to cs_militia_coop_v1_1 --------
L 08/18/2016 - 17:36:40: -------- Mapchange to invasion_coop_beta3 --------
L 08/18/2016 - 17:48:10: -------- Mapchange to tunnel_rats_coopv1_4 --------
L 08/18/2016 - 18:06:40: -------- Mapchange to block_partyv1_1_coop --------
L 08/18/2016 - 18:45:55: -------- Mapchange to osama_b3_checkpoint --------
L 08/18/2016 - 19:09:30: -------- Mapchange to dust2_checkpoint_b7 --------
L 08/18/2016 - 19:16:56: -------- Mapchange to bridge_coop_optimized_v1 --------
L 08/18/2016 - 19:34:14: -------- Mapchange to embassy_coop --------
L 08/18/2016 - 19:48:13: -------- Mapchange to cs_motel_coop_nd_v1_3 --------
L 08/18/2016 - 19:57:23: -------- Mapchange to the_burbs_coop --------
L 08/18/2016 - 20:11:20: -------- Mapchange to cs_officeb3_coop_v1_5 --------
L 08/18/2016 - 20:20:51: -------- Mapchange to drycanal_coop --------
L 08/18/2016 - 20:37:04: -------- Mapchange to estates_b4 --------
L 08/18/2016 - 20:49:38: -------- Mapchange to drycanal_coop --------
L 08/18/2016 - 21:32:12: -------- Mapchange to launch_control_coopv1_9 --------
L 08/18/2016 - 21:55:23: -------- Mapchange to ministry_coop --------
L 08/18/2016 - 22:18:17: -------- Mapchange to haditha_dam_coop_finale --------
L 08/18/2016 - 22:51:18: -------- Mapchange to prophet_coop --------
L 08/18/2016 - 23:04:38: -------- Mapchange to launch_control_coopv1_9 --------
L 08/18/2016 - 23:25:55: -------- Mapchange to zagros_convoy_b5 --------
