L 08/10/2016 - 00:05:40: SourceMod log file session started (file "L20160810.log") (Version "1.8.0.5919")
L 08/10/2016 - 00:05:40: -------- Mapchange to market_coop --------
L 08/10/2016 - 00:19:28: -------- Mapchange to game_day_coopv1_3 --------
L 08/10/2016 - 01:35:17: [basecommands.smx] "Blaze<2376><STEAM_1:1:868254><>" changed map to "tell_coop checkpoint"
L 08/10/2016 - 01:35:20: [SM] Changed map to "tell_coop checkpoint"
L 08/10/2016 - 01:35:21: -------- Mapchange to tell_coop --------
L 08/10/2016 - 02:47:23: -------- Mapchange to buhriz_coop --------
L 08/10/2016 - 03:01:44: -------- Mapchange to ministry_coop --------
L 08/10/2016 - 03:10:52: -------- Mapchange to dust2_checkpoint_b7 --------
L 08/10/2016 - 03:30:29: -------- Mapchange to sinjar_coop --------
L 08/10/2016 - 03:44:14: -------- Mapchange to game_day_coopv1_3 --------
L 08/10/2016 - 04:03:02: -------- Mapchange to osama_b3_checkpoint --------
L 08/10/2016 - 04:23:32: -------- Mapchange to panama_canal_a3 --------
L 08/10/2016 - 04:50:21: -------- Mapchange to karkand_redux_p2_v1 --------
L 08/10/2016 - 05:02:15: -------- Mapchange to depot_coop --------
L 08/10/2016 - 05:27:17: -------- Mapchange to depot_coop --------
L 08/10/2016 - 05:56:04: -------- Mapchange to panama_canal_a3 --------
L 08/10/2016 - 06:27:01: -------- Mapchange to drycanal_coop --------
L 08/10/2016 - 06:45:51: -------- Mapchange to district_coop --------
L 08/10/2016 - 06:56:36: -------- Mapchange to pow_raid --------
L 08/10/2016 - 07:12:01: -------- Mapchange to cu_chi_tunnels --------
L 08/10/2016 - 07:54:26: -------- Mapchange to haditha_dam_coop_finale --------
L 08/10/2016 - 08:26:07: -------- Mapchange to tell_coop --------
L 08/10/2016 - 08:47:03: -------- Mapchange to buhriz_coop --------
L 08/10/2016 - 09:06:39: -------- Mapchange to cu_chi_tunnels --------
L 08/10/2016 - 09:40:05: -------- Mapchange to invasion_coop_beta3 --------
L 08/10/2016 - 10:03:02: -------- Mapchange to takbar_b5 --------
L 08/10/2016 - 11:06:54: -------- Mapchange to tell_coop --------
L 08/10/2016 - 12:22:49: -------- Mapchange to embassy_coop --------
L 08/10/2016 - 12:34:53: -------- Mapchange to takbar_b5 --------
L 08/10/2016 - 13:00:27: -------- Mapchange to panama_canal_a3 --------
L 08/10/2016 - 13:20:44: -------- Mapchange to dust2_checkpoint_b7 --------
L 08/10/2016 - 13:28:41: -------- Mapchange to game_day_coopv1_3 --------
L 08/10/2016 - 13:46:00: -------- Mapchange to ministry_coop --------
L 08/10/2016 - 13:56:13: -------- Mapchange to de_lake_coop_nd_v1_2 --------
L 08/10/2016 - 14:11:18: -------- Mapchange to gizab_b1_coop --------
L 08/10/2016 - 14:40:49: -------- Mapchange to gizab_b1_coop --------
L 08/10/2016 - 14:55:47: -------- Mapchange to healthcenter_coop --------
L 08/10/2016 - 15:09:37: -------- Mapchange to cs_officeb3_coop_v1_5 --------
L 08/10/2016 - 15:20:44: -------- Mapchange to jail_break_coop_ws --------
L 08/10/2016 - 15:45:35: -------- Mapchange to verticality_coop --------
L 08/10/2016 - 15:57:51: -------- Mapchange to tell_coop --------
L 08/10/2016 - 16:26:52: -------- Mapchange to drycanal_coop --------
L 08/10/2016 - 16:54:35: -------- Mapchange to winter_rescue_v1 --------
L 08/10/2016 - 17:08:56: -------- Mapchange to ministry_coop --------
L 08/10/2016 - 17:20:03: -------- Mapchange to heights_coop --------
L 08/10/2016 - 17:32:28: -------- Mapchange to badlands_night_b1 --------
L 08/10/2016 - 17:54:11: -------- Mapchange to estates_b4 --------
L 08/10/2016 - 18:05:15: -------- Mapchange to panama_canal_a3 --------
L 08/10/2016 - 18:27:47: -------- Mapchange to hurtlocker_coopv2hc --------
L 08/10/2016 - 18:46:25: -------- Mapchange to de_lake_coop_nd_v1_2 --------
L 08/10/2016 - 18:59:29: -------- Mapchange to buhriz_coop --------
L 08/10/2016 - 19:11:09: -------- Mapchange to panama_canal_a3 --------
L 08/10/2016 - 19:27:49: -------- Mapchange to haditha_dam_coop_finale --------
L 08/10/2016 - 19:50:56: -------- Mapchange to launch_control_coopv1_9 --------
L 08/10/2016 - 20:05:27: -------- Mapchange to drycanal_coop --------
L 08/10/2016 - 20:18:44: -------- Mapchange to sinjar_coop --------
L 08/10/2016 - 20:27:20: -------- Mapchange to depot_coop --------
L 08/10/2016 - 20:42:46: -------- Mapchange to gizab_b1_coop --------
L 08/10/2016 - 20:56:37: -------- Mapchange to market_coop --------
L 08/10/2016 - 21:15:05: -------- Mapchange to bridge_coop_optimized_v1 --------
L 08/10/2016 - 21:35:32: -------- Mapchange to invasion_coop_beta3 --------
L 08/10/2016 - 21:55:20: -------- Mapchange to dusty_nights_coopv1_1 --------
L 08/10/2016 - 22:06:08: -------- Mapchange to caves_coop --------
L 08/10/2016 - 22:22:38: -------- Mapchange to fortress_coop_beta5 --------
L 08/10/2016 - 22:41:48: -------- Mapchange to jail_break_coop_ws --------
L 08/10/2016 - 22:59:44: -------- Mapchange to bridge_coop_optimized_v1 --------
L 08/10/2016 - 23:15:54: -------- Mapchange to haditha_dam_coop_finale --------
L 08/10/2016 - 23:41:30: -------- Mapchange to tunnel_rats_coopv1_4 --------
