L 08/06/2016 - 00:02:36: SourceMod log file session started (file "L20160806.log") (Version "1.8.0.5919")
L 08/06/2016 - 00:02:36: -------- Mapchange to jail_break_coop_ws --------
L 08/06/2016 - 00:19:41: -------- Mapchange to dust2_checkpoint_b7 --------
L 08/06/2016 - 00:29:05: -------- Mapchange to bunker_busting_coopv1_5 --------
L 08/06/2016 - 00:42:12: -------- Mapchange to jail_break_coop_ws --------
L 08/06/2016 - 01:00:36: -------- Mapchange to gizab_b1_coop --------
L 08/06/2016 - 01:06:19: [respawn.smx] "Blaze<906><STEAM_1:1:868254><>" respawned "Blaze<906><STEAM_1:1:868254><>"
L 08/06/2016 - 01:14:12: -------- Mapchange to osama_b3_checkpoint --------
L 08/06/2016 - 01:22:48: [respawn.smx] "Blaze<906><STEAM_1:1:868254><>" respawned "Blaze<906><STEAM_1:1:868254><>"
L 08/06/2016 - 01:22:48: [respawn.smx] "Blaze<906><STEAM_1:1:868254><>" respawned "Lubnut<924><STEAM_1:1:37729922><>"
L 08/06/2016 - 01:26:03: -------- Mapchange to fortress_coop_beta5 --------
L 08/06/2016 - 01:37:30: [respawn.smx] "Blaze<906><STEAM_1:1:868254><>" respawned "Szechuan Beef Curtains<904><STEAM_1:0:1282195><>"
L 08/06/2016 - 01:37:30: [respawn.smx] "Blaze<906><STEAM_1:1:868254><>" respawned "Blaze<906><STEAM_1:1:868254><>"
L 08/06/2016 - 01:37:30: [respawn.smx] "Blaze<906><STEAM_1:1:868254><>" respawned "[LWU] JohnBERRY<975><STEAM_1:1:61144698><>"
L 08/06/2016 - 01:52:09: -------- Mapchange to almaden_coop_v1_1 --------
L 08/06/2016 - 02:03:39: -------- Mapchange to bb_gauntlet_b4 --------
L 08/06/2016 - 02:30:52: -------- Mapchange to ins_abdallah_new_night_coop --------
L 08/06/2016 - 03:43:06: -------- Mapchange to haditha_dam_coop_finale --------
L 08/06/2016 - 04:14:30: -------- Mapchange to badlands_coop_b1 --------
L 08/06/2016 - 04:43:46: -------- Mapchange to invasion_coop_beta3 --------
L 08/06/2016 - 04:59:23: -------- Mapchange to gizab_b1_coop --------
L 08/06/2016 - 05:17:54: -------- Mapchange to trenches6_coop_v1_2 --------
L 08/06/2016 - 05:32:38: -------- Mapchange to shellshock_2 --------
L 08/06/2016 - 06:09:48: -------- Mapchange to trenches6_coop_v1_2 --------
L 08/06/2016 - 07:02:09: -------- Mapchange to cs_motel_coop_nd_v1_3 --------
L 08/06/2016 - 08:58:29: -------- Mapchange to cs_officeb3_coop_v1_5 --------
L 08/06/2016 - 09:20:57: -------- Mapchange to ministry_coop --------
L 08/06/2016 - 09:30:36: -------- Mapchange to haditha_dam_coop_finale --------
L 08/06/2016 - 09:36:16: [respawn.smx] "Blaze<1221><STEAM_1:1:868254><>" respawned "Cartwright<1217><STEAM_1:1:22495170><>"
L 08/06/2016 - 09:46:10: [respawn.smx] "Blaze<1221><STEAM_1:1:868254><>" respawned "Imad<1245><BOT><>"
L 08/06/2016 - 09:46:10: [respawn.smx] "Blaze<1221><STEAM_1:1:868254><>" respawned "Ziad<1236><BOT><>"
L 08/06/2016 - 09:46:10: [respawn.smx] "Blaze<1221><STEAM_1:1:868254><>" respawned "Kadar<1237><BOT><>"
L 08/06/2016 - 09:46:10: [respawn.smx] "Blaze<1221><STEAM_1:1:868254><>" respawned "Zarif<1240><BOT><>"
L 08/06/2016 - 09:46:10: [respawn.smx] "Blaze<1221><STEAM_1:1:868254><>" respawned "Ghaith<1242><BOT><>"
L 08/06/2016 - 09:47:14: [respawn.smx] "Blaze<1221><STEAM_1:1:868254><>" respawned "Cartwright<1217><STEAM_1:1:22495170><>"
L 08/06/2016 - 09:52:49: [respawn.smx] "Blaze<1221><STEAM_1:1:868254><>" respawned "Cartwright<1217><STEAM_1:1:22495170><>"
L 08/06/2016 - 10:06:30: -------- Mapchange to crossbowv1_1 --------
L 08/06/2016 - 10:18:01: -------- Mapchange to healthcenter_coop --------
L 08/06/2016 - 10:34:58: -------- Mapchange to haditha_dam_coop_finale --------
L 08/06/2016 - 11:31:02: -------- Mapchange to jail_break_coop_ws --------
L 08/06/2016 - 11:48:10: -------- Mapchange to heights_coop --------
L 08/06/2016 - 12:03:33: -------- Mapchange to invasion_coop_beta3 --------
L 08/06/2016 - 12:13:35: -------- Mapchange to tet --------
L 08/06/2016 - 12:25:41: -------- Mapchange to zagros_convoy_b5 --------
L 08/06/2016 - 12:40:13: -------- Mapchange to baghdad_b5 --------
L 08/06/2016 - 12:49:12: -------- Mapchange to cs_officeb3_coop_v1_5 --------
L 08/06/2016 - 12:59:28: -------- Mapchange to game_day_coopv1_3 --------
L 08/06/2016 - 13:14:40: -------- Mapchange to estates_b4 --------
L 08/06/2016 - 13:24:35: -------- Mapchange to jail_break_coop_ws --------
L 08/06/2016 - 13:41:10: -------- Mapchange to depot_coop --------
L 08/06/2016 - 13:52:21: -------- Mapchange to district_coop --------
L 08/06/2016 - 14:08:01: -------- Mapchange to baghdad_b5 --------
L 08/06/2016 - 14:15:15: -------- Mapchange to drycanal_coop --------
L 08/06/2016 - 14:29:51: -------- Mapchange to tell_coop --------
L 08/06/2016 - 14:45:20: -------- Mapchange to estates_b4 --------
L 08/06/2016 - 15:16:47: -------- Mapchange to drycanal_coop --------
L 08/06/2016 - 15:31:57: -------- Mapchange to crossbowv1_1 --------
L 08/06/2016 - 15:42:05: -------- Mapchange to cs_officeb3_coop_v1_5 --------
L 08/06/2016 - 15:52:21: -------- Mapchange to karkand_redux_p2_v1 --------
L 08/06/2016 - 16:00:20: [respawn.smx] "Blaze<2062><STEAM_1:1:868254><>" respawned "Blaze<2062><STEAM_1:1:868254><>"
L 08/06/2016 - 16:01:01: [respawn.smx] "Blaze<2062><STEAM_1:1:868254><>" respawned "WinsontPlayer1<1862><STEAM_1:0:98112410><>"
L 08/06/2016 - 16:01:01: [respawn.smx] "Blaze<2062><STEAM_1:1:868254><>" respawned "Thunderb753<1732><STEAM_1:1:44423517><>"
L 08/06/2016 - 16:01:01: [respawn.smx] "Blaze<2062><STEAM_1:1:868254><>" respawned "Blaze<2062><STEAM_1:1:868254><>"
L 08/06/2016 - 16:02:16: [respawn.smx] "Blaze<2062><STEAM_1:1:868254><>" respawned "Goose<2020><STEAM_1:1:12091941><>"
L 08/06/2016 - 16:02:16: [respawn.smx] "Blaze<2062><STEAM_1:1:868254><>" respawned "sureda248<1937><STEAM_1:1:51141767><>"
L 08/06/2016 - 16:02:16: [respawn.smx] "Blaze<2062><STEAM_1:1:868254><>" respawned "FunkWithME<1874><STEAM_1:1:91603858><>"
L 08/06/2016 - 16:02:16: [respawn.smx] "Blaze<2062><STEAM_1:1:868254><>" respawned "The Squirrel King<1975><STEAM_1:0:53999494><>"
L 08/06/2016 - 16:02:16: [respawn.smx] "Blaze<2062><STEAM_1:1:868254><>" respawned "Blaze<2062><STEAM_1:1:868254><>"
L 08/06/2016 - 16:05:46: [respawn.smx] "Blaze<2062><STEAM_1:1:868254><>" respawned "Wildcard Willard<2067><STEAM_1:0:19492561><>"
L 08/06/2016 - 16:05:46: [respawn.smx] "Blaze<2062><STEAM_1:1:868254><>" respawned "Shifty<2021><STEAM_1:0:22419009><>"
L 08/06/2016 - 16:05:46: [respawn.smx] "Blaze<2062><STEAM_1:1:868254><>" respawned "Thunderb753<1732><STEAM_1:1:44423517><>"
L 08/06/2016 - 16:05:46: [respawn.smx] "Blaze<2062><STEAM_1:1:868254><>" respawned "IS113<1860><STEAM_1:1:28561542><>"
L 08/06/2016 - 16:05:46: [respawn.smx] "Blaze<2062><STEAM_1:1:868254><>" respawned "Knives Anjel !SKANARCHY!<1469><STEAM_1:1:42393000><>"
L 08/06/2016 - 16:05:46: [respawn.smx] "Blaze<2062><STEAM_1:1:868254><>" respawned "FunkWithME<1874><STEAM_1:1:91603858><>"
L 08/06/2016 - 16:05:46: [respawn.smx] "Blaze<2062><STEAM_1:1:868254><>" respawned "Blaze<2062><STEAM_1:1:868254><>"
L 08/06/2016 - 16:08:36: [respawn.smx] "Blaze<2062><STEAM_1:1:868254><>" respawned "Wildcard Willard<2067><STEAM_1:0:19492561><>"
L 08/06/2016 - 16:08:36: [respawn.smx] "Blaze<2062><STEAM_1:1:868254><>" respawned "Shifty<2021><STEAM_1:0:22419009><>"
L 08/06/2016 - 16:08:36: [respawn.smx] "Blaze<2062><STEAM_1:1:868254><>" respawned "Doidle<1883><STEAM_1:0:38754057><>"
L 08/06/2016 - 16:08:36: [respawn.smx] "Blaze<2062><STEAM_1:1:868254><>" respawned "Blaze<2062><STEAM_1:1:868254><>"
L 08/06/2016 - 16:14:41: -------- Mapchange to trenches6_coop_v1_2 --------
L 08/06/2016 - 16:22:52: -------- Mapchange to bb_gauntlet_b4 --------
L 08/06/2016 - 16:33:32: [playercommands.smx] "Blaze<2062><STEAM_1:1:868254><>" slapped "Blaze<2062><STEAM_1:1:868254><>" (damage "0")
L 08/06/2016 - 16:33:59: [respawn.smx] "Blaze<2062><STEAM_1:1:868254><>" respawned "Shifty<2158><STEAM_1:0:22419009><>"
L 08/06/2016 - 16:33:59: [respawn.smx] "Blaze<2062><STEAM_1:1:868254><>" respawned "sureda248<1937><STEAM_1:1:51141767><>"
L 08/06/2016 - 16:33:59: [respawn.smx] "Blaze<2062><STEAM_1:1:868254><>" respawned "MeatPopsicle<2154><STEAM_1:0:30607620><>"
L 08/06/2016 - 16:33:59: [respawn.smx] "Blaze<2062><STEAM_1:1:868254><>" respawned "jaysweeney88<2114><STEAM_1:0:72703575><>"
L 08/06/2016 - 16:33:59: [respawn.smx] "Blaze<2062><STEAM_1:1:868254><>" respawned "FunkWithME<1874><STEAM_1:1:91603858><>"
L 08/06/2016 - 16:33:59: [respawn.smx] "Blaze<2062><STEAM_1:1:868254><>" respawned "The Squirrel King<1975><STEAM_1:0:53999494><>"
L 08/06/2016 - 16:33:59: [respawn.smx] "Blaze<2062><STEAM_1:1:868254><>" respawned "Degorth<1882><STEAM_1:1:18890314><>"
L 08/06/2016 - 16:33:59: [respawn.smx] "Blaze<2062><STEAM_1:1:868254><>" respawned "Doidle<1883><STEAM_1:0:38754057><>"
L 08/06/2016 - 16:33:59: [respawn.smx] "Blaze<2062><STEAM_1:1:868254><>" respawned "Blaze<2062><STEAM_1:1:868254><>"
L 08/06/2016 - 16:35:37: -------- Mapchange to bridge_coop_optimized_v1 --------
L 08/06/2016 - 16:51:48: -------- Mapchange to market_coop --------
L 08/06/2016 - 17:05:58: -------- Mapchange to badlands_coop_b1 --------
L 08/06/2016 - 17:19:19: -------- Mapchange to central_coop_final --------
L 08/06/2016 - 18:16:34: -------- Mapchange to hurtlocker_coopv2hc --------
L 08/06/2016 - 18:33:47: -------- Mapchange to cs_militia_coop_v1_1 --------
L 08/06/2016 - 18:41:58: -------- Mapchange to takbar_b5 --------
L 08/06/2016 - 18:59:19: -------- Mapchange to ins_abdallah_new_night_coop --------
L 08/06/2016 - 19:25:45: -------- Mapchange to siege_coop --------
L 08/06/2016 - 19:32:54: [respawn.smx] "Blaze<2608><STEAM_1:1:868254><>" respawned "Blaze<2608><STEAM_1:1:868254><>"
L 08/06/2016 - 19:40:44: -------- Mapchange to winter_rescue_v1 --------
L 08/06/2016 - 19:55:39: -------- Mapchange to haditha_dam_coop_finale --------
L 08/06/2016 - 20:19:02: -------- Mapchange to drycanal_coop --------
L 08/06/2016 - 20:51:29: -------- Mapchange to shrine_coop_v1 --------
L 08/06/2016 - 21:03:35: -------- Mapchange to hurtlocker_coopv2hc --------
L 08/06/2016 - 21:23:45: -------- Mapchange to launch_control_coopv1_9 --------
L 08/06/2016 - 21:39:40: -------- Mapchange to tell_coop --------
L 08/06/2016 - 21:56:54: -------- Mapchange to verticality_coop --------
L 08/06/2016 - 22:15:42: -------- Mapchange to drycanal_coop --------
L 08/06/2016 - 22:34:15: -------- Mapchange to siege_coop --------
L 08/06/2016 - 22:52:09: -------- Mapchange to sinjar_coop --------
L 08/06/2016 - 23:06:02: -------- Mapchange to block_partyv1_1_coop --------
L 08/06/2016 - 23:23:46: -------- Mapchange to ministry_coop --------
L 08/06/2016 - 23:34:47: -------- Mapchange to bunker_busting_coopv1_5 --------
L 08/06/2016 - 23:47:42: -------- Mapchange to sinjar_coop --------
L 08/06/2016 - 23:59:08: -------- Mapchange to market_coop --------
