L 08/22/2016 - 00:01:47: SourceMod log file session started (file "L20160822.log") (Version "1.8.0.5919")
L 08/22/2016 - 00:01:47: [respawn.smx] "Blaze<209><STEAM_1:1:868254><>" respawned "Blaze<209><STEAM_1:1:868254><>"
L 08/22/2016 - 00:01:47: [respawn.smx] "Blaze<209><STEAM_1:1:868254><>" respawned "USMC Force Recon<203><STEAM_1:1:21802614><>"
L 08/22/2016 - 00:01:47: [respawn.smx] "Blaze<209><STEAM_1:1:868254><>" respawned "(ง•.•)ง Bobby<144><STEAM_1:1:41587112><>"
L 08/22/2016 - 00:01:47: [respawn.smx] "Blaze<209><STEAM_1:1:868254><>" respawned "[A.C.E.] HempKnight2112<207><STEAM_1:1:160937830><>"
L 08/22/2016 - 00:12:07: -------- Mapchange to haditha_dam_coop_finale --------
L 08/22/2016 - 00:16:17: [respawn.smx] "Blaze<209><STEAM_1:1:868254><>" respawned "Blaze<209><STEAM_1:1:868254><>"
L 08/22/2016 - 00:16:17: [respawn.smx] "Blaze<209><STEAM_1:1:868254><>" respawned "USMC Force Recon<203><STEAM_1:1:21802614><>"
L 08/22/2016 - 00:16:17: [respawn.smx] "Blaze<209><STEAM_1:1:868254><>" respawned "A Superior White Man<217><STEAM_1:0:84374267><>"
L 08/22/2016 - 00:16:17: [respawn.smx] "Blaze<209><STEAM_1:1:868254><>" respawned "Redcat345<225><STEAM_1:1:11924801><>"
L 08/22/2016 - 00:16:17: [respawn.smx] "Blaze<209><STEAM_1:1:868254><>" respawned "=AONO= RyoBullet<277><STEAM_1:0:29408821><>"
L 08/22/2016 - 00:21:18: [respawn.smx] "Blaze<209><STEAM_1:1:868254><>" respawned "Hamzah<300><BOT><>"
L 08/22/2016 - 00:21:18: [respawn.smx] "Blaze<209><STEAM_1:1:868254><>" respawned "Mishaal<281><BOT><>"
L 08/22/2016 - 00:21:18: [respawn.smx] "Blaze<209><STEAM_1:1:868254><>" respawned "Yazid<282><BOT><>"
L 08/22/2016 - 00:21:18: [respawn.smx] "Blaze<209><STEAM_1:1:868254><>" respawned "Taqiy<283><BOT><>"
L 08/22/2016 - 00:21:18: [respawn.smx] "Blaze<209><STEAM_1:1:868254><>" respawned "Ahmad<284><BOT><>"
L 08/22/2016 - 00:21:18: [respawn.smx] "Blaze<209><STEAM_1:1:868254><>" respawned "Jaul<285><BOT><>"
L 08/22/2016 - 00:21:18: [respawn.smx] "Blaze<209><STEAM_1:1:868254><>" respawned "Makin<286><BOT><>"
L 08/22/2016 - 00:21:18: [respawn.smx] "Blaze<209><STEAM_1:1:868254><>" respawned "Ghaith<287><BOT><>"
L 08/22/2016 - 00:21:18: [respawn.smx] "Blaze<209><STEAM_1:1:868254><>" respawned "Qatadah<288><BOT><>"
L 08/22/2016 - 00:21:18: [respawn.smx] "Blaze<209><STEAM_1:1:868254><>" respawned "Isam<289><BOT><>"
L 08/22/2016 - 00:21:18: [respawn.smx] "Blaze<209><STEAM_1:1:868254><>" respawned "Muhair<290><BOT><>"
L 08/22/2016 - 00:21:18: [respawn.smx] "Blaze<209><STEAM_1:1:868254><>" respawned "Mahdi<291><BOT><>"
L 08/22/2016 - 00:21:18: [respawn.smx] "Blaze<209><STEAM_1:1:868254><>" respawned "Naim<292><BOT><>"
L 08/22/2016 - 00:21:18: [respawn.smx] "Blaze<209><STEAM_1:1:868254><>" respawned "Qasim<293><BOT><>"
L 08/22/2016 - 00:21:18: [respawn.smx] "Blaze<209><STEAM_1:1:868254><>" respawned "Rasil<294><BOT><>"
L 08/22/2016 - 00:21:18: [respawn.smx] "Blaze<209><STEAM_1:1:868254><>" respawned "Muyassar<295><BOT><>"
L 08/22/2016 - 00:21:18: [respawn.smx] "Blaze<209><STEAM_1:1:868254><>" respawned "Ghassan<296><BOT><>"
L 08/22/2016 - 00:21:18: [respawn.smx] "Blaze<209><STEAM_1:1:868254><>" respawned "Najid<297><BOT><>"
L 08/22/2016 - 00:21:30: [respawn.smx] "Blaze<209><STEAM_1:1:868254><>" respawned "Ahmad<284><BOT><>"
L 08/22/2016 - 00:21:30: [respawn.smx] "Blaze<209><STEAM_1:1:868254><>" respawned "Makin<286><BOT><>"
L 08/22/2016 - 00:21:30: [respawn.smx] "Blaze<209><STEAM_1:1:868254><>" respawned "Isam<289><BOT><>"
L 08/22/2016 - 00:21:30: [respawn.smx] "Blaze<209><STEAM_1:1:868254><>" respawned "Qasim<293><BOT><>"
L 08/22/2016 - 00:21:30: [respawn.smx] "Blaze<209><STEAM_1:1:868254><>" respawned "Najid<297><BOT><>"
L 08/22/2016 - 00:21:52: [respawn.smx] "Blaze<209><STEAM_1:1:868254><>" respawned "Ahmad<284><BOT><>"
L 08/22/2016 - 00:21:52: [respawn.smx] "Blaze<209><STEAM_1:1:868254><>" respawned "Jaul<285><BOT><>"
L 08/22/2016 - 00:21:52: [respawn.smx] "Blaze<209><STEAM_1:1:868254><>" respawned "Makin<286><BOT><>"
L 08/22/2016 - 00:21:52: [respawn.smx] "Blaze<209><STEAM_1:1:868254><>" respawned "Ghaith<287><BOT><>"
L 08/22/2016 - 00:21:52: [respawn.smx] "Blaze<209><STEAM_1:1:868254><>" respawned "Naim<292><BOT><>"
L 08/22/2016 - 00:21:52: [respawn.smx] "Blaze<209><STEAM_1:1:868254><>" respawned "Qasim<293><BOT><>"
L 08/22/2016 - 00:21:52: [respawn.smx] "Blaze<209><STEAM_1:1:868254><>" respawned "Najid<297><BOT><>"
L 08/22/2016 - 00:22:16: [respawn.smx] "Blaze<209><STEAM_1:1:868254><>" respawned "Saif<301><BOT><>"
L 08/22/2016 - 00:22:16: [respawn.smx] "Blaze<209><STEAM_1:1:868254><>" respawned "Taysir<302><BOT><>"
L 08/22/2016 - 00:23:02: [respawn.smx] "Blaze<209><STEAM_1:1:868254><>" respawned "Saif<301><BOT><>"
L 08/22/2016 - 00:23:02: [respawn.smx] "Blaze<209><STEAM_1:1:868254><>" respawned "Hamzah<300><BOT><>"
L 08/22/2016 - 00:23:02: [respawn.smx] "Blaze<209><STEAM_1:1:868254><>" respawned "Taqiy<283><BOT><>"
L 08/22/2016 - 00:23:02: [respawn.smx] "Blaze<209><STEAM_1:1:868254><>" respawned "Makin<286><BOT><>"
L 08/22/2016 - 00:23:02: [respawn.smx] "Blaze<209><STEAM_1:1:868254><>" respawned "Ghaith<287><BOT><>"
L 08/22/2016 - 00:23:02: [respawn.smx] "Blaze<209><STEAM_1:1:868254><>" respawned "Qatadah<288><BOT><>"
L 08/22/2016 - 00:23:02: [respawn.smx] "Blaze<209><STEAM_1:1:868254><>" respawned "Muhair<290><BOT><>"
L 08/22/2016 - 00:23:02: [respawn.smx] "Blaze<209><STEAM_1:1:868254><>" respawned "Ghassan<296><BOT><>"
L 08/22/2016 - 00:23:27: [respawn.smx] "Blaze<209><STEAM_1:1:868254><>" respawned "Mahdi<291><BOT><>"
L 08/22/2016 - 00:23:27: [respawn.smx] "Blaze<209><STEAM_1:1:868254><>" respawned "Qasim<293><BOT><>"
L 08/22/2016 - 00:23:27: [respawn.smx] "Blaze<209><STEAM_1:1:868254><>" respawned "Ghassan<296><BOT><>"
L 08/22/2016 - 00:23:53: [respawn.smx] "Blaze<209><STEAM_1:1:868254><>" respawned "Saif<301><BOT><>"
L 08/22/2016 - 00:23:53: [respawn.smx] "Blaze<209><STEAM_1:1:868254><>" respawned "Taysir<302><BOT><>"
L 08/22/2016 - 00:23:53: [respawn.smx] "Blaze<209><STEAM_1:1:868254><>" respawned "Hamzah<300><BOT><>"
L 08/22/2016 - 00:23:53: [respawn.smx] "Blaze<209><STEAM_1:1:868254><>" respawned "Mishaal<281><BOT><>"
L 08/22/2016 - 00:23:53: [respawn.smx] "Blaze<209><STEAM_1:1:868254><>" respawned "Yazid<282><BOT><>"
L 08/22/2016 - 00:23:53: [respawn.smx] "Blaze<209><STEAM_1:1:868254><>" respawned "Ahmad<284><BOT><>"
L 08/22/2016 - 00:23:53: [respawn.smx] "Blaze<209><STEAM_1:1:868254><>" respawned "Makin<286><BOT><>"
L 08/22/2016 - 00:23:53: [respawn.smx] "Blaze<209><STEAM_1:1:868254><>" respawned "Isam<289><BOT><>"
L 08/22/2016 - 00:23:53: [respawn.smx] "Blaze<209><STEAM_1:1:868254><>" respawned "Mahdi<291><BOT><>"
L 08/22/2016 - 00:23:53: [respawn.smx] "Blaze<209><STEAM_1:1:868254><>" respawned "Qasim<293><BOT><>"
L 08/22/2016 - 00:23:53: [respawn.smx] "Blaze<209><STEAM_1:1:868254><>" respawned "Muyassar<295><BOT><>"
L 08/22/2016 - 00:23:53: [respawn.smx] "Blaze<209><STEAM_1:1:868254><>" respawned "Najid<297><BOT><>"
L 08/22/2016 - 00:24:34: [respawn.smx] "Blaze<209><STEAM_1:1:868254><>" respawned "Saif<301><BOT><>"
L 08/22/2016 - 00:24:34: [respawn.smx] "Blaze<209><STEAM_1:1:868254><>" respawned "Taysir<302><BOT><>"
L 08/22/2016 - 00:24:34: [respawn.smx] "Blaze<209><STEAM_1:1:868254><>" respawned "Hamzah<300><BOT><>"
L 08/22/2016 - 00:24:34: [respawn.smx] "Blaze<209><STEAM_1:1:868254><>" respawned "Mishaal<281><BOT><>"
L 08/22/2016 - 00:24:34: [respawn.smx] "Blaze<209><STEAM_1:1:868254><>" respawned "Taqiy<283><BOT><>"
L 08/22/2016 - 00:24:34: [respawn.smx] "Blaze<209><STEAM_1:1:868254><>" respawned "Ahmad<284><BOT><>"
L 08/22/2016 - 00:24:34: [respawn.smx] "Blaze<209><STEAM_1:1:868254><>" respawned "Jaul<285><BOT><>"
L 08/22/2016 - 00:24:34: [respawn.smx] "Blaze<209><STEAM_1:1:868254><>" respawned "Makin<286><BOT><>"
L 08/22/2016 - 00:24:34: [respawn.smx] "Blaze<209><STEAM_1:1:868254><>" respawned "Ghaith<287><BOT><>"
L 08/22/2016 - 00:24:34: [respawn.smx] "Blaze<209><STEAM_1:1:868254><>" respawned "Qatadah<288><BOT><>"
L 08/22/2016 - 00:24:34: [respawn.smx] "Blaze<209><STEAM_1:1:868254><>" respawned "Isam<289><BOT><>"
L 08/22/2016 - 00:24:34: [respawn.smx] "Blaze<209><STEAM_1:1:868254><>" respawned "Mahdi<291><BOT><>"
L 08/22/2016 - 00:24:34: [respawn.smx] "Blaze<209><STEAM_1:1:868254><>" respawned "Qasim<293><BOT><>"
L 08/22/2016 - 00:24:34: [respawn.smx] "Blaze<209><STEAM_1:1:868254><>" respawned "Muyassar<295><BOT><>"
L 08/22/2016 - 00:24:34: [respawn.smx] "Blaze<209><STEAM_1:1:868254><>" respawned "Ghassan<296><BOT><>"
L 08/22/2016 - 00:24:34: [respawn.smx] "Blaze<209><STEAM_1:1:868254><>" respawned "Najid<297><BOT><>"
L 08/22/2016 - 00:25:14: [respawn.smx] "Blaze<209><STEAM_1:1:868254><>" respawned "Saif<301><BOT><>"
L 08/22/2016 - 00:25:14: [respawn.smx] "Blaze<209><STEAM_1:1:868254><>" respawned "Taysir<302><BOT><>"
L 08/22/2016 - 00:25:14: [respawn.smx] "Blaze<209><STEAM_1:1:868254><>" respawned "Hamzah<300><BOT><>"
L 08/22/2016 - 00:25:14: [respawn.smx] "Blaze<209><STEAM_1:1:868254><>" respawned "Mishaal<281><BOT><>"
L 08/22/2016 - 00:25:14: [respawn.smx] "Blaze<209><STEAM_1:1:868254><>" respawned "Yazid<282><BOT><>"
L 08/22/2016 - 00:25:14: [respawn.smx] "Blaze<209><STEAM_1:1:868254><>" respawned "Taqiy<283><BOT><>"
L 08/22/2016 - 00:25:14: [respawn.smx] "Blaze<209><STEAM_1:1:868254><>" respawned "Ahmad<284><BOT><>"
L 08/22/2016 - 00:25:14: [respawn.smx] "Blaze<209><STEAM_1:1:868254><>" respawned "Jaul<285><BOT><>"
L 08/22/2016 - 00:25:14: [respawn.smx] "Blaze<209><STEAM_1:1:868254><>" respawned "Makin<286><BOT><>"
L 08/22/2016 - 00:25:14: [respawn.smx] "Blaze<209><STEAM_1:1:868254><>" respawned "Ghaith<287><BOT><>"
L 08/22/2016 - 00:25:14: [respawn.smx] "Blaze<209><STEAM_1:1:868254><>" respawned "Qatadah<288><BOT><>"
L 08/22/2016 - 00:25:14: [respawn.smx] "Blaze<209><STEAM_1:1:868254><>" respawned "Mahdi<291><BOT><>"
L 08/22/2016 - 00:25:14: [respawn.smx] "Blaze<209><STEAM_1:1:868254><>" respawned "Naim<292><BOT><>"
L 08/22/2016 - 00:25:14: [respawn.smx] "Blaze<209><STEAM_1:1:868254><>" respawned "Qasim<293><BOT><>"
L 08/22/2016 - 00:25:14: [respawn.smx] "Blaze<209><STEAM_1:1:868254><>" respawned "Ghassan<296><BOT><>"
L 08/22/2016 - 00:25:14: [respawn.smx] "Blaze<209><STEAM_1:1:868254><>" respawned "Najid<297><BOT><>"
L 08/22/2016 - 00:39:44: -------- Mapchange to launch_control_coopv1_9 --------
L 08/22/2016 - 01:40:03: -------- Mapchange to ministry_coop --------
L 08/22/2016 - 02:10:30: -------- Mapchange to kandagal_coop_b5 --------
L 08/22/2016 - 02:52:42: -------- Mapchange to tet --------
L 08/22/2016 - 03:19:37: -------- Mapchange to badel_coop_v1 --------
L 08/22/2016 - 03:25:07: -------- Mapchange to angle_iron_coop_beta5 --------
L 08/22/2016 - 03:30:31: -------- Mapchange to crossbowv1_1 --------
L 08/22/2016 - 03:36:47: -------- Mapchange to gizab_b1_coop --------
L 08/22/2016 - 05:57:42: -------- Mapchange to haditha_dam_coop_finale --------
L 08/22/2016 - 06:30:54: -------- Mapchange to sinjar_coop --------
L 08/22/2016 - 07:27:56: -------- Mapchange to heights_coop --------
L 08/22/2016 - 07:56:07: -------- Mapchange to heights_coop --------
L 08/22/2016 - 08:47:51: -------- Mapchange to drycanal_coop --------
L 08/22/2016 - 08:56:53: -------- Mapchange to ministry_coop --------
L 08/22/2016 - 09:25:59: -------- Mapchange to launch_control_coopv1_9 --------
L 08/22/2016 - 09:59:31: -------- Mapchange to ministry_coop --------
L 08/22/2016 - 10:20:17: -------- Mapchange to buhriz_coop --------
L 08/22/2016 - 10:36:37: -------- Mapchange to trenches6_coop_v1_2 --------
L 08/22/2016 - 11:02:34: -------- Mapchange to tet --------
L 08/22/2016 - 11:17:14: -------- Mapchange to hurtlocker_coopv2hc --------
L 08/22/2016 - 11:50:30: -------- Mapchange to launch_control_coopv1_9 --------
L 08/22/2016 - 12:25:46: -------- Mapchange to heights_coop --------
L 08/22/2016 - 12:59:21: -------- Mapchange to jail_break_coop_ws --------
L 08/22/2016 - 13:36:09: [respawn.smx] "Blaze<762><STEAM_1:1:868254><>" respawned "[LAG] Snoop Doggy Doge<748><STEAM_1:1:88141233><>"
L 08/22/2016 - 13:36:09: [respawn.smx] "Blaze<762><STEAM_1:1:868254><>" respawned "Blaze<762><STEAM_1:1:868254><>"
L 08/22/2016 - 13:36:09: [respawn.smx] "Blaze<762><STEAM_1:1:868254><>" respawned "Drake<763><STEAM_1:0:1318928><>"
L 08/22/2016 - 13:36:59: [respawn.smx] "Blaze<762><STEAM_1:1:868254><>" respawned "[LAG] Snoop Doggy Doge<748><STEAM_1:1:88141233><>"
L 08/22/2016 - 13:36:59: [respawn.smx] "Blaze<762><STEAM_1:1:868254><>" respawned "Blaze<762><STEAM_1:1:868254><>"
L 08/22/2016 - 13:36:59: [respawn.smx] "Blaze<762><STEAM_1:1:868254><>" respawned "PurpleWolf<731><STEAM_1:0:39188717><>"
L 08/22/2016 - 13:36:59: [respawn.smx] "Blaze<762><STEAM_1:1:868254><>" respawned "Drake<763><STEAM_1:0:1318928><>"
L 08/22/2016 - 13:39:22: [respawn.smx] "Blaze<762><STEAM_1:1:868254><>" respawned "Blaze<762><STEAM_1:1:868254><>"
L 08/22/2016 - 13:39:22: [respawn.smx] "Blaze<762><STEAM_1:1:868254><>" respawned "Redcat345<764><STEAM_1:1:11924801><>"
L 08/22/2016 - 13:43:07: -------- Mapchange to baghdad_b5 --------
L 08/22/2016 - 13:44:59: [respawn.smx] "Blaze<762><STEAM_1:1:868254><>" respawned "Blaze<762><STEAM_1:1:868254><>"
L 08/22/2016 - 13:44:59: [respawn.smx] "Blaze<762><STEAM_1:1:868254><>" respawned "Redcat345<764><STEAM_1:1:11924801><>"
L 08/22/2016 - 13:44:59: [respawn.smx] "Blaze<762><STEAM_1:1:868254><>" respawned "mr.roadwarrior<765><STEAM_1:1:43285144><>"
L 08/22/2016 - 13:53:45: -------- Mapchange to tell_coop --------
L 08/22/2016 - 13:56:16: [respawn.smx] "Blaze<762><STEAM_1:1:868254><>" respawned "Willsoon<823><STEAM_1:0:183110344><>"
L 08/22/2016 - 13:56:16: [respawn.smx] "Blaze<762><STEAM_1:1:868254><>" respawned "Blaze<762><STEAM_1:1:868254><>"
L 08/22/2016 - 13:56:16: [respawn.smx] "Blaze<762><STEAM_1:1:868254><>" respawned "RS-Calico<736><STEAM_1:1:80640929><>"
L 08/22/2016 - 14:00:33: [respawn.smx] "Blaze<762><STEAM_1:1:868254><>" respawned "Like I give a squanch<828><STEAM_1:0:52586746><>"
L 08/22/2016 - 14:00:33: [respawn.smx] "Blaze<762><STEAM_1:1:868254><>" respawned "Blaze<762><STEAM_1:1:868254><>"
L 08/22/2016 - 14:00:33: [respawn.smx] "Blaze<762><STEAM_1:1:868254><>" respawned "PurpleWolf<731><STEAM_1:0:39188717><>"
L 08/22/2016 - 14:00:33: [respawn.smx] "Blaze<762><STEAM_1:1:868254><>" respawned "Redcat345<764><STEAM_1:1:11924801><>"
L 08/22/2016 - 14:00:33: [respawn.smx] "Blaze<762><STEAM_1:1:868254><>" respawned "RS-Calico<736><STEAM_1:1:80640929><>"
L 08/22/2016 - 14:00:33: [respawn.smx] "Blaze<762><STEAM_1:1:868254><>" respawned "Drake<763><STEAM_1:0:1318928><>"
L 08/22/2016 - 14:00:52: [respawn.smx] "Blaze<762><STEAM_1:1:868254><>" respawned "@seangares<794><STEAM_1:1:90918111><>"
L 08/22/2016 - 14:00:52: [respawn.smx] "Blaze<762><STEAM_1:1:868254><>" respawned "Like I give a squanch<828><STEAM_1:0:52586746><>"
L 08/22/2016 - 14:00:52: [respawn.smx] "Blaze<762><STEAM_1:1:868254><>" respawned "Blaze<762><STEAM_1:1:868254><>"
L 08/22/2016 - 14:02:53: [respawn.smx] "Blaze<762><STEAM_1:1:868254><>" respawned "Willsoon<823><STEAM_1:0:183110344><>"
L 08/22/2016 - 14:02:53: [respawn.smx] "Blaze<762><STEAM_1:1:868254><>" respawned "Jesus Chrysler<791><STEAM_1:1:68273860><>"
L 08/22/2016 - 14:02:53: [respawn.smx] "Blaze<762><STEAM_1:1:868254><>" respawned "Like I give a squanch<828><STEAM_1:0:52586746><>"
L 08/22/2016 - 14:02:53: [respawn.smx] "Blaze<762><STEAM_1:1:868254><>" respawned "[JTF] Neal 'Stuntman'<834><STEAM_1:0:43751228><>"
L 08/22/2016 - 14:02:53: [respawn.smx] "Blaze<762><STEAM_1:1:868254><>" respawned "Blaze<762><STEAM_1:1:868254><>"
L 08/22/2016 - 14:02:53: [respawn.smx] "Blaze<762><STEAM_1:1:868254><>" respawned "RS-Calico<736><STEAM_1:1:80640929><>"
L 08/22/2016 - 14:02:53: [respawn.smx] "Blaze<762><STEAM_1:1:868254><>" respawned "SnipA<766><STEAM_1:0:16219085><>"
L 08/22/2016 - 14:10:21: -------- Mapchange to healthcenter_coop --------
L 08/22/2016 - 14:12:24: [respawn.smx] "Blaze<762><STEAM_1:1:868254><>" respawned "Blaze<762><STEAM_1:1:868254><>"
L 08/22/2016 - 14:18:46: [respawn.smx] "Blaze<762><STEAM_1:1:868254><>" respawned "Blaze<762><STEAM_1:1:868254><>"
L 08/22/2016 - 14:21:15: -------- Mapchange to ministry_coop --------
L 08/22/2016 - 14:22:44: [respawn.smx] "Blaze<762><STEAM_1:1:868254><>" respawned "Blaze<762><STEAM_1:1:868254><>"
L 08/22/2016 - 14:22:44: [respawn.smx] "Blaze<762><STEAM_1:1:868254><>" respawned "Renesmei<3<837><STEAM_1:0:79838504><>"
L 08/22/2016 - 14:26:00: [respawn.smx] "Blaze<762><STEAM_1:1:868254><>" respawned "Blaze<762><STEAM_1:1:868254><>"
L 08/22/2016 - 14:31:58: -------- Mapchange to sinjar_coop --------
L 08/22/2016 - 14:35:41: [respawn.smx] "Blaze<762><STEAM_1:1:868254><>" respawned "Mujahid<922><BOT><>"
L 08/22/2016 - 14:35:41: [respawn.smx] "Blaze<762><STEAM_1:1:868254><>" respawned "Yusri<923><BOT><>"
L 08/22/2016 - 14:35:41: [respawn.smx] "Blaze<762><STEAM_1:1:868254><>" respawned "Zaid<924><BOT><>"
L 08/22/2016 - 14:35:41: [respawn.smx] "Blaze<762><STEAM_1:1:868254><>" respawned "Awf<925><BOT><>"
L 08/22/2016 - 14:35:41: [respawn.smx] "Blaze<762><STEAM_1:1:868254><>" respawned "Musab<926><BOT><>"
L 08/22/2016 - 14:35:41: [respawn.smx] "Blaze<762><STEAM_1:1:868254><>" respawned "Walif<927><BOT><>"
L 08/22/2016 - 14:35:41: [respawn.smx] "Blaze<762><STEAM_1:1:868254><>" respawned "Aban<928><BOT><>"
L 08/22/2016 - 14:35:41: [respawn.smx] "Blaze<762><STEAM_1:1:868254><>" respawned "Ruwaid<929><BOT><>"
L 08/22/2016 - 14:35:41: [respawn.smx] "Blaze<762><STEAM_1:1:868254><>" respawned "Suud<930><BOT><>"
L 08/22/2016 - 14:35:41: [respawn.smx] "Blaze<762><STEAM_1:1:868254><>" respawned "Nahid<931><BOT><>"
L 08/22/2016 - 14:35:41: [respawn.smx] "Blaze<762><STEAM_1:1:868254><>" respawned "Safiy<932><BOT><>"
L 08/22/2016 - 14:35:41: [respawn.smx] "Blaze<762><STEAM_1:1:868254><>" respawned "Amir<933><BOT><>"
L 08/22/2016 - 14:35:41: [respawn.smx] "Blaze<762><STEAM_1:1:868254><>" respawned "Ikrimah<934><BOT><>"
L 08/22/2016 - 14:35:41: [respawn.smx] "Blaze<762><STEAM_1:1:868254><>" respawned "Yushua<936><BOT><>"
L 08/22/2016 - 14:35:41: [respawn.smx] "Blaze<762><STEAM_1:1:868254><>" respawned "Zain<937><BOT><>"
L 08/22/2016 - 14:42:29: [respawn.smx] "Blaze<762><STEAM_1:1:868254><>" respawned "Willsoon<823><STEAM_1:0:183110344><>"
L 08/22/2016 - 14:42:29: [respawn.smx] "Blaze<762><STEAM_1:1:868254><>" respawned "Logan Waters<941><STEAM_1:0:2101681><>"
L 08/22/2016 - 14:42:29: [respawn.smx] "Blaze<762><STEAM_1:1:868254><>" respawned "magicmouv<827><STEAM_1:0:182957650><>"
L 08/22/2016 - 14:42:29: [respawn.smx] "Blaze<762><STEAM_1:1:868254><>" respawned "nxwolflee<939><STEAM_1:1:25341996><>"
L 08/22/2016 - 14:42:29: [respawn.smx] "Blaze<762><STEAM_1:1:868254><>" respawned "Blaze<762><STEAM_1:1:868254><>"
L 08/22/2016 - 14:42:29: [respawn.smx] "Blaze<762><STEAM_1:1:868254><>" respawned "Renesmei<3<837><STEAM_1:0:79838504><>"
L 08/22/2016 - 14:42:29: [respawn.smx] "Blaze<762><STEAM_1:1:868254><>" respawned "xXx Sgt.D00M (Qc)<838><STEAM_1:0:4219605><>"
L 08/22/2016 - 14:44:24: -------- Mapchange to cs_militia_coop_v1_1 --------
L 08/22/2016 - 14:51:39: -------- Mapchange to buhriz_coop --------
L 08/22/2016 - 15:00:47: [respawn.smx] "Blaze<762><STEAM_1:1:868254><>" respawned "Austin_9C<988><STEAM_1:1:82298571><>"
L 08/22/2016 - 15:00:47: [respawn.smx] "Blaze<762><STEAM_1:1:868254><>" respawned "Blaze<762><STEAM_1:1:868254><>"
L 08/22/2016 - 15:00:47: [respawn.smx] "Blaze<762><STEAM_1:1:868254><>" respawned "SnipA<766><STEAM_1:0:16219085><>"
L 08/22/2016 - 15:01:06: [respawn.smx] "Blaze<762><STEAM_1:1:868254><>" respawned "Suud<979><BOT><>"
L 08/22/2016 - 15:01:06: [respawn.smx] "Blaze<762><STEAM_1:1:868254><>" respawned "Khalil al Allah<982><BOT><>"
L 08/22/2016 - 15:01:06: [respawn.smx] "Blaze<762><STEAM_1:1:868254><>" respawned "Mazin<983><BOT><>"
L 08/22/2016 - 15:01:06: [respawn.smx] "Blaze<762><STEAM_1:1:868254><>" respawned "Mahrus<967><BOT><>"
L 08/22/2016 - 15:01:06: [respawn.smx] "Blaze<762><STEAM_1:1:868254><>" respawned "Azhar<968><BOT><>"
L 08/22/2016 - 15:01:06: [respawn.smx] "Blaze<762><STEAM_1:1:868254><>" respawned "Shahid<969><BOT><>"
L 08/22/2016 - 15:01:06: [respawn.smx] "Blaze<762><STEAM_1:1:868254><>" respawned "Talib<971><BOT><>"
L 08/22/2016 - 15:01:06: [respawn.smx] "Blaze<762><STEAM_1:1:868254><>" respawned "Shakir<972><BOT><>"
L 08/22/2016 - 15:01:06: [respawn.smx] "Blaze<762><STEAM_1:1:868254><>" respawned "Hassan<974><BOT><>"
L 08/22/2016 - 15:01:06: [respawn.smx] "Blaze<762><STEAM_1:1:868254><>" respawned "Nail<975><BOT><>"
L 08/22/2016 - 15:01:06: [respawn.smx] "Blaze<762><STEAM_1:1:868254><>" respawned "Walid<985><BOT><>"
L 08/22/2016 - 15:01:39: [respawn.smx] "Blaze<762><STEAM_1:1:868254><>" respawned "Ramih<981><BOT><>"
L 08/22/2016 - 15:01:39: [respawn.smx] "Blaze<762><STEAM_1:1:868254><>" respawned "Mazin<983><BOT><>"
L 08/22/2016 - 15:01:39: [respawn.smx] "Blaze<762><STEAM_1:1:868254><>" respawned "Shahid<969><BOT><>"
L 08/22/2016 - 15:01:39: [respawn.smx] "Blaze<762><STEAM_1:1:868254><>" respawned "Umar<973><BOT><>"
L 08/22/2016 - 15:01:39: [respawn.smx] "Blaze<762><STEAM_1:1:868254><>" respawned "Nail<975><BOT><>"
L 08/22/2016 - 15:01:39: [respawn.smx] "Blaze<762><STEAM_1:1:868254><>" respawned "Najid<978><BOT><>"
L 08/22/2016 - 15:01:39: [respawn.smx] "Blaze<762><STEAM_1:1:868254><>" respawned "Walid<985><BOT><>"
L 08/22/2016 - 15:01:39: [respawn.smx] "Blaze<762><STEAM_1:1:868254><>" respawned "Sufyan<987><BOT><>"
L 08/22/2016 - 15:02:36: [respawn.smx] "Blaze<762><STEAM_1:1:868254><>" respawned "Austin_9C<988><STEAM_1:1:82298571><>"
L 08/22/2016 - 15:02:36: [respawn.smx] "Blaze<762><STEAM_1:1:868254><>" respawned "Blaze<762><STEAM_1:1:868254><>"
L 08/22/2016 - 15:03:09: [respawn.smx] "Blaze<762><STEAM_1:1:868254><>" respawned "Blaze<762><STEAM_1:1:868254><>"
L 08/22/2016 - 15:03:49: [respawn.smx] "Blaze<762><STEAM_1:1:868254><>" respawned "Suud<979><BOT><>"
L 08/22/2016 - 15:03:49: [respawn.smx] "Blaze<762><STEAM_1:1:868254><>" respawned "Khalil al Allah<982><BOT><>"
L 08/22/2016 - 15:03:49: [respawn.smx] "Blaze<762><STEAM_1:1:868254><>" respawned "Mazin<983><BOT><>"
L 08/22/2016 - 15:03:49: [respawn.smx] "Blaze<762><STEAM_1:1:868254><>" respawned "Mahrus<967><BOT><>"
L 08/22/2016 - 15:03:49: [respawn.smx] "Blaze<762><STEAM_1:1:868254><>" respawned "Shahid<969><BOT><>"
L 08/22/2016 - 15:03:49: [respawn.smx] "Blaze<762><STEAM_1:1:868254><>" respawned "Jul<970><BOT><>"
L 08/22/2016 - 15:03:49: [respawn.smx] "Blaze<762><STEAM_1:1:868254><>" respawned "Talib<971><BOT><>"
L 08/22/2016 - 15:03:49: [respawn.smx] "Blaze<762><STEAM_1:1:868254><>" respawned "Shakir<972><BOT><>"
L 08/22/2016 - 15:03:49: [respawn.smx] "Blaze<762><STEAM_1:1:868254><>" respawned "Umar<973><BOT><>"
L 08/22/2016 - 15:03:49: [respawn.smx] "Blaze<762><STEAM_1:1:868254><>" respawned "Hassan<974><BOT><>"
L 08/22/2016 - 15:03:49: [respawn.smx] "Blaze<762><STEAM_1:1:868254><>" respawned "Nail<975><BOT><>"
L 08/22/2016 - 15:03:49: [respawn.smx] "Blaze<762><STEAM_1:1:868254><>" respawned "Amir<977><BOT><>"
L 08/22/2016 - 15:03:49: [respawn.smx] "Blaze<762><STEAM_1:1:868254><>" respawned "Yazan<984><BOT><>"
L 08/22/2016 - 15:03:49: [respawn.smx] "Blaze<762><STEAM_1:1:868254><>" respawned "Walid<985><BOT><>"
L 08/22/2016 - 15:03:49: [respawn.smx] "Blaze<762><STEAM_1:1:868254><>" respawned "Kazim<986><BOT><>"
L 08/22/2016 - 15:03:49: [respawn.smx] "Blaze<762><STEAM_1:1:868254><>" respawned "Sufyan<987><BOT><>"
L 08/22/2016 - 15:04:50: [basecommands.smx] "Blaze<762><STEAM_1:1:868254><>" kicked "SnipA<766><STEAM_1:0:16219085><>" (reason "")
L 08/22/2016 - 15:10:27: [respawn.smx] "Blaze<762><STEAM_1:1:868254><>" respawned "Willsoon<958><STEAM_1:0:183110344><>"
L 08/22/2016 - 15:10:27: [respawn.smx] "Blaze<762><STEAM_1:1:868254><>" respawned "Logan Waters<959><STEAM_1:0:2101681><>"
L 08/22/2016 - 15:10:27: [respawn.smx] "Blaze<762><STEAM_1:1:868254><>" respawned "Austin_9C<988><STEAM_1:1:82298571><>"
L 08/22/2016 - 15:10:27: [respawn.smx] "Blaze<762><STEAM_1:1:868254><>" respawned "Blaze<762><STEAM_1:1:868254><>"
L 08/22/2016 - 15:21:46: -------- Mapchange to angle_iron_coop_beta5 --------
L 08/22/2016 - 15:41:41: -------- Mapchange to ministry_coop --------
L 08/22/2016 - 15:52:41: -------- Mapchange to fortress_coop_beta5 --------
L 08/22/2016 - 16:09:48: -------- Mapchange to district_coop --------
L 08/22/2016 - 16:20:48: -------- Mapchange to gizab_b1_coop --------
L 08/22/2016 - 17:48:09: -------- Mapchange to jack_hammer_coopv1_2 --------
L 08/22/2016 - 17:59:59: -------- Mapchange to jail_break_coop_ws --------
L 08/22/2016 - 18:38:28: -------- Mapchange to bb_gauntlet_b4 --------
L 08/22/2016 - 18:53:14: -------- Mapchange to fortress_coop_beta5 --------
L 08/22/2016 - 19:21:53: -------- Mapchange to bunker_busting_coopv1_5 --------
L 08/22/2016 - 19:38:13: -------- Mapchange to caves_coop --------
L 08/22/2016 - 19:43:06: -------- Mapchange to central_coop_final --------
L 08/22/2016 - 20:15:16: -------- Mapchange to hijacked_redux_v1_1 --------
L 08/22/2016 - 21:12:41: -------- Mapchange to game_day_coopv1_3 --------
L 08/22/2016 - 21:45:18: -------- Mapchange to ministry_coop --------
L 08/22/2016 - 21:56:58: -------- Mapchange to healthcenter_coop --------
L 08/22/2016 - 22:11:35: -------- Mapchange to zagros_convoy_b5 --------
L 08/22/2016 - 22:23:03: -------- Mapchange to haditha_dam_coop_finale --------
L 08/22/2016 - 22:49:51: -------- Mapchange to buhriz_coop --------
L 08/22/2016 - 23:03:58: -------- Mapchange to the_burbs_coop --------
L 08/22/2016 - 23:17:47: -------- Mapchange to trenches6_coop_v1_2 --------
L 08/22/2016 - 23:27:32: -------- Mapchange to badlands_night_b1 --------
L 08/22/2016 - 23:41:31: -------- Mapchange to heights_coop --------
