L 08/03/2016 - 00:17:44: SourceMod log file session started (file "L20160803.log") (Version "1.8.0.5919")
L 08/03/2016 - 00:17:44: -------- Mapchange to haditha_dam_coop_finale --------
L 08/03/2016 - 00:47:56: -------- Mapchange to badlands_coop_b1 --------
L 08/03/2016 - 02:10:59: -------- Mapchange to district_coop --------
L 08/03/2016 - 02:20:27: -------- Mapchange to buhriz_coop --------
L 08/03/2016 - 02:53:57: -------- Mapchange to cs_officeb3_coop_v1_5 --------
L 08/03/2016 - 02:59:24: -------- Mapchange to haditha_dam_coop_finale --------
L 08/03/2016 - 03:03:48: [respawn.smx] "Blaze<1335><STEAM_1:1:868254><>" respawned "Blaze<1335><STEAM_1:1:868254><>"
L 08/03/2016 - 03:09:12: [respawn.smx] "Blaze<1335><STEAM_1:1:868254><>" respawned "Blaze<1335><STEAM_1:1:868254><>"
L 08/03/2016 - 03:09:12: [respawn.smx] "Blaze<1335><STEAM_1:1:868254><>" respawned "SovereignMammal<1322><STEAM_1:1:67112363><>"
L 08/03/2016 - 03:10:53: [respawn.smx] "Blaze<1335><STEAM_1:1:868254><>" respawned "Blaze<1335><STEAM_1:1:868254><>"
L 08/03/2016 - 03:10:53: [respawn.smx] "Blaze<1335><STEAM_1:1:868254><>" respawned "SovereignMammal<1322><STEAM_1:1:67112363><>"
L 08/03/2016 - 03:10:53: [respawn.smx] "Blaze<1335><STEAM_1:1:868254><>" respawned "CHIMIMONGA<1336><STEAM_1:0:127304832><>"
L 08/03/2016 - 03:23:29: [respawn.smx] "Blaze<1335><STEAM_1:1:868254><>" respawned "Blaze<1335><STEAM_1:1:868254><>"
L 08/03/2016 - 03:23:29: [respawn.smx] "Blaze<1335><STEAM_1:1:868254><>" respawned "SovereignMammal<1322><STEAM_1:1:67112363><>"
L 08/03/2016 - 03:23:29: [respawn.smx] "Blaze<1335><STEAM_1:1:868254><>" respawned "CHIMIMONGA<1336><STEAM_1:0:127304832><>"
L 08/03/2016 - 03:23:29: [respawn.smx] "Blaze<1335><STEAM_1:1:868254><>" respawned "Manhunt<1342><STEAM_1:1:28536086><>"
L 08/03/2016 - 03:33:07: -------- Mapchange to badlands_night_b1 --------
L 08/03/2016 - 03:57:11: -------- Mapchange to dust2_checkpoint_b7 --------
L 08/03/2016 - 04:14:41: -------- Mapchange to ministry_coop --------
L 08/03/2016 - 04:24:43: -------- Mapchange to haditha_dam_coop_finale --------
L 08/03/2016 - 04:53:31: -------- Mapchange to buhriz_coop --------
L 08/03/2016 - 05:06:34: -------- Mapchange to launch_control_coopv1_9 --------
L 08/03/2016 - 05:24:50: -------- Mapchange to takbar_b5 --------
L 08/03/2016 - 05:46:18: -------- Mapchange to tell_coop --------
L 08/03/2016 - 06:25:06: -------- Mapchange to dust2_checkpoint_b7 --------
L 08/03/2016 - 06:53:26: -------- Mapchange to dust2_checkpoint_b7 --------
L 08/03/2016 - 07:08:21: -------- Mapchange to dust2_checkpoint_b7 --------
L 08/03/2016 - 08:13:08: -------- Mapchange to dust2_checkpoint_b7 --------
L 08/03/2016 - 08:34:34: -------- Mapchange to dust2_checkpoint_b7 --------
L 08/03/2016 - 08:46:02: -------- Mapchange to dust2_checkpoint_b7 --------
L 08/03/2016 - 09:04:08: -------- Mapchange to launch_control_coopv1_9 --------
L 08/03/2016 - 09:54:12: -------- Mapchange to launch_control_coopv1_9 --------
L 08/03/2016 - 10:16:10: -------- Mapchange to launch_control_coopv1_9 --------
L 08/03/2016 - 10:35:01: -------- Mapchange to dust2_checkpoint_b7 --------
L 08/03/2016 - 10:45:09: -------- Mapchange to takbar_b5 --------
L 08/03/2016 - 11:13:25: -------- Mapchange to crossbowv1_1 --------
L 08/03/2016 - 11:24:40: -------- Mapchange to de_lake_coop_nd_v1_2 --------
L 08/03/2016 - 11:35:56: -------- Mapchange to healthcenter_coop --------
L 08/03/2016 - 11:49:31: -------- Mapchange to badlands_coop_b1 --------
L 08/03/2016 - 12:25:56: -------- Mapchange to cs_officeb3_coop_v1_5 --------
L 08/03/2016 - 12:37:48: -------- Mapchange to dust2_checkpoint_b7 --------
L 08/03/2016 - 12:46:07: -------- Mapchange to winter_rescue_v1 --------
L 08/03/2016 - 13:03:10: -------- Mapchange to sinjar_coop --------
L 08/03/2016 - 13:18:35: -------- Mapchange to trenches6_coop_v1_2 --------
L 08/03/2016 - 13:29:11: -------- Mapchange to winter_rescue_v1 --------
L 08/03/2016 - 13:47:47: -------- Mapchange to launch_control_coopv1_9 --------
L 08/03/2016 - 14:11:06: -------- Mapchange to almaden_coop_v1_1 --------
L 08/03/2016 - 14:21:54: -------- Mapchange to zagros_convoy_b5 --------
L 08/03/2016 - 14:31:35: -------- Mapchange to caves_coop --------
L 08/03/2016 - 14:45:24: -------- Mapchange to angle_iron_coop_beta5 --------
L 08/03/2016 - 15:18:14: -------- Mapchange to badel_coop_v1 --------
L 08/03/2016 - 15:38:38: -------- Mapchange to trenches6_coop_v1_2 --------
L 08/03/2016 - 15:56:02: -------- Mapchange to drycanal_coop --------
L 08/03/2016 - 16:07:54: [respawn.smx] "Blaze<2724><STEAM_1:1:868254><>" respawned "forestrunner40<1941><STEAM_1:1:24164528><>"
L 08/03/2016 - 16:07:54: [respawn.smx] "Blaze<2724><STEAM_1:1:868254><>" respawned "Rylonic<2628><STEAM_1:1:41272411><>"
L 08/03/2016 - 16:07:54: [respawn.smx] "Blaze<2724><STEAM_1:1:868254><>" respawned "CheeseBurger<2718><STEAM_1:0:54233355><>"
L 08/03/2016 - 16:07:54: [respawn.smx] "Blaze<2724><STEAM_1:1:868254><>" respawned "Blaze<2724><STEAM_1:1:868254><>"
L 08/03/2016 - 16:07:54: [respawn.smx] "Blaze<2724><STEAM_1:1:868254><>" respawned "SteveTheHero<2726><STEAM_1:1:88830998><>"
L 08/03/2016 - 16:10:06: [respawn.smx] "Blaze<2724><STEAM_1:1:868254><>" respawned "Tranced<2618><STEAM_1:0:28962128><>"
L 08/03/2016 - 16:10:06: [respawn.smx] "Blaze<2724><STEAM_1:1:868254><>" respawned "[T.P]Clinkitoo<2727><STEAM_1:0:145472638><>"
L 08/03/2016 - 16:10:06: [respawn.smx] "Blaze<2724><STEAM_1:1:868254><>" respawned "CENSORED<2669><STEAM_1:0:27021685><>"
L 08/03/2016 - 16:10:06: [respawn.smx] "Blaze<2724><STEAM_1:1:868254><>" respawned "S0V13T_M3X1CAN<2670><STEAM_1:1:63568085><>"
L 08/03/2016 - 16:10:06: [respawn.smx] "Blaze<2724><STEAM_1:1:868254><>" respawned "CheeseBurger<2718><STEAM_1:0:54233355><>"
L 08/03/2016 - 16:10:06: [respawn.smx] "Blaze<2724><STEAM_1:1:868254><>" respawned "Soviet  FlapJacks<2675><STEAM_1:0:45623672><>"
L 08/03/2016 - 16:10:06: [respawn.smx] "Blaze<2724><STEAM_1:1:868254><>" respawned "Blaze<2724><STEAM_1:1:868254><>"
L 08/03/2016 - 16:10:06: [respawn.smx] "Blaze<2724><STEAM_1:1:868254><>" respawned "[T.P]Bloodcito<2728><STEAM_1:1:129416032><>"
L 08/03/2016 - 16:15:04: -------- Mapchange to healthcenter_coop --------
L 08/03/2016 - 16:24:56: -------- Mapchange to heights_coop --------
L 08/03/2016 - 16:44:29: -------- Mapchange to bb_gauntlet_b4 --------
L 08/03/2016 - 16:51:27: [respawn.smx] "Blaze<2869><STEAM_1:1:868254><>" respawned "AFox<2769><STEAM_1:1:93008918><>"
L 08/03/2016 - 16:51:27: [respawn.smx] "Blaze<2869><STEAM_1:1:868254><>" respawned "Blaze<2869><STEAM_1:1:868254><>"
L 08/03/2016 - 16:51:27: [respawn.smx] "Blaze<2869><STEAM_1:1:868254><>" respawned "ShadowBeast<2789><STEAM_1:1:38666862><>"
L 08/03/2016 - 16:56:38: [respawn.smx] "Blaze<2869><STEAM_1:1:868254><>" respawned "Blaze<2869><STEAM_1:1:868254><>"
L 08/03/2016 - 16:57:59: [respawn.smx] "Blaze<2869><STEAM_1:1:868254><>" respawned "Blaze<2869><STEAM_1:1:868254><>"
L 08/03/2016 - 17:01:59: -------- Mapchange to launch_control_coopv1_9 --------
L 08/03/2016 - 17:20:39: -------- Mapchange to dust2_checkpoint_b7 --------
L 08/03/2016 - 17:30:43: -------- Mapchange to haditha_dam_coop_finale --------
L 08/03/2016 - 17:56:43: -------- Mapchange to the_burbs_coop --------
L 08/03/2016 - 18:07:24: -------- Mapchange to bunker_busting_coopv1_5 --------
L 08/03/2016 - 18:23:51: -------- Mapchange to takbar_b5 --------
L 08/03/2016 - 18:41:40: -------- Mapchange to takbar_b5 --------
L 08/03/2016 - 18:56:23: -------- Mapchange to ministry_coop --------
L 08/03/2016 - 19:10:07: -------- Mapchange to chateau_tunnels_v1 --------
L 08/03/2016 - 19:26:34: -------- Mapchange to ps7n --------
L 08/03/2016 - 19:46:39: [respawn.smx] "TIO=VIO=<3364><STEAM_1:1:572910><>" respawned "TIO=VIO=<3364><STEAM_1:1:572910><>"
L 08/03/2016 - 19:48:46: [respawn.smx] "TIO=VIO=<3364><STEAM_1:1:572910><>" respawned "TIO=VIO=<3364><STEAM_1:1:572910><>"
L 08/03/2016 - 19:49:32: [respawn.smx] "TIO=VIO=<3364><STEAM_1:1:572910><>" respawned "TIO=VIO=<3364><STEAM_1:1:572910><>"
L 08/03/2016 - 19:56:08: [respawn.smx] "TIO=VIO=<3364><STEAM_1:1:572910><>" respawned "-Matt Nitro-<3286><STEAM_1:1:85925142><>"
L 08/03/2016 - 19:56:11: [respawn.smx] "TIO=VIO=<3364><STEAM_1:1:572910><>" respawned "V3CT0R<3374><STEAM_1:0:84079726><>"
L 08/03/2016 - 19:56:14: [respawn.smx] "TIO=VIO=<3364><STEAM_1:1:572910><>" respawned "Nazih<3368><BOT><>"
L 08/03/2016 - 19:56:15: [respawn.smx] "TIO=VIO=<3364><STEAM_1:1:572910><>" respawned "Rushdi<3369><BOT><>"
L 08/03/2016 - 19:56:17: [respawn.smx] "TIO=VIO=<3364><STEAM_1:1:572910><>" respawned "Saeed<3332><BOT><>"
L 08/03/2016 - 19:56:19: [respawn.smx] "TIO=VIO=<3364><STEAM_1:1:572910><>" respawned "Arif<3333><BOT><>"
L 08/03/2016 - 19:56:21: [respawn.smx] "TIO=VIO=<3364><STEAM_1:1:572910><>" respawned "Tahir<3335><BOT><>"
L 08/03/2016 - 19:56:23: [respawn.smx] "TIO=VIO=<3364><STEAM_1:1:572910><>" respawned "Maysarah<3336><BOT><>"
L 08/03/2016 - 19:56:26: [respawn.smx] "TIO=VIO=<3364><STEAM_1:1:572910><>" respawned "Bashshar<3337><BOT><>"
L 08/03/2016 - 19:56:33: [respawn.smx] "TIO=VIO=<3364><STEAM_1:1:572910><>" respawned "Fahmi<3339><BOT><>"
L 08/03/2016 - 19:56:40: [respawn.smx] "TIO=VIO=<3364><STEAM_1:1:572910><>" respawned "TIO=VIO=<3364><STEAM_1:1:572910><>"
L 08/03/2016 - 19:56:48: [respawn.smx] "TIO=VIO=<3364><STEAM_1:1:572910><>" respawned "Rushdi<3369><BOT><>"
L 08/03/2016 - 19:56:53: [respawn.smx] "TIO=VIO=<3364><STEAM_1:1:572910><>" respawned "Muin<3331><BOT><>"
L 08/03/2016 - 19:57:02: [respawn.smx] "TIO=VIO=<3364><STEAM_1:1:572910><>" respawned "Suraqah<3330><BOT><>"
L 08/03/2016 - 19:57:05: [respawn.smx] "TIO=VIO=<3364><STEAM_1:1:572910><>" respawned "Nijad<3375><BOT><>"
L 08/03/2016 - 19:57:07: [respawn.smx] "TIO=VIO=<3364><STEAM_1:1:572910><>" respawned "Umar<3376><BOT><>"
L 08/03/2016 - 19:57:09: [respawn.smx] "TIO=VIO=<3364><STEAM_1:1:572910><>" respawned "Arif<3333><BOT><>"
L 08/03/2016 - 19:57:26: [respawn.smx] "TIO=VIO=<3364><STEAM_1:1:572910><>" respawned "Fahmi<3339><BOT><>"
L 08/03/2016 - 19:57:27: [respawn.smx] "TIO=VIO=<3364><STEAM_1:1:572910><>" respawned "Nijad<3375><BOT><>"
L 08/03/2016 - 19:57:28: [respawn.smx] "TIO=VIO=<3364><STEAM_1:1:572910><>" respawned "Nazih<3368><BOT><>"
L 08/03/2016 - 19:57:30: [respawn.smx] "TIO=VIO=<3364><STEAM_1:1:572910><>" respawned "Rushdi<3369><BOT><>"
L 08/03/2016 - 19:57:31: [respawn.smx] "TIO=VIO=<3364><STEAM_1:1:572910><>" respawned "Muin<3331><BOT><>"
L 08/03/2016 - 19:57:35: [respawn.smx] "TIO=VIO=<3364><STEAM_1:1:572910><>" respawned "Umar<3376><BOT><>"
L 08/03/2016 - 19:57:36: [respawn.smx] "TIO=VIO=<3364><STEAM_1:1:572910><>" respawned "Saeed<3332><BOT><>"
L 08/03/2016 - 19:57:37: [respawn.smx] "TIO=VIO=<3364><STEAM_1:1:572910><>" respawned "Tahir<3335><BOT><>"
L 08/03/2016 - 19:57:40: [respawn.smx] "TIO=VIO=<3364><STEAM_1:1:572910><>" respawned "Maysarah<3336><BOT><>"
L 08/03/2016 - 19:58:02: [respawn.smx] "TIO=VIO=<3364><STEAM_1:1:572910><>" respawned "Makin<3343><BOT><>"
L 08/03/2016 - 19:58:05: [respawn.smx] "TIO=VIO=<3364><STEAM_1:1:572910><>" respawned "Suraqah<3330><BOT><>"
L 08/03/2016 - 20:02:47: -------- Mapchange to tell_coop --------
L 08/03/2016 - 20:21:15: -------- Mapchange to jail_break_coop_ws --------
L 08/03/2016 - 20:40:34: [respawn.smx] "Blaze<3437><STEAM_1:1:868254><>" respawned "Blaze<3437><STEAM_1:1:868254><>"
L 08/03/2016 - 20:51:23: -------- Mapchange to panama_canal_a3 --------
L 08/03/2016 - 21:00:02: [respawn.smx] "Blaze<3437><STEAM_1:1:868254><>" respawned "Blaze<3437><STEAM_1:1:868254><>"
L 08/03/2016 - 21:00:02: [respawn.smx] "Blaze<3437><STEAM_1:1:868254><>" respawned "BAo<3470><STEAM_1:1:41785367><>"
L 08/03/2016 - 21:00:02: [respawn.smx] "Blaze<3437><STEAM_1:1:868254><>" respawned "TankMachine<3523><STEAM_1:1:175657019><>"
L 08/03/2016 - 21:05:32: [playercommands.smx] "Blaze<3437><STEAM_1:1:868254><>" slapped "nematoad<3449><STEAM_1:1:17972199><>" (damage "0")
L 08/03/2016 - 21:05:58: [playercommands.smx] "Blaze<3437><STEAM_1:1:868254><>" slapped "nematoad<3449><STEAM_1:1:17972199><>" (damage "0")
L 08/03/2016 - 21:14:39: [playercommands.smx] "Blaze<3437><STEAM_1:1:868254><>" slapped "nematoad<3449><STEAM_1:1:17972199><>" (damage "0")
L 08/03/2016 - 21:21:25: -------- Mapchange to jail_break_coop_ws --------
L 08/03/2016 - 21:22:09: [basecommands.smx] "Blaze<3537><STEAM_1:1:868254><>" changed map to "tell_coop checkpoint"
L 08/03/2016 - 21:22:12: [SM] Changed map to "tell_coop checkpoint"
L 08/03/2016 - 21:22:13: -------- Mapchange to tell_coop --------
L 08/03/2016 - 21:32:54: [respawn.smx] "Blaze<3537><STEAM_1:1:868254><>" respawned "WPTT Dr. Rockso<3538><STEAM_1:1:23745652><>"
L 08/03/2016 - 21:32:54: [respawn.smx] "Blaze<3537><STEAM_1:1:868254><>" respawned "Stringman<3539><STEAM_1:0:64034812><>"
L 08/03/2016 - 21:32:54: [respawn.smx] "Blaze<3537><STEAM_1:1:868254><>" respawned "Blaze<3537><STEAM_1:1:868254><>"
L 08/03/2016 - 21:32:54: [respawn.smx] "Blaze<3537><STEAM_1:1:868254><>" respawned "TankMachine<3523><STEAM_1:1:175657019><>"
L 08/03/2016 - 21:37:05: -------- Mapchange to bunker_busting_coopv1_5 --------
L 08/03/2016 - 21:55:30: -------- Mapchange to inferno_checkpoint_b2 --------
L 08/03/2016 - 22:05:06: -------- Mapchange to winter_rescue_v1 --------
L 08/03/2016 - 22:49:40: -------- Mapchange to zagros_convoy_b5 --------
L 08/03/2016 - 23:05:07: -------- Mapchange to launch_control_coopv1_9 --------
L 08/03/2016 - 23:23:16: -------- Mapchange to depot_coop --------
L 08/03/2016 - 23:48:08: -------- Mapchange to amber_spiritsv1_1_coop --------
