L 08/28/2016 - 00:05:43: SourceMod log file session started (file "L20160828.log") (Version "1.8.0.5919")
L 08/28/2016 - 00:05:43: -------- Mapchange to badel_coop_v1 --------
L 08/28/2016 - 00:24:43: -------- Mapchange to tunnel_rats_coopv1_4 --------
L 08/28/2016 - 00:42:26: -------- Mapchange to drycanal_coop --------
L 08/28/2016 - 00:57:08: -------- Mapchange to bridge_coop_optimized_v1 --------
L 08/28/2016 - 01:11:32: -------- Mapchange to the_burbs_coop --------
L 08/28/2016 - 01:26:28: -------- Mapchange to estates_b4 --------
L 08/28/2016 - 01:36:17: -------- Mapchange to fortress_coop_beta5 --------
L 08/28/2016 - 01:55:33: -------- Mapchange to game_day_coopv1_3 --------
L 08/28/2016 - 02:24:25: -------- Mapchange to takbar_b5 --------
L 08/28/2016 - 02:35:03: -------- Mapchange to tet --------
L 08/28/2016 - 02:48:05: -------- Mapchange to tunnel_rats_coopv1_4 --------
L 08/28/2016 - 03:00:29: -------- Mapchange to verticality_coop --------
L 08/28/2016 - 03:59:35: -------- Mapchange to winter_rescue_v1 --------
L 08/28/2016 - 04:30:57: -------- Mapchange to zagros_convoy_b5 --------
L 08/28/2016 - 05:31:20: -------- Mapchange to almaden_coop_v1_1 --------
L 08/28/2016 - 06:25:19: -------- Mapchange to cs_officeb3_coop_v1_5 --------
L 08/28/2016 - 06:47:45: -------- Mapchange to badlands_coop_b1 --------
L 08/28/2016 - 07:07:17: -------- Mapchange to badlands_night_b1 --------
L 08/28/2016 - 07:27:20: -------- Mapchange to baghdad_b5 --------
L 08/28/2016 - 08:22:39: -------- Mapchange to karkand_redux_p2_v1 --------
L 08/28/2016 - 08:36:13: -------- Mapchange to karkand_redux_p2_v1 --------
L 08/28/2016 - 08:52:00: -------- Mapchange to cs_motel_coop_nd_v1_3 --------
L 08/28/2016 - 09:01:21: [respawn.smx] "Blaze<3829><STEAM_1:1:868254><>" respawned "Blaze<3829><STEAM_1:1:868254><>"
L 08/28/2016 - 09:06:25: -------- Mapchange to badel_coop_v1 --------
L 08/28/2016 - 09:21:53: [respawn.smx] "Blaze<3829><STEAM_1:1:868254><>" respawned "RS-Calico<2889><STEAM_1:1:80640929><>"
L 08/28/2016 - 09:21:53: [respawn.smx] "Blaze<3829><STEAM_1:1:868254><>" respawned "born2kill<3804><STEAM_1:0:47544727><>"
L 08/28/2016 - 09:23:58: -------- Mapchange to estates_b4 --------
L 08/28/2016 - 09:36:41: -------- Mapchange to pow_raid --------
L 08/28/2016 - 09:56:59: -------- Mapchange to sinjar_coop --------
L 08/28/2016 - 10:09:50: -------- Mapchange to siege_coop --------
L 08/28/2016 - 10:22:43: -------- Mapchange to caves_coop --------
L 08/28/2016 - 10:30:59: -------- Mapchange to inferno_checkpoint_b2 --------
L 08/28/2016 - 10:52:45: -------- Mapchange to inferno_checkpoint_b2 --------
L 08/28/2016 - 11:02:23: -------- Mapchange to cs_motel_coop_nd_v1_3 --------
L 08/28/2016 - 11:11:26: -------- Mapchange to prophet_coop --------
L 08/28/2016 - 11:24:50: -------- Mapchange to hurtlocker_coopv2hc --------
L 08/28/2016 - 11:34:55: -------- Mapchange to healthcenter_coop --------
L 08/28/2016 - 11:48:42: -------- Mapchange to launch_control_coopv1_9 --------
L 08/28/2016 - 12:04:36: -------- Mapchange to zagros_convoy_b5 --------
L 08/28/2016 - 12:11:27: -------- Mapchange to tet --------
L 08/28/2016 - 12:23:17: -------- Mapchange to dust2_checkpoint_b7 --------
L 08/28/2016 - 12:37:07: -------- Mapchange to cu_chi_tunnels --------
L 08/28/2016 - 13:02:01: -------- Mapchange to winter_rescue_v1 --------
L 08/28/2016 - 13:17:40: -------- Mapchange to cs_officeb3_coop_v1_5 --------
L 08/28/2016 - 13:25:55: -------- Mapchange to haditha_dam_coop_finale --------
L 08/28/2016 - 13:52:03: -------- Mapchange to baghdad_b5 --------
L 08/28/2016 - 14:04:29: -------- Mapchange to healthcenter_coop --------
L 08/28/2016 - 14:14:22: -------- Mapchange to dust2_checkpoint_b7 --------
L 08/28/2016 - 14:23:26: -------- Mapchange to game_day_coopv1_3 --------
L 08/28/2016 - 14:52:53: -------- Mapchange to winter_rescue_v1 --------
L 08/28/2016 - 15:04:35: -------- Mapchange to fortress_coop_beta5 --------
L 08/28/2016 - 15:21:18: -------- Mapchange to healthcenter_coop --------
L 08/28/2016 - 15:31:06: -------- Mapchange to panama_canal_a3 --------
L 08/28/2016 - 15:52:29: -------- Mapchange to chateau_tunnels_v1 --------
L 08/28/2016 - 16:07:26: -------- Mapchange to bb_gauntlet_b4 --------
L 08/28/2016 - 16:21:20: -------- Mapchange to drycanal_coop --------
L 08/28/2016 - 16:36:10: -------- Mapchange to crossbowv1_1 --------
L 08/28/2016 - 16:49:39: -------- Mapchange to ministry_coop --------
L 08/28/2016 - 17:01:46: -------- Mapchange to panama_canal_a3 --------
L 08/28/2016 - 17:20:01: -------- Mapchange to buhriz_coop --------
L 08/28/2016 - 17:33:49: -------- Mapchange to karkand_redux_p2_v1 --------
L 08/28/2016 - 18:00:30: -------- Mapchange to ministry_coop --------
L 08/28/2016 - 18:08:28: -------- Mapchange to sinjar_coop --------
L 08/28/2016 - 18:15:25: -------- Mapchange to dust2_checkpoint_b7 --------
L 08/28/2016 - 18:23:16: -------- Mapchange to game_day_coopv1_3 --------
L 08/28/2016 - 18:40:35: -------- Mapchange to sinjar_coop --------
L 08/28/2016 - 18:51:06: -------- Mapchange to market_coop --------
L 08/28/2016 - 19:03:20: -------- Mapchange to winter_rescue_v1 --------
L 08/28/2016 - 19:15:36: -------- Mapchange to sinjar_coop --------
L 08/28/2016 - 19:26:26: -------- Mapchange to the_burbs_coop --------
L 08/28/2016 - 19:39:09: -------- Mapchange to bridge_coop_optimized_v1 --------
L 08/28/2016 - 19:54:35: -------- Mapchange to de_lake_coop_nd_v1_2 --------
L 08/28/2016 - 19:55:27: [basecommands.smx] "Blaze<5610><STEAM_1:1:868254><>" changed map to "tell_coop checkpoint"
L 08/28/2016 - 19:55:30: [SM] Changed map to "tell_coop checkpoint"
L 08/28/2016 - 19:55:31: -------- Mapchange to tell_coop --------
L 08/28/2016 - 19:58:40: [respawn.smx] "Blaze<5610><STEAM_1:1:868254><>" respawned "Blaze<5610><STEAM_1:1:868254><>"
L 08/28/2016 - 20:00:28: [respawn.smx] "Blaze<5610><STEAM_1:1:868254><>" respawned "Navii-Gamer<5688><STEAM_1:1:83316816><>"
L 08/28/2016 - 20:00:28: [respawn.smx] "Blaze<5610><STEAM_1:1:868254><>" respawned "Coach<5718><STEAM_1:0:5455237><>"
L 08/28/2016 - 20:06:08: [respawn.smx] "Blaze<5610><STEAM_1:1:868254><>" respawned "PreX' Mr. Nobody Cares<5709><STEAM_1:0:89389603><>"
L 08/28/2016 - 20:06:08: [respawn.smx] "Blaze<5610><STEAM_1:1:868254><>" respawned "Thors_Might<5647><STEAM_1:0:43325041><>"
L 08/28/2016 - 20:06:08: [respawn.smx] "Blaze<5610><STEAM_1:1:868254><>" respawned "miracle_cat<5466><STEAM_1:1:126983602><>"
L 08/28/2016 - 20:06:08: [respawn.smx] "Blaze<5610><STEAM_1:1:868254><>" respawned "Blaze<5610><STEAM_1:1:868254><>"
L 08/28/2016 - 20:06:08: [respawn.smx] "Blaze<5610><STEAM_1:1:868254><>" respawned "Thesmallweirdo<5713><STEAM_1:0:120829639><>"
L 08/28/2016 - 20:12:27: -------- Mapchange to haditha_dam_coop_finale --------
L 08/28/2016 - 20:16:15: [respawn.smx] "Blaze<5610><STEAM_1:1:868254><>" respawned "Blaze<5610><STEAM_1:1:868254><>"
L 08/28/2016 - 20:19:46: [respawn.smx] "Blaze<5610><STEAM_1:1:868254><>" respawned "Blaze<5610><STEAM_1:1:868254><>"
L 08/28/2016 - 20:19:46: [respawn.smx] "Blaze<5610><STEAM_1:1:868254><>" respawned "Fengzi<5758><STEAM_1:1:78869739><>"
L 08/28/2016 - 20:20:59: [respawn.smx] "Blaze<5610><STEAM_1:1:868254><>" respawned "Dr.Krieger<5522><STEAM_1:0:29136989><>"
L 08/28/2016 - 20:20:59: [respawn.smx] "Blaze<5610><STEAM_1:1:868254><>" respawned "PreX' Mr. Nobody Cares<5709><STEAM_1:0:89389603><>"
L 08/28/2016 - 20:20:59: [respawn.smx] "Blaze<5610><STEAM_1:1:868254><>" respawned "An Eviction Notice<5722><STEAM_1:0:155578892><>"
L 08/28/2016 - 20:20:59: [respawn.smx] "Blaze<5610><STEAM_1:1:868254><>" respawned "Blaze<5610><STEAM_1:1:868254><>"
L 08/28/2016 - 20:20:59: [respawn.smx] "Blaze<5610><STEAM_1:1:868254><>" respawned "Fengzi<5758><STEAM_1:1:78869739><>"
L 08/28/2016 - 20:20:59: [respawn.smx] "Blaze<5610><STEAM_1:1:868254><>" respawned "Coach<5718><STEAM_1:0:5455237><>"
L 08/28/2016 - 20:34:49: [basecomm.smx] "Blaze<5610><STEAM_1:1:868254><>" silenced "Thors_Might<5647><STEAM_1:0:43325041><>"
L 08/28/2016 - 20:36:44: [respawn.smx] "Blaze<5610><STEAM_1:1:868254><>" respawned "Blaze<5610><STEAM_1:1:868254><>"
L 08/28/2016 - 20:39:09: -------- Mapchange to haditha_dam_coop_finale --------
L 08/28/2016 - 21:01:00: -------- Mapchange to invasion_coop_beta3 --------
L 08/28/2016 - 21:13:19: -------- Mapchange to bridge_coop_optimized_v1 --------
L 08/28/2016 - 21:24:43: -------- Mapchange to hurtlocker_coopv2hc --------
L 08/28/2016 - 22:00:47: -------- Mapchange to bridge_coop_optimized_v1 --------
L 08/28/2016 - 22:19:19: -------- Mapchange to sinjar_coop --------
L 08/28/2016 - 22:25:27: [sourcebans.smx] "Jujube<5974><STEAM_1:0:27934489><>" banned "♛Mr.Clean♛<6020><STEAM_1:1:122317653><>" (minutes "0") (reason "Team Killing")
L 08/28/2016 - 22:25:27: [sourcebans.smx] "Jujube<5974><STEAM_1:0:27934489><>" banned "♛Mr.Clean♛<6020><STEAM_1:1:122317653><>" (minutes "5") (reason "You have been banned by this server, check https://bans.rgservers.com for more info")
L 08/28/2016 - 22:25:27: [sourcebans.smx] "Jujube<5974><STEAM_1:0:27934489><>" banned "♛Mr.Clean♛<6020><STEAM_1:1:122317653><>" (minutes "5") (reason "You have been banned by this server, check https://bans.rgservers.com for more info")
L 08/28/2016 - 22:25:27: [sourcebans.smx] "Jujube<5974><STEAM_1:0:27934489><>" banned "♛Mr.Clean♛<6020><STEAM_1:1:122317653><>" (minutes "5") (reason "You have been banned by this server, check https://bans.rgservers.com for more info")
L 08/28/2016 - 22:25:27: [sourcebans.smx] "Jujube<5974><STEAM_1:0:27934489><>" banned "♛Mr.Clean♛<6020><STEAM_1:1:122317653><>" (minutes "5") (reason "You have been banned by this server, check https://bans.rgservers.com for more info")
L 08/28/2016 - 22:25:27: [sourcebans.smx] "Jujube<5974><STEAM_1:0:27934489><>" banned "♛Mr.Clean♛<6020><STEAM_1:1:122317653><>" (minutes "5") (reason "You have been banned by this server, check https://bans.rgservers.com for more info")
L 08/28/2016 - 22:25:27: [sourcebans.smx] "Jujube<5974><STEAM_1:0:27934489><>" banned "♛Mr.Clean♛<6020><STEAM_1:1:122317653><>" (minutes "5") (reason "You have been banned by this server, check https://bans.rgservers.com for more info")
L 08/28/2016 - 22:25:27: [sourcebans.smx] "Jujube<5974><STEAM_1:0:27934489><>" banned "♛Mr.Clean♛<6020><STEAM_1:1:122317653><>" (minutes "5") (reason "You have been banned by this server, check https://bans.rgservers.com for more info")
L 08/28/2016 - 22:25:27: [sourcebans.smx] "Jujube<5974><STEAM_1:0:27934489><>" banned "♛Mr.Clean♛<6020><STEAM_1:1:122317653><>" (minutes "5") (reason "You have been banned by this server, check https://bans.rgservers.com for more info")
L 08/28/2016 - 22:25:27: [sourcebans.smx] "Jujube<5974><STEAM_1:0:27934489><>" banned "♛Mr.Clean♛<6020><STEAM_1:1:122317653><>" (minutes "5") (reason "You have been banned by this server, check https://bans.rgservers.com for more info")
L 08/28/2016 - 22:25:27: [sourcebans.smx] "Jujube<5974><STEAM_1:0:27934489><>" banned "♛Mr.Clean♛<6020><STEAM_1:1:122317653><>" (minutes "5") (reason "You have been banned by this server, check https://bans.rgservers.com for more info")
L 08/28/2016 - 22:25:27: [sourcebans.smx] "Jujube<5974><STEAM_1:0:27934489><>" banned "♛Mr.Clean♛<6020><STEAM_1:1:122317653><>" (minutes "5") (reason "You have been banned by this server, check https://bans.rgservers.com for more info")
L 08/28/2016 - 22:25:27: [sourcebans.smx] "Jujube<5974><STEAM_1:0:27934489><>" banned "♛Mr.Clean♛<6020><STEAM_1:1:122317653><>" (minutes "5") (reason "You have been banned by this server, check https://bans.rgservers.com for more info")
L 08/28/2016 - 22:25:27: [sourcebans.smx] "Jujube<5974><STEAM_1:0:27934489><>" banned "♛Mr.Clean♛<6020><STEAM_1:1:122317653><>" (minutes "5") (reason "You have been banned by this server, check https://bans.rgservers.com for more info")
L 08/28/2016 - 22:25:27: [sourcebans.smx] "Jujube<5974><STEAM_1:0:27934489><>" banned "♛Mr.Clean♛<6020><STEAM_1:1:122317653><>" (minutes "5") (reason "You have been banned by this server, check https://bans.rgservers.com for more info")
L 08/28/2016 - 22:25:27: [sourcebans.smx] "Jujube<5974><STEAM_1:0:27934489><>" banned "♛Mr.Clean♛<6020><STEAM_1:1:122317653><>" (minutes "5") (reason "You have been banned by this server, check https://bans.rgservers.com for more info")
L 08/28/2016 - 22:25:27: [sourcebans.smx] "Jujube<5974><STEAM_1:0:27934489><>" banned "♛Mr.Clean♛<6020><STEAM_1:1:122317653><>" (minutes "5") (reason "You have been banned by this server, check https://bans.rgservers.com for more info")
L 08/28/2016 - 22:25:27: [sourcebans.smx] "Jujube<5974><STEAM_1:0:27934489><>" banned "♛Mr.Clean♛<6020><STEAM_1:1:122317653><>" (minutes "5") (reason "You have been banned by this server, check https://bans.rgservers.com for more info")
L 08/28/2016 - 22:25:27: [sourcebans.smx] "Jujube<5974><STEAM_1:0:27934489><>" banned "♛Mr.Clean♛<6020><STEAM_1:1:122317653><>" (minutes "5") (reason "You have been banned by this server, check https://bans.rgservers.com for more info")
L 08/28/2016 - 22:25:27: [sourcebans.smx] "Jujube<5974><STEAM_1:0:27934489><>" banned "♛Mr.Clean♛<6020><STEAM_1:1:122317653><>" (minutes "5") (reason "You have been banned by this server, check https://bans.rgservers.com for more info")
L 08/28/2016 - 22:25:27: [sourcebans.smx] "Jujube<5974><STEAM_1:0:27934489><>" banned "♛Mr.Clean♛<6020><STEAM_1:1:122317653><>" (minutes "5") (reason "You have been banned by this server, check https://bans.rgservers.com for more info")
L 08/28/2016 - 22:25:27: [sourcebans.smx] "Jujube<5974><STEAM_1:0:27934489><>" banned "♛Mr.Clean♛<6020><STEAM_1:1:122317653><>" (minutes "5") (reason "You have been banned by this server, check https://bans.rgservers.com for more info")
L 08/28/2016 - 22:25:27: [sourcebans.smx] "Jujube<5974><STEAM_1:0:27934489><>" banned "♛Mr.Clean♛<6020><STEAM_1:1:122317653><>" (minutes "5") (reason "You have been banned by this server, check https://bans.rgservers.com for more info")
L 08/28/2016 - 22:25:27: [sourcebans.smx] "Jujube<5974><STEAM_1:0:27934489><>" banned "♛Mr.Clean♛<6020><STEAM_1:1:122317653><>" (minutes "5") (reason "You have been banned by this server, check https://bans.rgservers.com for more info")
L 08/28/2016 - 22:25:27: [sourcebans.smx] "Jujube<5974><STEAM_1:0:27934489><>" banned "♛Mr.Clean♛<6020><STEAM_1:1:122317653><>" (minutes "5") (reason "You have been banned by this server, check https://bans.rgservers.com for more info")
L 08/28/2016 - 22:25:27: [sourcebans.smx] "Jujube<5974><STEAM_1:0:27934489><>" banned "♛Mr.Clean♛<6020><STEAM_1:1:122317653><>" (minutes "5") (reason "You have been banned by this server, check https://bans.rgservers.com for more info")
L 08/28/2016 - 22:25:27: [sourcebans.smx] "Jujube<5974><STEAM_1:0:27934489><>" banned "♛Mr.Clean♛<6020><STEAM_1:1:122317653><>" (minutes "5") (reason "You have been banned by this server, check https://bans.rgservers.com for more info")
L 08/28/2016 - 22:25:27: [sourcebans.smx] "Jujube<5974><STEAM_1:0:27934489><>" banned "♛Mr.Clean♛<6020><STEAM_1:1:122317653><>" (minutes "5") (reason "You have been banned by this server, check https://bans.rgservers.com for more info")
L 08/28/2016 - 22:25:27: [sourcebans.smx] "Jujube<5974><STEAM_1:0:27934489><>" banned "♛Mr.Clean♛<6020><STEAM_1:1:122317653><>" (minutes "5") (reason "You have been banned by this server, check https://bans.rgservers.com for more info")
L 08/28/2016 - 22:25:27: [sourcebans.smx] "Jujube<5974><STEAM_1:0:27934489><>" banned "♛Mr.Clean♛<6020><STEAM_1:1:122317653><>" (minutes "5") (reason "You have been banned by this server, check https://bans.rgservers.com for more info")
L 08/28/2016 - 22:25:27: [sourcebans.smx] "Jujube<5974><STEAM_1:0:27934489><>" banned "♛Mr.Clean♛<6020><STEAM_1:1:122317653><>" (minutes "5") (reason "You have been banned by this server, check https://bans.rgservers.com for more info")
L 08/28/2016 - 22:25:27: [sourcebans.smx] "Jujube<5974><STEAM_1:0:27934489><>" banned "♛Mr.Clean♛<6020><STEAM_1:1:122317653><>" (minutes "5") (reason "You have been banned by this server, check https://bans.rgservers.com for more info")
L 08/28/2016 - 22:25:27: [sourcebans.smx] "Jujube<5974><STEAM_1:0:27934489><>" banned "♛Mr.Clean♛<6020><STEAM_1:1:122317653><>" (minutes "5") (reason "You have been banned by this server, check https://bans.rgservers.com for more info")
L 08/28/2016 - 22:25:27: [sourcebans.smx] "Jujube<5974><STEAM_1:0:27934489><>" banned "♛Mr.Clean♛<6020><STEAM_1:1:122317653><>" (minutes "5") (reason "You have been banned by this server, check https://bans.rgservers.com for more info")
L 08/28/2016 - 22:25:27: [sourcebans.smx] "Jujube<5974><STEAM_1:0:27934489><>" banned "♛Mr.Clean♛<6020><STEAM_1:1:122317653><>" (minutes "5") (reason "You have been banned by this server, check https://bans.rgservers.com for more info")
L 08/28/2016 - 22:25:27: [sourcebans.smx] "Jujube<5974><STEAM_1:0:27934489><>" banned "♛Mr.Clean♛<6020><STEAM_1:1:122317653><>" (minutes "5") (reason "You have been banned by this server, check https://bans.rgservers.com for more info")
L 08/28/2016 - 22:25:27: [sourcebans.smx] "Jujube<5974><STEAM_1:0:27934489><>" banned "♛Mr.Clean♛<6020><STEAM_1:1:122317653><>" (minutes "5") (reason "You have been banned by this server, check https://bans.rgservers.com for more info")
L 08/28/2016 - 22:33:32: -------- Mapchange to heights_coop --------
L 08/28/2016 - 22:34:47: [sourcebans.smx] "Jujube<5974><STEAM_1:0:27934489><>" banned "wholeshot<5975><STEAM_1:0:40846812><>" (minutes "0") (reason "Inappropriate Language")
L 08/28/2016 - 22:34:47: [sourcebans.smx] "Jujube<5974><STEAM_1:0:27934489><>" banned "wholeshot<5975><STEAM_1:0:40846812><>" (minutes "5") (reason "You have been banned by this server, check https://bans.rgservers.com for more info")
L 08/28/2016 - 22:34:47: [sourcebans.smx] "Jujube<5974><STEAM_1:0:27934489><>" banned "wholeshot<5975><STEAM_1:0:40846812><>" (minutes "5") (reason "You have been banned by this server, check https://bans.rgservers.com for more info")
L 08/28/2016 - 22:34:47: [sourcebans.smx] "Jujube<5974><STEAM_1:0:27934489><>" banned "wholeshot<5975><STEAM_1:0:40846812><>" (minutes "5") (reason "You have been banned by this server, check https://bans.rgservers.com for more info")
L 08/28/2016 - 22:34:47: [sourcebans.smx] "Jujube<5974><STEAM_1:0:27934489><>" banned "wholeshot<5975><STEAM_1:0:40846812><>" (minutes "5") (reason "You have been banned by this server, check https://bans.rgservers.com for more info")
L 08/28/2016 - 22:34:47: [sourcebans.smx] "Jujube<5974><STEAM_1:0:27934489><>" banned "wholeshot<5975><STEAM_1:0:40846812><>" (minutes "5") (reason "You have been banned by this server, check https://bans.rgservers.com for more info")
L 08/28/2016 - 22:34:47: [sourcebans.smx] "Jujube<5974><STEAM_1:0:27934489><>" banned "wholeshot<5975><STEAM_1:0:40846812><>" (minutes "5") (reason "You have been banned by this server, check https://bans.rgservers.com for more info")
L 08/28/2016 - 22:34:47: [sourcebans.smx] "Jujube<5974><STEAM_1:0:27934489><>" banned "wholeshot<5975><STEAM_1:0:40846812><>" (minutes "5") (reason "You have been banned by this server, check https://bans.rgservers.com for more info")
L 08/28/2016 - 22:34:47: [sourcebans.smx] "Jujube<5974><STEAM_1:0:27934489><>" banned "wholeshot<5975><STEAM_1:0:40846812><>" (minutes "5") (reason "You have been banned by this server, check https://bans.rgservers.com for more info")
L 08/28/2016 - 22:34:47: [sourcebans.smx] "Jujube<5974><STEAM_1:0:27934489><>" banned "wholeshot<5975><STEAM_1:0:40846812><>" (minutes "5") (reason "You have been banned by this server, check https://bans.rgservers.com for more info")
L 08/28/2016 - 22:34:47: [sourcebans.smx] "Jujube<5974><STEAM_1:0:27934489><>" banned "wholeshot<5975><STEAM_1:0:40846812><>" (minutes "5") (reason "You have been banned by this server, check https://bans.rgservers.com for more info")
L 08/28/2016 - 22:34:47: [sourcebans.smx] "Jujube<5974><STEAM_1:0:27934489><>" banned "wholeshot<5975><STEAM_1:0:40846812><>" (minutes "5") (reason "You have been banned by this server, check https://bans.rgservers.com for more info")
L 08/28/2016 - 22:34:47: [sourcebans.smx] "Jujube<5974><STEAM_1:0:27934489><>" banned "wholeshot<5975><STEAM_1:0:40846812><>" (minutes "5") (reason "You have been banned by this server, check https://bans.rgservers.com for more info")
L 08/28/2016 - 22:34:47: [sourcebans.smx] "Jujube<5974><STEAM_1:0:27934489><>" banned "wholeshot<5975><STEAM_1:0:40846812><>" (minutes "5") (reason "You have been banned by this server, check https://bans.rgservers.com for more info")
L 08/28/2016 - 22:34:47: [sourcebans.smx] "Jujube<5974><STEAM_1:0:27934489><>" banned "wholeshot<5975><STEAM_1:0:40846812><>" (minutes "5") (reason "You have been banned by this server, check https://bans.rgservers.com for more info")
L 08/28/2016 - 22:34:47: [sourcebans.smx] "Jujube<5974><STEAM_1:0:27934489><>" banned "wholeshot<5975><STEAM_1:0:40846812><>" (minutes "5") (reason "You have been banned by this server, check https://bans.rgservers.com for more info")
L 08/28/2016 - 22:34:47: [sourcebans.smx] "Jujube<5974><STEAM_1:0:27934489><>" banned "wholeshot<5975><STEAM_1:0:40846812><>" (minutes "5") (reason "You have been banned by this server, check https://bans.rgservers.com for more info")
L 08/28/2016 - 22:34:47: [sourcebans.smx] "Jujube<5974><STEAM_1:0:27934489><>" banned "wholeshot<5975><STEAM_1:0:40846812><>" (minutes "5") (reason "You have been banned by this server, check https://bans.rgservers.com for more info")
L 08/28/2016 - 22:34:47: [sourcebans.smx] "Jujube<5974><STEAM_1:0:27934489><>" banned "wholeshot<5975><STEAM_1:0:40846812><>" (minutes "5") (reason "You have been banned by this server, check https://bans.rgservers.com for more info")
L 08/28/2016 - 22:34:47: [sourcebans.smx] "Jujube<5974><STEAM_1:0:27934489><>" banned "wholeshot<5975><STEAM_1:0:40846812><>" (minutes "5") (reason "You have been banned by this server, check https://bans.rgservers.com for more info")
L 08/28/2016 - 22:34:47: [sourcebans.smx] "Jujube<5974><STEAM_1:0:27934489><>" banned "wholeshot<5975><STEAM_1:0:40846812><>" (minutes "5") (reason "You have been banned by this server, check https://bans.rgservers.com for more info")
L 08/28/2016 - 22:34:47: [sourcebans.smx] "Jujube<5974><STEAM_1:0:27934489><>" banned "wholeshot<5975><STEAM_1:0:40846812><>" (minutes "5") (reason "You have been banned by this server, check https://bans.rgservers.com for more info")
L 08/28/2016 - 22:34:47: [sourcebans.smx] "Jujube<5974><STEAM_1:0:27934489><>" banned "wholeshot<5975><STEAM_1:0:40846812><>" (minutes "5") (reason "You have been banned by this server, check https://bans.rgservers.com for more info")
L 08/28/2016 - 22:34:47: [sourcebans.smx] "Jujube<5974><STEAM_1:0:27934489><>" banned "wholeshot<5975><STEAM_1:0:40846812><>" (minutes "5") (reason "You have been banned by this server, check https://bans.rgservers.com for more info")
L 08/28/2016 - 22:34:47: [sourcebans.smx] "Jujube<5974><STEAM_1:0:27934489><>" banned "wholeshot<5975><STEAM_1:0:40846812><>" (minutes "5") (reason "You have been banned by this server, check https://bans.rgservers.com for more info")
L 08/28/2016 - 22:34:47: [sourcebans.smx] "Jujube<5974><STEAM_1:0:27934489><>" banned "wholeshot<5975><STEAM_1:0:40846812><>" (minutes "5") (reason "You have been banned by this server, check https://bans.rgservers.com for more info")
L 08/28/2016 - 22:34:47: [sourcebans.smx] "Jujube<5974><STEAM_1:0:27934489><>" banned "wholeshot<5975><STEAM_1:0:40846812><>" (minutes "5") (reason "You have been banned by this server, check https://bans.rgservers.com for more info")
L 08/28/2016 - 22:34:47: [sourcebans.smx] "Jujube<5974><STEAM_1:0:27934489><>" banned "wholeshot<5975><STEAM_1:0:40846812><>" (minutes "5") (reason "You have been banned by this server, check https://bans.rgservers.com for more info")
L 08/28/2016 - 22:34:47: [sourcebans.smx] "Jujube<5974><STEAM_1:0:27934489><>" banned "wholeshot<5975><STEAM_1:0:40846812><>" (minutes "5") (reason "You have been banned by this server, check https://bans.rgservers.com for more info")
L 08/28/2016 - 22:34:47: [sourcebans.smx] "Jujube<5974><STEAM_1:0:27934489><>" banned "wholeshot<5975><STEAM_1:0:40846812><>" (minutes "5") (reason "You have been banned by this server, check https://bans.rgservers.com for more info")
L 08/28/2016 - 22:34:47: [sourcebans.smx] "Jujube<5974><STEAM_1:0:27934489><>" banned "wholeshot<5975><STEAM_1:0:40846812><>" (minutes "5") (reason "You have been banned by this server, check https://bans.rgservers.com for more info")
L 08/28/2016 - 22:34:47: [sourcebans.smx] "Jujube<5974><STEAM_1:0:27934489><>" banned "wholeshot<5975><STEAM_1:0:40846812><>" (minutes "5") (reason "You have been banned by this server, check https://bans.rgservers.com for more info")
L 08/28/2016 - 22:34:47: [sourcebans.smx] "Jujube<5974><STEAM_1:0:27934489><>" banned "wholeshot<5975><STEAM_1:0:40846812><>" (minutes "5") (reason "You have been banned by this server, check https://bans.rgservers.com for more info")
L 08/28/2016 - 22:34:47: [sourcebans.smx] "Jujube<5974><STEAM_1:0:27934489><>" banned "wholeshot<5975><STEAM_1:0:40846812><>" (minutes "5") (reason "You have been banned by this server, check https://bans.rgservers.com for more info")
L 08/28/2016 - 22:34:47: [sourcebans.smx] "Jujube<5974><STEAM_1:0:27934489><>" banned "wholeshot<5975><STEAM_1:0:40846812><>" (minutes "5") (reason "You have been banned by this server, check https://bans.rgservers.com for more info")
L 08/28/2016 - 22:34:47: [sourcebans.smx] "Jujube<5974><STEAM_1:0:27934489><>" banned "wholeshot<5975><STEAM_1:0:40846812><>" (minutes "5") (reason "You have been banned by this server, check https://bans.rgservers.com for more info")
L 08/28/2016 - 22:34:47: [sourcebans.smx] "Jujube<5974><STEAM_1:0:27934489><>" banned "wholeshot<5975><STEAM_1:0:40846812><>" (minutes "5") (reason "You have been banned by this server, check https://bans.rgservers.com for more info")
L 08/28/2016 - 22:50:40: -------- Mapchange to healthcenter_coop --------
L 08/28/2016 - 23:01:31: -------- Mapchange to ps7n --------
L 08/28/2016 - 23:16:53: -------- Mapchange to fortress_coop_beta5 --------
L 08/28/2016 - 23:47:35: -------- Mapchange to tell_coop --------
