L 08/15/2016 - 00:11:16: SourceMod log file session started (file "L20160815.log") (Version "1.8.0.5919")
L 08/15/2016 - 00:11:16: -------- Mapchange to karkand_redux_p2_v1 --------
L 08/15/2016 - 00:23:57: -------- Mapchange to fortress_coop_beta5 --------
L 08/15/2016 - 00:47:53: -------- Mapchange to haditha_dam_coop_finale --------
L 08/15/2016 - 01:20:27: -------- Mapchange to depot_coop --------
L 08/15/2016 - 01:50:48: -------- Mapchange to district_coop --------
L 08/15/2016 - 02:25:47: -------- Mapchange to launch_control_coopv1_9 --------
L 08/15/2016 - 03:02:16: -------- Mapchange to heights_coop --------
L 08/15/2016 - 03:26:56: -------- Mapchange to tell_coop --------
L 08/15/2016 - 03:48:22: -------- Mapchange to revolt_coop --------
L 08/15/2016 - 04:01:57: -------- Mapchange to market_coop --------
L 08/15/2016 - 04:18:31: -------- Mapchange to sinjar_coop --------
L 08/15/2016 - 04:34:18: -------- Mapchange to haditha_dam_coop_finale --------
L 08/15/2016 - 08:31:08: -------- Mapchange to cs_militia_coop_v1_1 --------
L 08/15/2016 - 08:50:11: -------- Mapchange to district_coop --------
L 08/15/2016 - 09:21:31: -------- Mapchange to block_partyv1_1_coop --------
L 08/15/2016 - 09:35:27: -------- Mapchange to baghdad_b5 --------
L 08/15/2016 - 09:47:09: -------- Mapchange to inferno_checkpoint_b2 --------
L 08/15/2016 - 09:56:34: -------- Mapchange to karkand_redux_p2_v1 --------
L 08/15/2016 - 10:31:00: -------- Mapchange to cs_officeb3_coop_v1_5 --------
L 08/15/2016 - 10:43:57: -------- Mapchange to trenches6_coop_v1_2 --------
L 08/15/2016 - 10:54:37: -------- Mapchange to gizab_b1_coop --------
L 08/15/2016 - 11:06:08: -------- Mapchange to haditha_dam_coop_finale --------
L 08/15/2016 - 11:41:29: -------- Mapchange to estates_b4 --------
L 08/15/2016 - 11:56:59: -------- Mapchange to panama_canal_a3 --------
L 08/15/2016 - 12:56:17: -------- Mapchange to invasion_coop_beta3 --------
L 08/15/2016 - 13:09:37: -------- Mapchange to jail_break_coop_ws --------
L 08/15/2016 - 13:23:50: -------- Mapchange to heights_coop --------
L 08/15/2016 - 13:39:42: -------- Mapchange to crossbowv1_1 --------
L 08/15/2016 - 13:51:27: -------- Mapchange to osama_b3_checkpoint --------
L 08/15/2016 - 14:07:07: -------- Mapchange to buhriz_coop --------
L 08/15/2016 - 14:18:47: -------- Mapchange to ps7n --------
L 08/15/2016 - 15:06:04: -------- Mapchange to revolt_coop --------
L 08/15/2016 - 15:19:45: -------- Mapchange to pow_raid --------
L 08/15/2016 - 15:37:45: -------- Mapchange to depot_coop --------
L 08/15/2016 - 16:07:33: -------- Mapchange to sinjar_coop --------
L 08/15/2016 - 16:20:32: -------- Mapchange to gizab_b1_coop --------
L 08/15/2016 - 16:39:21: -------- Mapchange to kandagal_coop_b5 --------
L 08/15/2016 - 16:52:03: -------- Mapchange to siege_coop --------
L 08/15/2016 - 17:04:11: -------- Mapchange to winter_rescue_v1 --------
L 08/15/2016 - 17:18:15: -------- Mapchange to osama_b3_checkpoint --------
L 08/15/2016 - 17:29:36: -------- Mapchange to bridge_coop_optimized_v1 --------
L 08/15/2016 - 17:53:18: -------- Mapchange to district_coop --------
L 08/15/2016 - 18:02:18: -------- Mapchange to panama_canal_a3 --------
L 08/15/2016 - 18:20:28: -------- Mapchange to bridge_coop_optimized_v1 --------
L 08/15/2016 - 18:42:56: -------- Mapchange to baghdad_b5 --------
L 08/15/2016 - 19:18:14: -------- Mapchange to cu_chi_tunnels --------
L 08/15/2016 - 19:30:24: -------- Mapchange to embassy_coop --------
L 08/15/2016 - 19:44:06: -------- Mapchange to prophet_coop --------
L 08/15/2016 - 20:00:54: -------- Mapchange to hijacked_redux_v1_1 --------
L 08/15/2016 - 20:17:53: -------- Mapchange to jail_break_coop_ws --------
L 08/15/2016 - 20:32:06: -------- Mapchange to cu_chi_tunnels --------
L 08/15/2016 - 20:44:25: -------- Mapchange to panama_canal_a3 --------
L 08/15/2016 - 21:15:11: -------- Mapchange to invasion_coop_beta3 --------
L 08/15/2016 - 21:29:23: -------- Mapchange to sinjar_coop --------
L 08/15/2016 - 21:41:51: -------- Mapchange to prophet_coop --------
L 08/15/2016 - 21:55:45: -------- Mapchange to haditha_dam_coop_finale --------
L 08/15/2016 - 22:59:02: -------- Mapchange to tell_coop --------
L 08/15/2016 - 23:18:04: -------- Mapchange to tet --------
L 08/15/2016 - 23:39:52: -------- Mapchange to winter_rescue_v1 --------
