L 08/07/2016 - 00:18:59: SourceMod log file session started (file "L20160807.log") (Version "1.8.0.5919")
L 08/07/2016 - 00:18:59: -------- Mapchange to tunnel_rats_coopv1_4 --------
L 08/07/2016 - 00:34:40: -------- Mapchange to revolt_coop --------
L 08/07/2016 - 00:49:06: -------- Mapchange to prophet_coop --------
L 08/07/2016 - 01:11:26: -------- Mapchange to pow_raid --------
L 08/07/2016 - 01:26:39: -------- Mapchange to osama_b3_checkpoint --------
L 08/07/2016 - 01:51:26: -------- Mapchange to ministry_coop --------
L 08/07/2016 - 02:00:47: -------- Mapchange to invasion_coop_beta3 --------
L 08/07/2016 - 02:25:42: -------- Mapchange to hurtlocker_coopv2hc --------
L 08/07/2016 - 03:03:23: -------- Mapchange to baghdad_b5 --------
L 08/07/2016 - 03:39:37: -------- Mapchange to ministry_coop --------
L 08/07/2016 - 03:50:39: -------- Mapchange to cs_officeb3_coop_v1_5 --------
L 08/07/2016 - 04:07:22: -------- Mapchange to badlands_coop_b1 --------
L 08/07/2016 - 04:36:33: -------- Mapchange to haditha_dam_coop_finale --------
L 08/07/2016 - 05:03:13: -------- Mapchange to ps7n --------
L 08/07/2016 - 05:51:45: -------- Mapchange to invasion_coop_beta3 --------
L 08/07/2016 - 06:04:06: -------- Mapchange to hijacked_redux_v1_1 --------
L 08/07/2016 - 06:23:40: -------- Mapchange to district_coop --------
L 08/07/2016 - 06:37:15: -------- Mapchange to tell_coop --------
L 08/07/2016 - 07:17:06: -------- Mapchange to sinjar_coop --------
L 08/07/2016 - 07:29:13: -------- Mapchange to verticality_coop --------
L 08/07/2016 - 07:41:33: -------- Mapchange to gizab_b1_coop --------
L 08/07/2016 - 07:56:54: -------- Mapchange to cs_militia_coop_v1_1 --------
L 08/07/2016 - 08:04:29: -------- Mapchange to bridge_coop_optimized_v1 --------
L 08/07/2016 - 08:16:25: -------- Mapchange to cu_chi_tunnels --------
L 08/07/2016 - 08:42:45: -------- Mapchange to payback_b3 --------
L 08/07/2016 - 08:53:54: -------- Mapchange to winter_rescue_v1 --------
L 08/07/2016 - 09:08:04: -------- Mapchange to fortress_coop_beta5 --------
L 08/07/2016 - 09:26:24: -------- Mapchange to hurtlocker_coopv2hc --------
L 08/07/2016 - 09:47:41: -------- Mapchange to badlands_coop_b1 --------
L 08/07/2016 - 10:05:08: -------- Mapchange to drycanal_coop --------
L 08/07/2016 - 10:18:55: -------- Mapchange to winter_rescue_v1 --------
L 08/07/2016 - 10:33:25: -------- Mapchange to dusty_nights_coopv1_1 --------
L 08/07/2016 - 10:48:56: -------- Mapchange to invasion_coop_beta3 --------
L 08/07/2016 - 10:59:04: [respawn.smx] "TIO=VIO=<4144><STEAM_1:1:572910><>" respawned "TIO=VIO=<4144><STEAM_1:1:572910><>"
L 08/07/2016 - 11:03:45: [respawn.smx] "TIO=VIO=<4144><STEAM_1:1:572910><>" respawned "TIO=VIO=<4144><STEAM_1:1:572910><>"
L 08/07/2016 - 11:07:03: -------- Mapchange to bb_gauntlet_b4 --------
L 08/07/2016 - 11:20:49: -------- Mapchange to de_lake_coop_nd_v1_2 --------
L 08/07/2016 - 11:34:08: -------- Mapchange to dust2_checkpoint_b7 --------
L 08/07/2016 - 11:40:12: -------- Mapchange to jack_hammer_coopv1_2 --------
L 08/07/2016 - 11:58:05: -------- Mapchange to the_burbs_coop --------
L 08/07/2016 - 12:10:07: -------- Mapchange to crossbowv1_1 --------
L 08/07/2016 - 12:23:13: -------- Mapchange to trenches6_coop_v1_2 --------
L 08/07/2016 - 12:33:21: -------- Mapchange to karkand_redux_p2_v1 --------
L 08/07/2016 - 12:51:37: -------- Mapchange to revolt_coop --------
L 08/07/2016 - 13:04:23: -------- Mapchange to drycanal_coop --------
L 08/07/2016 - 13:16:13: -------- Mapchange to estates_b4 --------
L 08/07/2016 - 13:28:23: -------- Mapchange to healthcenter_coop --------
L 08/07/2016 - 13:43:05: -------- Mapchange to osama_b3_checkpoint --------
L 08/07/2016 - 13:58:19: -------- Mapchange to dust2_checkpoint_b7 --------
L 08/07/2016 - 14:09:42: -------- Mapchange to dust2_checkpoint_b7 --------
L 08/07/2016 - 14:15:36: -------- Mapchange to de_lake_coop_nd_v1_2 --------
L 08/07/2016 - 14:22:24: -------- Mapchange to panama_canal_a3 --------
L 08/07/2016 - 14:47:20: -------- Mapchange to inferno_checkpoint_b2 --------
L 08/07/2016 - 15:00:15: -------- Mapchange to pow_raid --------
L 08/07/2016 - 15:21:10: -------- Mapchange to invasion_coop_beta3 --------
L 08/07/2016 - 15:28:52: -------- Mapchange to haditha_dam_coop_finale --------
L 08/07/2016 - 15:51:45: -------- Mapchange to panama_canal_a3 --------
L 08/07/2016 - 16:09:35: -------- Mapchange to shrine_coop_v1 --------
L 08/07/2016 - 16:25:57: -------- Mapchange to buhriz_coop --------
L 08/07/2016 - 16:40:37: -------- Mapchange to baghdad_b5 --------
L 08/07/2016 - 16:49:57: -------- Mapchange to payback_b3 --------
L 08/07/2016 - 17:01:59: -------- Mapchange to panama_canal_a3 --------
L 08/07/2016 - 17:24:37: -------- Mapchange to ministry_coop --------
L 08/07/2016 - 17:34:05: -------- Mapchange to district_coop --------
L 08/07/2016 - 17:47:38: -------- Mapchange to verticality_coop --------
L 08/07/2016 - 17:56:13: -------- Mapchange to ministry_coop --------
L 08/07/2016 - 18:04:15: -------- Mapchange to de_lake_coop_nd_v1_2 --------
L 08/07/2016 - 18:21:06: -------- Mapchange to angle_iron_coop_beta5 --------
L 08/07/2016 - 18:32:16: -------- Mapchange to buhriz_coop --------
L 08/07/2016 - 18:42:47: -------- Mapchange to trenches6_coop_v1_2 --------
L 08/07/2016 - 18:54:18: -------- Mapchange to game_day_coopv1_3 --------
L 08/07/2016 - 19:08:26: -------- Mapchange to bb_gauntlet_b4 --------
L 08/07/2016 - 19:20:17: -------- Mapchange to tunnel_rats_coopv1_4 --------
L 08/07/2016 - 19:48:07: -------- Mapchange to haditha_dam_coop_finale --------
L 08/07/2016 - 20:27:52: -------- Mapchange to the_burbs_coop --------
L 08/07/2016 - 20:42:11: -------- Mapchange to tell_coop --------
L 08/07/2016 - 20:53:02: -------- Mapchange to winter_rescue_v1 --------
L 08/07/2016 - 20:55:49: [respawn.smx] "Blaze<5941><STEAM_1:1:868254><>" respawned "vitaminz<5714><STEAM_1:1:78368361><>"
L 08/07/2016 - 20:55:49: [respawn.smx] "Blaze<5941><STEAM_1:1:868254><>" respawned "Blaze<5941><STEAM_1:1:868254><>"
L 08/07/2016 - 20:55:49: [respawn.smx] "Blaze<5941><STEAM_1:1:868254><>" respawned "harambe<5791><STEAM_1:0:81144996><>"
L 08/07/2016 - 20:55:49: [respawn.smx] "Blaze<5941><STEAM_1:1:868254><>" respawned "LEONIDAS<5778><STEAM_1:0:79043133><>"
L 08/07/2016 - 21:06:34: -------- Mapchange to bridge_coop_optimized_v1 --------
L 08/07/2016 - 21:12:26: [respawn.smx] "Blaze<5941><STEAM_1:1:868254><>" respawned "Blaze<5941><STEAM_1:1:868254><>"
L 08/07/2016 - 21:13:46: [respawn.smx] "Blaze<5941><STEAM_1:1:868254><>" respawned "WPTT Dr. Rockso<5654><STEAM_1:1:23745652><>"
L 08/07/2016 - 21:13:46: [respawn.smx] "Blaze<5941><STEAM_1:1:868254><>" respawned "Blaze<5941><STEAM_1:1:868254><>"
L 08/07/2016 - 21:15:42: [respawn.smx] "Blaze<5941><STEAM_1:1:868254><>" respawned "Blaze<5941><STEAM_1:1:868254><>"
L 08/07/2016 - 21:19:17: -------- Mapchange to shrine_coop_v1 --------
L 08/07/2016 - 21:33:42: -------- Mapchange to winter_rescue_v1 --------
L 08/07/2016 - 21:46:40: -------- Mapchange to trenches6_coop_v1_2 --------
L 08/07/2016 - 21:55:03: [respawn.smx] "Blaze<5941><STEAM_1:1:868254><>" respawned "Blaze<5941><STEAM_1:1:868254><>"
L 08/07/2016 - 21:57:11: -------- Mapchange to launch_control_coopv1_9 --------
L 08/07/2016 - 22:11:49: [respawn.smx] "Blaze<6104><STEAM_1:1:868254><>" respawned "mc995<6035><STEAM_1:1:33779080><>"
L 08/07/2016 - 22:11:49: [respawn.smx] "Blaze<6104><STEAM_1:1:868254><>" respawned "GRIM<5869><STEAM_1:1:8068730><>"
L 08/07/2016 - 22:11:49: [respawn.smx] "Blaze<6104><STEAM_1:1:868254><>" respawned "Blaze<6104><STEAM_1:1:868254><>"
L 08/07/2016 - 22:17:03: -------- Mapchange to bb_gauntlet_b4 --------
L 08/07/2016 - 22:35:09: -------- Mapchange to winter_rescue_v1 --------
L 08/07/2016 - 22:50:58: -------- Mapchange to ministry_coop --------
L 08/07/2016 - 23:06:55: -------- Mapchange to market_coop --------
L 08/07/2016 - 23:20:39: -------- Mapchange to shrine_coop_v1 --------
L 08/07/2016 - 23:55:19: -------- Mapchange to tell_coop --------
