L 08/08/2016 - 00:16:37: SourceMod log file session started (file "L20160808.log") (Version "1.8.0.5919")
L 08/08/2016 - 00:16:37: -------- Mapchange to bb_gauntlet_b4 --------
L 08/08/2016 - 00:31:48: -------- Mapchange to caves_coop --------
L 08/08/2016 - 00:41:13: -------- Mapchange to central_coop_final --------
L 08/08/2016 - 01:22:19: -------- Mapchange to badlands_night_b1 --------
L 08/08/2016 - 01:53:03: -------- Mapchange to fortress_coop_beta5 --------
L 08/08/2016 - 02:48:04: -------- Mapchange to game_day_coopv1_3 --------
L 08/08/2016 - 03:26:54: -------- Mapchange to haditha_dam_coop_finale --------
L 08/08/2016 - 03:57:53: -------- Mapchange to tell_coop --------
L 08/08/2016 - 04:17:12: -------- Mapchange to healthcenter_coop --------
L 08/08/2016 - 05:08:52: -------- Mapchange to heights_coop --------
L 08/08/2016 - 05:13:59: -------- Mapchange to amber_spiritsv1_1_coop --------
L 08/08/2016 - 05:25:31: -------- Mapchange to cs_officeb3_coop_v1_5 --------
L 08/08/2016 - 06:46:56: -------- Mapchange to cu_chi_tunnels --------
L 08/08/2016 - 07:37:23: -------- Mapchange to haditha_dam_coop_finale --------
L 08/08/2016 - 08:22:53: -------- Mapchange to haditha_dam_coop_finale --------
L 08/08/2016 - 08:39:10: -------- Mapchange to bridge_coop_optimized_v1 --------
L 08/08/2016 - 09:18:25: -------- Mapchange to sinjar_coop --------
L 08/08/2016 - 09:42:39: -------- Mapchange to fortress_coop_beta5 --------
L 08/08/2016 - 10:31:06: -------- Mapchange to osama_b3_checkpoint --------
L 08/08/2016 - 10:43:03: -------- Mapchange to jack_hammer_coopv1_2 --------
L 08/08/2016 - 10:54:11: -------- Mapchange to tell_coop --------
L 08/08/2016 - 11:09:15: -------- Mapchange to haditha_dam_coop_finale --------
L 08/08/2016 - 11:30:22: -------- Mapchange to zagros_convoy_b5 --------
L 08/08/2016 - 11:43:07: -------- Mapchange to launch_control_coopv1_9 --------
L 08/08/2016 - 11:58:40: -------- Mapchange to estates_b4 --------
L 08/08/2016 - 12:12:56: -------- Mapchange to pow_raid --------
L 08/08/2016 - 12:27:53: -------- Mapchange to hurtlocker_coopv2hc --------
L 08/08/2016 - 12:41:35: -------- Mapchange to baghdad_b5 --------
L 08/08/2016 - 12:50:23: -------- Mapchange to launch_control_coopv1_9 --------
L 08/08/2016 - 13:06:41: -------- Mapchange to buhriz_coop --------
L 08/08/2016 - 13:17:05: -------- Mapchange to district_coop --------
L 08/08/2016 - 13:25:42: -------- Mapchange to revolt_coop --------
L 08/08/2016 - 13:36:56: -------- Mapchange to embassy_coop --------
L 08/08/2016 - 13:45:45: -------- Mapchange to ministry_coop --------
L 08/08/2016 - 13:51:55: -------- Mapchange to prophet_coop --------
L 08/08/2016 - 14:04:11: -------- Mapchange to gizab_b1_coop --------
L 08/08/2016 - 14:13:28: -------- Mapchange to hijacked_redux_v1_1 --------
L 08/08/2016 - 14:41:16: -------- Mapchange to cs_officeb3_coop_v1_5 --------
L 08/08/2016 - 14:50:47: -------- Mapchange to inferno_checkpoint_b2 --------
L 08/08/2016 - 15:08:52: -------- Mapchange to almaden_coop_v1_1 --------
L 08/08/2016 - 15:22:07: -------- Mapchange to tunnel_rats_coopv1_4 --------
L 08/08/2016 - 15:42:08: -------- Mapchange to crossbowv1_1 --------
L 08/08/2016 - 15:57:06: -------- Mapchange to revolt_coop --------
L 08/08/2016 - 16:16:36: -------- Mapchange to hurtlocker_coopv2hc --------
L 08/08/2016 - 16:29:51: -------- Mapchange to tet --------
L 08/08/2016 - 16:57:48: -------- Mapchange to launch_control_coopv1_9 --------
L 08/08/2016 - 17:11:13: -------- Mapchange to osama_b3_checkpoint --------
L 08/08/2016 - 17:23:31: -------- Mapchange to invasion_coop_beta3 --------
L 08/08/2016 - 17:32:33: -------- Mapchange to chateau_tunnels_v1 --------
L 08/08/2016 - 17:47:39: -------- Mapchange to cs_motel_coop_nd_v1_3 --------
L 08/08/2016 - 17:52:54: -------- Mapchange to badlands_coop_b1 --------
L 08/08/2016 - 18:09:45: -------- Mapchange to winter_rescue_v1 --------
L 08/08/2016 - 18:24:38: -------- Mapchange to tunnel_rats_coopv1_4 --------
L 08/08/2016 - 18:40:39: -------- Mapchange to de_lake_coop_nd_v1_2 --------
L 08/08/2016 - 18:50:22: -------- Mapchange to gizab_b1_coop --------
L 08/08/2016 - 19:00:01: -------- Mapchange to invasion_coop_beta3 --------
L 08/08/2016 - 19:10:01: -------- Mapchange to game_day_coopv1_3 --------
L 08/08/2016 - 19:24:38: -------- Mapchange to jack_hammer_coopv1_2 --------
L 08/08/2016 - 19:35:12: -------- Mapchange to trenches6_coop_v1_2 --------
L 08/08/2016 - 19:46:03: -------- Mapchange to angle_iron_coop_beta5 --------
L 08/08/2016 - 19:50:08: [respawn.smx] "Blaze<8230><STEAM_1:1:868254><>" respawned "Blaze<8230><STEAM_1:1:868254><>"
L 08/08/2016 - 19:58:57: -------- Mapchange to crossbowv1_1 --------
L 08/08/2016 - 20:13:34: -------- Mapchange to hijacked_redux_v1_1 --------
L 08/08/2016 - 20:27:30: [respawn.smx] "Blaze<8337><STEAM_1:1:868254><>" respawned "Coach<8237><STEAM_1:0:5455237><>"
L 08/08/2016 - 20:27:30: [respawn.smx] "Blaze<8337><STEAM_1:1:868254><>" respawned "RS-Calico<8156><STEAM_1:1:80640929><>"
L 08/08/2016 - 20:27:30: [respawn.smx] "Blaze<8337><STEAM_1:1:868254><>" respawned "kelviN★<8061><STEAM_1:1:78236776><>"
L 08/08/2016 - 20:27:30: [respawn.smx] "Blaze<8337><STEAM_1:1:868254><>" respawned "FullMetal<7781><STEAM_1:1:59645323><>"
L 08/08/2016 - 20:27:30: [respawn.smx] "Blaze<8337><STEAM_1:1:868254><>" respawned "neonReese<8193><STEAM_1:1:69606765><>"
L 08/08/2016 - 20:27:30: [respawn.smx] "Blaze<8337><STEAM_1:1:868254><>" respawned "WPTT Dr. Rockso<8286><STEAM_1:1:23745652><>"
L 08/08/2016 - 20:30:37: [basecommands.smx] "Blaze<8337><STEAM_1:1:868254><>" kicked "kelviN★<8061><STEAM_1:1:78236776><>" (reason "")
L 08/08/2016 - 20:32:42: -------- Mapchange to pow_raid --------
L 08/08/2016 - 20:40:22: SourceMod log file session started (file "L20160808.log") (Version "1.8.0.5919")
L 08/08/2016 - 20:40:22: -------- Mapchange to tell_coop --------
L 08/08/2016 - 20:40:22: [simple-chatprocessor.smx] [SCP] Recognized mod [Insurgency].
L 08/08/2016 - 20:40:22: [simple-chatprocessor.smx] [SCP] Loading translation file [scp.insurgency.phrases].
L 08/08/2016 - 20:40:22: [antitk.smx] [Anti-TK Manager] Data File: addons/sourcemod/data/AntiTK.txt
L 08/08/2016 - 20:40:22: [antitk.smx] [Anti-TK] Detected Mod Insurgency
L 08/08/2016 - 20:40:32: [UPDATER] Successfully updated gamedata file "sm-cstrike.games/game.csgo.txt"
L 08/08/2016 - 20:40:32: [UPDATER] Successfully updated gamedata file "core.games/engine.swarm.txt"
L 08/08/2016 - 20:40:32: [UPDATER] Successfully updated gamedata file "core.games/game.dinodday.txt"
L 08/08/2016 - 20:40:32: [UPDATER] Successfully updated gamedata file "core.games/master.games.txt"
L 08/08/2016 - 20:40:32: [UPDATER] Successfully updated gamedata file "sdkhooks.games/game.dinodday.txt"
L 08/08/2016 - 20:40:32: [UPDATER] Successfully updated gamedata file "sdktools.games/game.dinodday.txt"
L 08/08/2016 - 20:40:32: [UPDATER] SourceMod has been updated, please reload it or restart your server.
L 08/08/2016 - 20:51:53: [respawn.smx] "Blaze<9><STEAM_1:1:868254><>" respawned "Blaze<9><STEAM_1:1:868254><>"
L 08/08/2016 - 20:52:58: [playercommands.smx] "Blaze<9><STEAM_1:1:868254><>" slapped "Thor<12><STEAM_1:1:153019><>" (damage "0")
L 08/08/2016 - 20:53:03: [playercommands.smx] "Blaze<9><STEAM_1:1:868254><>" slapped "Thor<12><STEAM_1:1:153019><>" (damage "0")
L 08/08/2016 - 20:53:04: [playercommands.smx] "Blaze<9><STEAM_1:1:868254><>" slapped "Thor<12><STEAM_1:1:153019><>" (damage "0")
L 08/08/2016 - 20:53:05: [playercommands.smx] "Blaze<9><STEAM_1:1:868254><>" slapped "Thor<12><STEAM_1:1:153019><>" (damage "0")
L 08/08/2016 - 20:53:05: [playercommands.smx] "Blaze<9><STEAM_1:1:868254><>" slapped "Thor<12><STEAM_1:1:153019><>" (damage "0")
L 08/08/2016 - 20:53:05: [playercommands.smx] "Blaze<9><STEAM_1:1:868254><>" slapped "Thor<12><STEAM_1:1:153019><>" (damage "0")
L 08/08/2016 - 20:53:05: [playercommands.smx] "Blaze<9><STEAM_1:1:868254><>" slapped "Thor<12><STEAM_1:1:153019><>" (damage "0")
L 08/08/2016 - 20:53:05: [playercommands.smx] "Blaze<9><STEAM_1:1:868254><>" slapped "Thor<12><STEAM_1:1:153019><>" (damage "0")
L 08/08/2016 - 20:54:41: -------- Mapchange to tet --------
L 08/08/2016 - 21:14:27: -------- Mapchange to market_coop --------
L 08/08/2016 - 21:26:26: -------- Mapchange to inferno_checkpoint_b2 --------
L 08/08/2016 - 21:34:28: -------- Mapchange to tell_coop --------
L 08/08/2016 - 21:52:10: -------- Mapchange to prophet_coop --------
L 08/08/2016 - 22:15:41: -------- Mapchange to ps7n --------
L 08/08/2016 - 22:59:26: -------- Mapchange to crossbowv1_1 --------
L 08/08/2016 - 23:13:50: -------- Mapchange to haditha_dam_coop_finale --------
L 08/08/2016 - 23:37:44: -------- Mapchange to panama_canal_a3 --------
L 08/08/2016 - 23:58:15: -------- Mapchange to panama_canal_a3 --------
