L 08/11/2016 - 00:09:51: SourceMod log file session started (file "L20160811.log") (Version "1.8.0.5919")
L 08/11/2016 - 00:09:51: -------- Mapchange to zagros_convoy_b5 --------
L 08/11/2016 - 00:20:53: -------- Mapchange to winter_rescue_v1 --------
L 08/11/2016 - 00:36:01: -------- Mapchange to fortress_coop_beta5 --------
L 08/11/2016 - 01:51:52: -------- Mapchange to haditha_dam_coop_finale --------
L 08/11/2016 - 03:24:08: -------- Mapchange to healthcenter_coop --------
L 08/11/2016 - 04:51:32: -------- Mapchange to district_coop --------
L 08/11/2016 - 05:06:18: -------- Mapchange to hijacked_redux_v1_1 --------
L 08/11/2016 - 05:31:06: -------- Mapchange to drycanal_coop --------
L 08/11/2016 - 05:53:38: -------- Mapchange to tet --------
L 08/11/2016 - 06:07:26: -------- Mapchange to the_burbs_coop --------
L 08/11/2016 - 06:32:13: -------- Mapchange to ps7n --------
L 08/11/2016 - 08:43:37: -------- Mapchange to haditha_dam_coop_finale --------
L 08/11/2016 - 10:29:01: -------- Mapchange to healthcenter_coop --------
L 08/11/2016 - 11:05:50: -------- Mapchange to tell_coop --------
L 08/11/2016 - 11:18:35: -------- Mapchange to ps7n --------
L 08/11/2016 - 11:31:46: -------- Mapchange to bb_gauntlet_b4 --------
L 08/11/2016 - 11:42:25: -------- Mapchange to hurtlocker_coopv2hc --------
L 08/11/2016 - 11:55:02: -------- Mapchange to crossbowv1_1 --------
L 08/11/2016 - 12:07:35: -------- Mapchange to the_burbs_coop --------
L 08/11/2016 - 12:19:12: -------- Mapchange to cs_militia_coop_v1_1 --------
L 08/11/2016 - 12:28:27: -------- Mapchange to embassy_coop --------
L 08/11/2016 - 12:41:03: -------- Mapchange to game_day_coopv1_3 --------
L 08/11/2016 - 12:55:47: -------- Mapchange to haditha_dam_coop_finale --------
L 08/11/2016 - 13:22:52: -------- Mapchange to kandagal_coop_b5 --------
L 08/11/2016 - 13:36:00: -------- Mapchange to osama_b3_checkpoint --------
L 08/11/2016 - 13:49:57: -------- Mapchange to cs_motel_coop_nd_v1_3 --------
L 08/11/2016 - 13:59:37: -------- Mapchange to market_coop --------
L 08/11/2016 - 14:14:39: -------- Mapchange to sinjar_coop --------
L 08/11/2016 - 14:26:11: -------- Mapchange to bridge_coop_optimized_v1 --------
L 08/11/2016 - 14:37:32: -------- Mapchange to badlands_night_b1 --------
L 08/11/2016 - 15:10:52: -------- Mapchange to ministry_coop --------
L 08/11/2016 - 15:49:48: -------- Mapchange to tell_coop --------
L 08/11/2016 - 16:06:16: -------- Mapchange to takbar_b5 --------
L 08/11/2016 - 16:12:50: [respawn.smx] "Blaze<5079><STEAM_1:1:868254><>" respawned "tio_xico_das_peles<5110><STEAM_1:1:20619007><>"
L 08/11/2016 - 16:12:50: [respawn.smx] "Blaze<5079><STEAM_1:1:868254><>" respawned "Blaze<5079><STEAM_1:1:868254><>"
L 08/11/2016 - 16:12:50: [respawn.smx] "Blaze<5079><STEAM_1:1:868254><>" respawned "LEONIDAS<5043><STEAM_1:0:79043133><>"
L 08/11/2016 - 16:12:50: [respawn.smx] "Blaze<5079><STEAM_1:1:868254><>" respawned "Knives Anjel !SKANARCHY!<5117><STEAM_1:1:42393000><>"
L 08/11/2016 - 16:12:50: [respawn.smx] "Blaze<5079><STEAM_1:1:868254><>" respawned "Penco<5049><STEAM_1:1:16067240><>"
L 08/11/2016 - 16:15:51: [respawn.smx] "Blaze<5079><STEAM_1:1:868254><>" respawned "Blaze<5079><STEAM_1:1:868254><>"
L 08/11/2016 - 16:19:47: -------- Mapchange to sinjar_coop --------
L 08/11/2016 - 16:29:36: -------- Mapchange to launch_control_coopv1_9 --------
L 08/11/2016 - 16:41:44: [respawn.smx] "Blaze<5079><STEAM_1:1:868254><>" respawned "Blaze<5079><STEAM_1:1:868254><>"
L 08/11/2016 - 16:48:19: -------- Mapchange to healthcenter_coop --------
L 08/11/2016 - 16:51:52: [respawn.smx] "Blaze<5079><STEAM_1:1:868254><>" respawned "LEONIDAS<5043><STEAM_1:0:79043133><>"
L 08/11/2016 - 16:51:52: [respawn.smx] "Blaze<5079><STEAM_1:1:868254><>" respawned "Rocknrolla<5128><STEAM_1:1:53695419><>"
L 08/11/2016 - 16:55:24: [respawn.smx] "Blaze<5079><STEAM_1:1:868254><>" respawned "TorchicMagnet<5190><STEAM_1:0:86789629><>"
L 08/11/2016 - 16:55:24: [respawn.smx] "Blaze<5079><STEAM_1:1:868254><>" respawned "LEONIDAS<5043><STEAM_1:0:79043133><>"
L 08/11/2016 - 16:55:24: [respawn.smx] "Blaze<5079><STEAM_1:1:868254><>" respawned "Mossin<5248><STEAM_1:0:122260626><>"
L 08/11/2016 - 16:55:24: [respawn.smx] "Blaze<5079><STEAM_1:1:868254><>" respawned "Rocknrolla<5128><STEAM_1:1:53695419><>"
L 08/11/2016 - 16:57:08: -------- Mapchange to shellshock_2 --------
L 08/11/2016 - 17:17:16: -------- Mapchange to buhriz_coop --------
L 08/11/2016 - 17:29:29: -------- Mapchange to winter_rescue_v1 --------
L 08/11/2016 - 17:46:33: -------- Mapchange to trenches6_coop_v1_2 --------
L 08/11/2016 - 17:57:10: -------- Mapchange to trenches6_coop_v1_2 --------
L 08/11/2016 - 18:08:13: -------- Mapchange to cu_chi_tunnels --------
L 08/11/2016 - 18:36:40: -------- Mapchange to estates_b4 --------
L 08/11/2016 - 18:52:49: -------- Mapchange to panama_canal_a3 --------
L 08/11/2016 - 19:09:48: -------- Mapchange to haditha_dam_coop_finale --------
L 08/11/2016 - 19:32:23: -------- Mapchange to chateau_tunnels_v1 --------
L 08/11/2016 - 19:45:54: -------- Mapchange to fortress_coop_beta5 --------
L 08/11/2016 - 19:56:39: -------- Mapchange to market_coop --------
L 08/11/2016 - 20:09:23: -------- Mapchange to revolt_coop --------
L 08/11/2016 - 20:19:55: -------- Mapchange to launch_control_coopv1_9 --------
L 08/11/2016 - 20:30:58: -------- Mapchange to ministry_coop --------
L 08/11/2016 - 20:39:21: -------- Mapchange to cu_chi_tunnels --------
L 08/11/2016 - 20:48:53: -------- Mapchange to haditha_dam_coop_finale --------
L 08/11/2016 - 21:24:16: -------- Mapchange to jail_break_coop_ws --------
L 08/11/2016 - 21:40:16: -------- Mapchange to trenches6_coop_v1_2 --------
L 08/11/2016 - 21:50:52: -------- Mapchange to ministry_coop --------
L 08/11/2016 - 21:58:02: -------- Mapchange to launch_control_coopv1_9 --------
L 08/11/2016 - 22:14:23: -------- Mapchange to osama_b3_checkpoint --------
L 08/11/2016 - 22:26:08: -------- Mapchange to siege_coop --------
L 08/11/2016 - 22:39:08: -------- Mapchange to bridge_coop_optimized_v1 --------
L 08/11/2016 - 22:52:28: -------- Mapchange to jail_break_coop_ws --------
L 08/11/2016 - 23:10:21: -------- Mapchange to embassy_coop --------
L 08/11/2016 - 23:20:00: -------- Mapchange to sinjar_coop --------
L 08/11/2016 - 23:34:03: -------- Mapchange to the_burbs_coop --------
L 08/11/2016 - 23:44:00: -------- Mapchange to ps7n --------
