L 08/24/2016 - 00:18:21: SourceMod log file session started (file "L20160824.log") (Version "1.8.0.5919")
L 08/24/2016 - 00:18:21: -------- Mapchange to buhriz_coop --------
L 08/24/2016 - 00:32:37: -------- Mapchange to fortress_coop_beta5 --------
L 08/24/2016 - 00:46:02: -------- Mapchange to market_coop --------
L 08/24/2016 - 01:25:16: -------- Mapchange to jail_break_coop_ws --------
L 08/24/2016 - 01:54:20: -------- Mapchange to dust2_checkpoint_b7 --------
L 08/24/2016 - 02:04:35: -------- Mapchange to cs_officeb3_coop_v1_5 --------
L 08/24/2016 - 02:17:42: -------- Mapchange to bunker_busting_coopv1_5 --------
L 08/24/2016 - 03:09:46: -------- Mapchange to dusty_nights_coopv1_1 --------
L 08/24/2016 - 03:35:05: -------- Mapchange to embassy_coop --------
L 08/24/2016 - 05:14:31: -------- Mapchange to estates_b4 --------
L 08/24/2016 - 06:58:21: -------- Mapchange to estates_b4 --------
L 08/24/2016 - 07:53:27: -------- Mapchange to estates_b4 --------
L 08/24/2016 - 09:39:39: -------- Mapchange to fortress_coop_beta5 --------
L 08/24/2016 - 09:59:07: -------- Mapchange to healthcenter_coop --------
L 08/24/2016 - 10:16:35: -------- Mapchange to dust2_checkpoint_b7 --------
L 08/24/2016 - 10:25:33: -------- Mapchange to central_coop_final --------
L 08/24/2016 - 10:52:23: -------- Mapchange to the_burbs_coop --------
L 08/24/2016 - 11:08:48: -------- Mapchange to the_burbs_coop --------
L 08/24/2016 - 13:21:09: -------- Mapchange to badel_coop_v1 --------
L 08/24/2016 - 14:29:38: -------- Mapchange to badlands_coop_b1 --------
L 08/24/2016 - 14:31:55: -------- Mapchange to fortress_coop_beta5 --------
L 08/24/2016 - 14:59:47: -------- Mapchange to healthcenter_coop --------
L 08/24/2016 - 15:23:09: -------- Mapchange to buhriz_coop --------
L 08/24/2016 - 15:37:02: -------- Mapchange to panama_canal_a3 --------
L 08/24/2016 - 15:56:37: -------- Mapchange to jack_hammer_coopv1_2 --------
L 08/24/2016 - 16:14:15: -------- Mapchange to shellshock_2 --------
L 08/24/2016 - 16:31:29: -------- Mapchange to fortress_coop_beta5 --------
L 08/24/2016 - 16:48:50: -------- Mapchange to bunker_busting_coopv1_5 --------
L 08/24/2016 - 17:10:18: -------- Mapchange to embassy_coop --------
L 08/24/2016 - 17:24:10: -------- Mapchange to cs_militia_coop_v1_1 --------
L 08/24/2016 - 17:41:20: -------- Mapchange to cu_chi_tunnels --------
L 08/24/2016 - 18:03:44: -------- Mapchange to winter_rescue_v1 --------
L 08/24/2016 - 18:22:41: -------- Mapchange to pow_raid --------
L 08/24/2016 - 18:46:53: -------- Mapchange to cs_officeb3_coop_v1_5 --------
L 08/24/2016 - 19:03:00: -------- Mapchange to cu_chi_tunnels --------
L 08/24/2016 - 19:35:49: -------- Mapchange to invasion_coop_beta3 --------
L 08/24/2016 - 19:46:08: -------- Mapchange to siege_coop --------
L 08/24/2016 - 20:01:09: -------- Mapchange to market_coop --------
L 08/24/2016 - 20:14:16: -------- Mapchange to dust2_checkpoint_b7 --------
L 08/24/2016 - 20:23:25: -------- Mapchange to sinjar_coop --------
L 08/24/2016 - 20:33:49: [sourcebans.smx] "Jujube<4238><STEAM_1:0:27934489><>" banned "i am stegosaurus<4314><STEAM_1:0:66466860><>" (minutes "0") (reason "Team Killing")
L 08/24/2016 - 20:33:49: [sourcebans.smx] "Jujube<4238><STEAM_1:0:27934489><>" banned "i am stegosaurus<4314><STEAM_1:0:66466860><>" (minutes "5") (reason "You have been banned by this server, check https://bans.rgservers.com for more info")
L 08/24/2016 - 20:33:49: [sourcebans.smx] "Jujube<4238><STEAM_1:0:27934489><>" banned "i am stegosaurus<4314><STEAM_1:0:66466860><>" (minutes "5") (reason "You have been banned by this server, check https://bans.rgservers.com for more info")
L 08/24/2016 - 20:33:49: [sourcebans.smx] "Jujube<4238><STEAM_1:0:27934489><>" banned "i am stegosaurus<4314><STEAM_1:0:66466860><>" (minutes "5") (reason "You have been banned by this server, check https://bans.rgservers.com for more info")
L 08/24/2016 - 20:33:49: [sourcebans.smx] "Jujube<4238><STEAM_1:0:27934489><>" banned "i am stegosaurus<4314><STEAM_1:0:66466860><>" (minutes "5") (reason "You have been banned by this server, check https://bans.rgservers.com for more info")
L 08/24/2016 - 20:33:49: [sourcebans.smx] "Jujube<4238><STEAM_1:0:27934489><>" banned "i am stegosaurus<4314><STEAM_1:0:66466860><>" (minutes "5") (reason "You have been banned by this server, check https://bans.rgservers.com for more info")
L 08/24/2016 - 20:33:49: [sourcebans.smx] "Jujube<4238><STEAM_1:0:27934489><>" banned "i am stegosaurus<4314><STEAM_1:0:66466860><>" (minutes "5") (reason "You have been banned by this server, check https://bans.rgservers.com for more info")
L 08/24/2016 - 20:33:49: [sourcebans.smx] "Jujube<4238><STEAM_1:0:27934489><>" banned "i am stegosaurus<4314><STEAM_1:0:66466860><>" (minutes "5") (reason "You have been banned by this server, check https://bans.rgservers.com for more info")
L 08/24/2016 - 20:33:49: [sourcebans.smx] "Jujube<4238><STEAM_1:0:27934489><>" banned "i am stegosaurus<4314><STEAM_1:0:66466860><>" (minutes "5") (reason "You have been banned by this server, check https://bans.rgservers.com for more info")
L 08/24/2016 - 20:33:49: [sourcebans.smx] "Jujube<4238><STEAM_1:0:27934489><>" banned "i am stegosaurus<4314><STEAM_1:0:66466860><>" (minutes "5") (reason "You have been banned by this server, check https://bans.rgservers.com for more info")
L 08/24/2016 - 20:33:49: [sourcebans.smx] "Jujube<4238><STEAM_1:0:27934489><>" banned "i am stegosaurus<4314><STEAM_1:0:66466860><>" (minutes "5") (reason "You have been banned by this server, check https://bans.rgservers.com for more info")
L 08/24/2016 - 20:33:49: [sourcebans.smx] "Jujube<4238><STEAM_1:0:27934489><>" banned "i am stegosaurus<4314><STEAM_1:0:66466860><>" (minutes "5") (reason "You have been banned by this server, check https://bans.rgservers.com for more info")
L 08/24/2016 - 20:33:49: [sourcebans.smx] "Jujube<4238><STEAM_1:0:27934489><>" banned "i am stegosaurus<4314><STEAM_1:0:66466860><>" (minutes "5") (reason "You have been banned by this server, check https://bans.rgservers.com for more info")
L 08/24/2016 - 20:33:49: [sourcebans.smx] "Jujube<4238><STEAM_1:0:27934489><>" banned "i am stegosaurus<4314><STEAM_1:0:66466860><>" (minutes "5") (reason "You have been banned by this server, check https://bans.rgservers.com for more info")
L 08/24/2016 - 20:33:49: [sourcebans.smx] "Jujube<4238><STEAM_1:0:27934489><>" banned "i am stegosaurus<4314><STEAM_1:0:66466860><>" (minutes "5") (reason "You have been banned by this server, check https://bans.rgservers.com for more info")
L 08/24/2016 - 20:33:49: [sourcebans.smx] "Jujube<4238><STEAM_1:0:27934489><>" banned "i am stegosaurus<4314><STEAM_1:0:66466860><>" (minutes "5") (reason "You have been banned by this server, check https://bans.rgservers.com for more info")
L 08/24/2016 - 20:33:49: [sourcebans.smx] "Jujube<4238><STEAM_1:0:27934489><>" banned "i am stegosaurus<4314><STEAM_1:0:66466860><>" (minutes "5") (reason "You have been banned by this server, check https://bans.rgservers.com for more info")
L 08/24/2016 - 20:33:49: [sourcebans.smx] "Jujube<4238><STEAM_1:0:27934489><>" banned "i am stegosaurus<4314><STEAM_1:0:66466860><>" (minutes "5") (reason "You have been banned by this server, check https://bans.rgservers.com for more info")
L 08/24/2016 - 20:33:49: [sourcebans.smx] "Jujube<4238><STEAM_1:0:27934489><>" banned "i am stegosaurus<4314><STEAM_1:0:66466860><>" (minutes "5") (reason "You have been banned by this server, check https://bans.rgservers.com for more info")
L 08/24/2016 - 20:33:49: [sourcebans.smx] "Jujube<4238><STEAM_1:0:27934489><>" banned "i am stegosaurus<4314><STEAM_1:0:66466860><>" (minutes "5") (reason "You have been banned by this server, check https://bans.rgservers.com for more info")
L 08/24/2016 - 20:33:49: [sourcebans.smx] "Jujube<4238><STEAM_1:0:27934489><>" banned "i am stegosaurus<4314><STEAM_1:0:66466860><>" (minutes "5") (reason "You have been banned by this server, check https://bans.rgservers.com for more info")
L 08/24/2016 - 20:33:49: [sourcebans.smx] "Jujube<4238><STEAM_1:0:27934489><>" banned "i am stegosaurus<4314><STEAM_1:0:66466860><>" (minutes "5") (reason "You have been banned by this server, check https://bans.rgservers.com for more info")
L 08/24/2016 - 20:33:49: [sourcebans.smx] "Jujube<4238><STEAM_1:0:27934489><>" banned "i am stegosaurus<4314><STEAM_1:0:66466860><>" (minutes "5") (reason "You have been banned by this server, check https://bans.rgservers.com for more info")
L 08/24/2016 - 20:33:49: [sourcebans.smx] "Jujube<4238><STEAM_1:0:27934489><>" banned "i am stegosaurus<4314><STEAM_1:0:66466860><>" (minutes "5") (reason "You have been banned by this server, check https://bans.rgservers.com for more info")
L 08/24/2016 - 20:33:49: [sourcebans.smx] "Jujube<4238><STEAM_1:0:27934489><>" banned "i am stegosaurus<4314><STEAM_1:0:66466860><>" (minutes "5") (reason "You have been banned by this server, check https://bans.rgservers.com for more info")
L 08/24/2016 - 20:33:49: [sourcebans.smx] "Jujube<4238><STEAM_1:0:27934489><>" banned "i am stegosaurus<4314><STEAM_1:0:66466860><>" (minutes "5") (reason "You have been banned by this server, check https://bans.rgservers.com for more info")
L 08/24/2016 - 20:33:49: [sourcebans.smx] "Jujube<4238><STEAM_1:0:27934489><>" banned "i am stegosaurus<4314><STEAM_1:0:66466860><>" (minutes "5") (reason "You have been banned by this server, check https://bans.rgservers.com for more info")
L 08/24/2016 - 20:33:49: [sourcebans.smx] "Jujube<4238><STEAM_1:0:27934489><>" banned "i am stegosaurus<4314><STEAM_1:0:66466860><>" (minutes "5") (reason "You have been banned by this server, check https://bans.rgservers.com for more info")
L 08/24/2016 - 20:33:49: [sourcebans.smx] "Jujube<4238><STEAM_1:0:27934489><>" banned "i am stegosaurus<4314><STEAM_1:0:66466860><>" (minutes "5") (reason "You have been banned by this server, check https://bans.rgservers.com for more info")
L 08/24/2016 - 20:33:49: [sourcebans.smx] "Jujube<4238><STEAM_1:0:27934489><>" banned "i am stegosaurus<4314><STEAM_1:0:66466860><>" (minutes "5") (reason "You have been banned by this server, check https://bans.rgservers.com for more info")
L 08/24/2016 - 20:33:49: [sourcebans.smx] "Jujube<4238><STEAM_1:0:27934489><>" banned "i am stegosaurus<4314><STEAM_1:0:66466860><>" (minutes "5") (reason "You have been banned by this server, check https://bans.rgservers.com for more info")
L 08/24/2016 - 20:33:49: [sourcebans.smx] "Jujube<4238><STEAM_1:0:27934489><>" banned "i am stegosaurus<4314><STEAM_1:0:66466860><>" (minutes "5") (reason "You have been banned by this server, check https://bans.rgservers.com for more info")
L 08/24/2016 - 20:33:49: [sourcebans.smx] "Jujube<4238><STEAM_1:0:27934489><>" banned "i am stegosaurus<4314><STEAM_1:0:66466860><>" (minutes "5") (reason "You have been banned by this server, check https://bans.rgservers.com for more info")
L 08/24/2016 - 20:33:49: [sourcebans.smx] "Jujube<4238><STEAM_1:0:27934489><>" banned "i am stegosaurus<4314><STEAM_1:0:66466860><>" (minutes "5") (reason "You have been banned by this server, check https://bans.rgservers.com for more info")
L 08/24/2016 - 20:33:49: [sourcebans.smx] "Jujube<4238><STEAM_1:0:27934489><>" banned "i am stegosaurus<4314><STEAM_1:0:66466860><>" (minutes "5") (reason "You have been banned by this server, check https://bans.rgservers.com for more info")
L 08/24/2016 - 20:33:49: [sourcebans.smx] "Jujube<4238><STEAM_1:0:27934489><>" banned "i am stegosaurus<4314><STEAM_1:0:66466860><>" (minutes "5") (reason "You have been banned by this server, check https://bans.rgservers.com for more info")
L 08/24/2016 - 20:33:49: [sourcebans.smx] "Jujube<4238><STEAM_1:0:27934489><>" banned "i am stegosaurus<4314><STEAM_1:0:66466860><>" (minutes "5") (reason "You have been banned by this server, check https://bans.rgservers.com for more info")
L 08/24/2016 - 20:48:13: -------- Mapchange to ministry_coop --------
L 08/24/2016 - 20:58:51: -------- Mapchange to bridge_coop_optimized_v1 --------
L 08/24/2016 - 21:16:12: -------- Mapchange to heights_coop --------
L 08/24/2016 - 21:30:53: -------- Mapchange to buhriz_coop --------
L 08/24/2016 - 21:44:09: -------- Mapchange to cs_motel_coop_nd_v1_3 --------
L 08/24/2016 - 21:50:45: -------- Mapchange to cs_officeb3_coop_v1_5 --------
L 08/24/2016 - 22:01:50: -------- Mapchange to inferno_checkpoint_b2 --------
L 08/24/2016 - 22:13:06: -------- Mapchange to de_lake_coop_nd_v1_2 --------
L 08/24/2016 - 22:24:32: -------- Mapchange to launch_control_coopv1_9 --------
L 08/24/2016 - 22:58:49: -------- Mapchange to market_coop --------
