L 08/13/2016 - 00:30:53: SourceMod log file session started (file "L20160813.log") (Version "1.8.0.5919")
L 08/13/2016 - 00:30:53: -------- Mapchange to market_coop --------
L 08/13/2016 - 00:42:23: -------- Mapchange to sinjar_coop --------
L 08/13/2016 - 00:45:41: [respawn.smx] "Blaze<8402><STEAM_1:1:868254><>" respawned "Blaze<8402><STEAM_1:1:868254><>"
L 08/13/2016 - 00:45:41: [respawn.smx] "Blaze<8402><STEAM_1:1:868254><>" respawned "Coach<8405><STEAM_1:0:5455237><>"
L 08/13/2016 - 00:52:28: -------- Mapchange to baghdad_b5 --------
L 08/13/2016 - 00:57:06: [respawn.smx] "Blaze<8402><STEAM_1:1:868254><>" respawned "asas44680<8371><STEAM_1:1:67565239><>"
L 08/13/2016 - 00:57:06: [respawn.smx] "Blaze<8402><STEAM_1:1:868254><>" respawned "Blaze<8402><STEAM_1:1:868254><>"
L 08/13/2016 - 01:00:39: [respawn.smx] "Blaze<8402><STEAM_1:1:868254><>" respawned "Blaze<8402><STEAM_1:1:868254><>"
L 08/13/2016 - 01:01:18: [respawn.smx] "Blaze<8402><STEAM_1:1:868254><>" respawned "Szechuan Beef Curtains<8395><STEAM_1:0:1282195><>"
L 08/13/2016 - 01:02:12: [respawn.smx] "Blaze<8402><STEAM_1:1:868254><>" respawned "asas44680<8371><STEAM_1:1:67565239><>"
L 08/13/2016 - 01:02:12: [respawn.smx] "Blaze<8402><STEAM_1:1:868254><>" respawned "Szechuan Beef Curtains<8395><STEAM_1:0:1282195><>"
L 08/13/2016 - 01:06:27: [respawn.smx] "Blaze<8402><STEAM_1:1:868254><>" respawned "asas44680<8371><STEAM_1:1:67565239><>"
L 08/13/2016 - 01:06:27: [respawn.smx] "Blaze<8402><STEAM_1:1:868254><>" respawned "Blaze<8402><STEAM_1:1:868254><>"
L 08/13/2016 - 01:09:08: -------- Mapchange to estates_b4 --------
L 08/13/2016 - 01:13:48: [respawn.smx] "Blaze<8402><STEAM_1:1:868254><>" respawned "Guardian<8433><STEAM_1:0:92143453><>"
L 08/13/2016 - 01:13:48: [respawn.smx] "Blaze<8402><STEAM_1:1:868254><>" respawned "Blaze<8402><STEAM_1:1:868254><>"
L 08/13/2016 - 01:13:48: [respawn.smx] "Blaze<8402><STEAM_1:1:868254><>" respawned "asa99999<8420><STEAM_1:0:113880799><>"
L 08/13/2016 - 01:20:47: [respawn.smx] "Blaze<8402><STEAM_1:1:868254><>" respawned "Blaze<8402><STEAM_1:1:868254><>"
L 08/13/2016 - 01:24:00: -------- Mapchange to dust2_checkpoint_b7 --------
L 08/13/2016 - 01:25:56: [respawn.smx] "Blaze<8402><STEAM_1:1:868254><>" respawned "Guardian<8433><STEAM_1:0:92143453><>"
L 08/13/2016 - 01:25:56: [respawn.smx] "Blaze<8402><STEAM_1:1:868254><>" respawned "Szechuan Beef Curtains<8395><STEAM_1:0:1282195><>"
L 08/13/2016 - 01:25:56: [respawn.smx] "Blaze<8402><STEAM_1:1:868254><>" respawned "asa99999<8420><STEAM_1:0:113880799><>"
L 08/13/2016 - 01:35:33: -------- Mapchange to drycanal_coop --------
L 08/13/2016 - 01:38:26: [respawn.smx] "Blaze<8402><STEAM_1:1:868254><>" respawned "asas44680<8371><STEAM_1:1:67565239><>"
L 08/13/2016 - 01:38:26: [respawn.smx] "Blaze<8402><STEAM_1:1:868254><>" respawned "Blaze<8402><STEAM_1:1:868254><>"
L 08/13/2016 - 01:39:07: [respawn.smx] "Blaze<8402><STEAM_1:1:868254><>" respawned "Guardian<8433><STEAM_1:0:92143453><>"
L 08/13/2016 - 01:39:07: [respawn.smx] "Blaze<8402><STEAM_1:1:868254><>" respawned "Blaze<8402><STEAM_1:1:868254><>"
L 08/13/2016 - 01:39:07: [respawn.smx] "Blaze<8402><STEAM_1:1:868254><>" respawned "Szechuan Beef Curtains<8395><STEAM_1:0:1282195><>"
L 08/13/2016 - 01:51:52: [respawn.smx] "Blaze<8402><STEAM_1:1:868254><>" respawned "Blaze<8402><STEAM_1:1:868254><>"
L 08/13/2016 - 01:52:25: [respawn.smx] "Blaze<8402><STEAM_1:1:868254><>" respawned "Blaze<8402><STEAM_1:1:868254><>"
L 08/13/2016 - 01:54:06: [respawn.smx] "Blaze<8402><STEAM_1:1:868254><>" respawned "Guardian<8433><STEAM_1:0:92143453><>"
L 08/13/2016 - 01:54:06: [respawn.smx] "Blaze<8402><STEAM_1:1:868254><>" respawned "asas44680<8371><STEAM_1:1:67565239><>"
L 08/13/2016 - 01:54:06: [respawn.smx] "Blaze<8402><STEAM_1:1:868254><>" respawned "Viper1308<8468><STEAM_1:1:30086593><>"
L 08/13/2016 - 01:54:06: [respawn.smx] "Blaze<8402><STEAM_1:1:868254><>" respawned "Szechuan Beef Curtains<8395><STEAM_1:0:1282195><>"
L 08/13/2016 - 01:56:00: [respawn.smx] "Blaze<8402><STEAM_1:1:868254><>" respawned "Guardian<8433><STEAM_1:0:92143453><>"
L 08/13/2016 - 01:56:00: [respawn.smx] "Blaze<8402><STEAM_1:1:868254><>" respawned "Blaze<8402><STEAM_1:1:868254><>"
L 08/13/2016 - 01:56:00: [respawn.smx] "Blaze<8402><STEAM_1:1:868254><>" respawned "Szechuan Beef Curtains<8395><STEAM_1:0:1282195><>"
L 08/13/2016 - 01:58:28: -------- Mapchange to badlands_coop_b1 --------
L 08/13/2016 - 03:04:54: -------- Mapchange to karkand_redux_p2_v1 --------
L 08/13/2016 - 03:15:43: -------- Mapchange to launch_control_coopv1_9 --------
L 08/13/2016 - 04:12:02: -------- Mapchange to market_coop --------
L 08/13/2016 - 05:09:37: SourceMod log file session started (file "L20160813.log") (Version "1.8.0.5919")
L 08/13/2016 - 05:09:37: -------- Mapchange to tell_coop --------
L 08/13/2016 - 05:09:38: [simple-chatprocessor.smx] [SCP] Recognized mod [Insurgency].
L 08/13/2016 - 05:09:38: [simple-chatprocessor.smx] [SCP] Loading translation file [scp.insurgency.phrases].
L 08/13/2016 - 05:09:38: [antitk.smx] [Anti-TK Manager] Data File: addons/sourcemod/data/AntiTK.txt
L 08/13/2016 - 05:09:38: [antitk.smx] [Anti-TK] Detected Mod Insurgency
L 08/13/2016 - 05:33:27: [UPDATER] Successfully updated gamedata file "sdkhooks.games/engine.insurgency.txt"
L 08/13/2016 - 05:33:27: [UPDATER] SourceMod has been updated, please reload it or restart your server.
L 08/13/2016 - 05:51:28: -------- Mapchange to zagros_convoy_b5 --------
L 08/13/2016 - 06:04:41: -------- Mapchange to trenches6_coop_v1_2 --------
L 08/13/2016 - 06:22:26: -------- Mapchange to siege_coop --------
L 08/13/2016 - 06:36:17: -------- Mapchange to buhriz_coop --------
L 08/13/2016 - 06:50:50: -------- Mapchange to sinjar_coop --------
L 08/13/2016 - 07:02:34: -------- Mapchange to bb_gauntlet_b4 --------
L 08/13/2016 - 07:20:27: -------- Mapchange to tell_coop --------
L 08/13/2016 - 07:39:57: -------- Mapchange to embassy_coop --------
L 08/13/2016 - 08:23:32: -------- Mapchange to estates_b4 --------
L 08/13/2016 - 09:20:31: -------- Mapchange to fortress_coop_beta5 --------
L 08/13/2016 - 09:43:01: -------- Mapchange to crossbowv1_1 --------
L 08/13/2016 - 09:56:31: -------- Mapchange to the_burbs_coop --------
L 08/13/2016 - 10:10:53: -------- Mapchange to prophet_coop --------
L 08/13/2016 - 10:30:37: -------- Mapchange to tell_coop --------
L 08/13/2016 - 10:41:51: -------- Mapchange to sinjar_coop --------
L 08/13/2016 - 10:59:00: -------- Mapchange to dusty_nights_coopv1_1 --------
L 08/13/2016 - 11:10:30: -------- Mapchange to embassy_coop --------
L 08/13/2016 - 11:37:09: -------- Mapchange to takbar_b5 --------
L 08/13/2016 - 11:51:11: -------- Mapchange to verticality_coop --------
L 08/13/2016 - 11:58:55: -------- Mapchange to winter_rescue_v1 --------
L 08/13/2016 - 12:16:58: -------- Mapchange to zagros_convoy_b5 --------
L 08/13/2016 - 12:34:13: -------- Mapchange to almaden_coop_v1_1 --------
L 08/13/2016 - 12:45:27: -------- Mapchange to nightfall_coopv1_2 --------
L 08/13/2016 - 12:58:59: -------- Mapchange to haditha_dam_coop_finale --------
L 08/13/2016 - 13:25:51: -------- Mapchange to ministry_coop --------
L 08/13/2016 - 13:35:59: -------- Mapchange to trenches6_coop_v1_2 --------
L 08/13/2016 - 13:46:37: -------- Mapchange to prophet_coop --------
L 08/13/2016 - 13:57:20: -------- Mapchange to badlands_coop_b1 --------
L 08/13/2016 - 14:10:59: -------- Mapchange to cs_militia_coop_v1_1 --------
L 08/13/2016 - 14:16:23: -------- Mapchange to sinjar_coop --------
L 08/13/2016 - 14:26:57: -------- Mapchange to de_lake_coop_nd_v1_2 --------
L 08/13/2016 - 14:33:44: -------- Mapchange to invasion_coop_beta3 --------
L 08/13/2016 - 14:40:42: -------- Mapchange to haditha_dam_coop_finale --------
L 08/13/2016 - 15:02:27: -------- Mapchange to tell_coop --------
L 08/13/2016 - 15:23:07: -------- Mapchange to drycanal_coop --------
L 08/13/2016 - 15:39:19: -------- Mapchange to badlands_coop_b1 --------
L 08/13/2016 - 16:17:03: -------- Mapchange to badlands_coop_b1 --------
L 08/13/2016 - 16:33:10: -------- Mapchange to estates_b4 --------
L 08/13/2016 - 16:52:14: -------- Mapchange to pow_raid --------
L 08/13/2016 - 17:22:13: -------- Mapchange to fortress_coop_beta5 --------
L 08/13/2016 - 17:56:09: -------- Mapchange to dust2_checkpoint_b7 --------
L 08/13/2016 - 18:05:25: -------- Mapchange to siege_coop --------
L 08/13/2016 - 18:22:27: -------- Mapchange to sinjar_coop --------
L 08/13/2016 - 18:35:19: -------- Mapchange to caves_coop --------
L 08/13/2016 - 18:43:26: -------- Mapchange to cs_officeb3_coop_v1_5 --------
L 08/13/2016 - 18:51:40: -------- Mapchange to buhriz_coop --------
L 08/13/2016 - 19:05:51: -------- Mapchange to haditha_dam_coop_finale --------
L 08/13/2016 - 19:33:07: -------- Mapchange to haditha_dam_coop_finale --------
L 08/13/2016 - 20:00:11: -------- Mapchange to cs_officeb3_coop_v1_5 --------
L 08/13/2016 - 20:09:14: -------- Mapchange to cs_motel_coop_nd_v1_3 --------
L 08/13/2016 - 20:19:21: -------- Mapchange to launch_control_coopv1_9 --------
L 08/13/2016 - 20:44:19: -------- Mapchange to caves_coop --------
L 08/13/2016 - 21:04:28: -------- Mapchange to heights_coop --------
L 08/13/2016 - 21:21:23: -------- Mapchange to ministry_coop --------
L 08/13/2016 - 21:34:23: -------- Mapchange to tell_coop --------
L 08/13/2016 - 21:49:34: -------- Mapchange to launch_control_coopv1_9 --------
L 08/13/2016 - 22:07:04: -------- Mapchange to hurtlocker_coopv2hc --------
L 08/13/2016 - 22:20:14: -------- Mapchange to haditha_dam_coop_finale --------
L 08/13/2016 - 22:43:51: -------- Mapchange to panama_canal_a3 --------
L 08/13/2016 - 22:57:13: -------- Mapchange to de_lake_coop_nd_v1_2 --------
L 08/13/2016 - 23:07:37: -------- Mapchange to cs_motel_coop_nd_v1_3 --------
L 08/13/2016 - 23:16:55: -------- Mapchange to sinjar_coop --------
L 08/13/2016 - 23:26:52: -------- Mapchange to winter_rescue_v1 --------
L 08/13/2016 - 23:50:42: -------- Mapchange to bridge_coop_optimized_v1 --------
