L 08/20/2016 - 00:39:06: SourceMod log file session started (file "L20160820.log") (Version "1.8.0.5919")
L 08/20/2016 - 00:39:06: -------- Mapchange to baghdad_b5 --------
L 08/20/2016 - 00:50:11: -------- Mapchange to cs_officeb3_coop_v1_5 --------
L 08/20/2016 - 01:01:08: -------- Mapchange to the_burbs_coop --------
L 08/20/2016 - 01:15:57: -------- Mapchange to healthcenter_coop --------
L 08/20/2016 - 01:26:50: -------- Mapchange to shellshock_2 --------
L 08/20/2016 - 02:56:24: -------- Mapchange to ministry_coop --------
L 08/20/2016 - 03:14:28: -------- Mapchange to ministry_coop --------
L 08/20/2016 - 03:53:35: -------- Mapchange to district_coop --------
L 08/20/2016 - 04:14:43: -------- Mapchange to buhriz_coop --------
L 08/20/2016 - 04:35:00: -------- Mapchange to the_burbs_coop --------
L 08/20/2016 - 04:48:30: -------- Mapchange to drycanal_coop --------
L 08/20/2016 - 05:06:22: -------- Mapchange to cu_chi_tunnels --------
L 08/20/2016 - 05:23:07: -------- Mapchange to sinjar_coop --------
L 08/20/2016 - 05:38:59: -------- Mapchange to the_burbs_coop --------
L 08/20/2016 - 05:57:11: -------- Mapchange to panama_canal_a3 --------
L 08/20/2016 - 06:31:37: -------- Mapchange to haditha_dam_coop_finale --------
L 08/20/2016 - 06:57:57: -------- Mapchange to tell_coop --------
L 08/20/2016 - 07:14:32: -------- Mapchange to baghdad_b5 --------
L 08/20/2016 - 07:27:43: -------- Mapchange to embassy_coop --------
L 08/20/2016 - 07:41:28: -------- Mapchange to tell_coop --------
L 08/20/2016 - 08:16:43: -------- Mapchange to shrine_coop_v1 --------
L 08/20/2016 - 08:38:02: -------- Mapchange to ministry_coop --------
L 08/20/2016 - 09:02:01: -------- Mapchange to embassy_coop --------
L 08/20/2016 - 09:13:18: -------- Mapchange to bunker_busting_coopv1_5 --------
L 08/20/2016 - 09:56:52: -------- Mapchange to cs_motel_coop_nd_v1_3 --------
L 08/20/2016 - 10:07:50: -------- Mapchange to ps7n --------
L 08/20/2016 - 10:24:35: -------- Mapchange to sinjar_coop --------
L 08/20/2016 - 10:40:22: -------- Mapchange to jail_break_coop_ws --------
L 08/20/2016 - 10:53:35: -------- Mapchange to buhriz_coop --------
L 08/20/2016 - 11:04:44: -------- Mapchange to hijacked_redux_v1_1 --------
L 08/20/2016 - 11:23:45: -------- Mapchange to tet --------
L 08/20/2016 - 11:35:39: -------- Mapchange to crossbowv1_1 --------
L 08/20/2016 - 11:46:56: -------- Mapchange to tell_coop --------
L 08/20/2016 - 12:07:10: -------- Mapchange to bridge_coop_optimized_v1 --------
L 08/20/2016 - 12:24:50: -------- Mapchange to winter_rescue_v1 --------
L 08/20/2016 - 12:44:02: -------- Mapchange to cs_militia_coop_v1_1 --------
L 08/20/2016 - 12:53:48: -------- Mapchange to depot_coop --------
L 08/20/2016 - 13:10:12: -------- Mapchange to cs_officeb3_coop_v1_5 --------
L 08/20/2016 - 13:21:57: -------- Mapchange to jail_break_coop_ws --------
L 08/20/2016 - 13:39:44: -------- Mapchange to healthcenter_coop --------
L 08/20/2016 - 14:05:41: -------- Mapchange to dust2_checkpoint_b7 --------
L 08/20/2016 - 14:14:05: -------- Mapchange to game_day_coopv1_3 --------
L 08/20/2016 - 14:45:49: -------- Mapchange to amber_spiritsv1_1_coop --------
L 08/20/2016 - 15:05:44: -------- Mapchange to winter_rescue_v1 --------
L 08/20/2016 - 15:20:35: -------- Mapchange to district_coop --------
L 08/20/2016 - 15:30:55: -------- Mapchange to revolt_coop --------
L 08/20/2016 - 15:40:17: -------- Mapchange to winter_rescue_v1 --------
L 08/20/2016 - 16:27:43: -------- Mapchange to siege_coop --------
L 08/20/2016 - 16:46:01: -------- Mapchange to heights_coop --------
L 08/20/2016 - 17:00:20: -------- Mapchange to game_day_coopv1_3 --------
L 08/20/2016 - 17:48:12: -------- Mapchange to prophet_coop --------
L 08/20/2016 - 17:56:52: -------- Mapchange to cs_officeb3_coop_v1_5 --------
L 08/20/2016 - 18:05:57: -------- Mapchange to tell_coop --------
L 08/20/2016 - 18:23:14: -------- Mapchange to haditha_dam_coop_finale --------
L 08/20/2016 - 19:16:11: -------- Mapchange to ministry_coop --------
L 08/20/2016 - 19:27:12: -------- Mapchange to estates_b4 --------
L 08/20/2016 - 19:47:47: -------- Mapchange to verticality_coop --------
L 08/20/2016 - 20:01:46: -------- Mapchange to district_coop --------
L 08/20/2016 - 20:14:10: -------- Mapchange to tet --------
L 08/20/2016 - 20:33:13: -------- Mapchange to buhriz_coop --------
L 08/20/2016 - 20:45:21: -------- Mapchange to bb_gauntlet_b4 --------
L 08/20/2016 - 20:57:20: -------- Mapchange to payback_b3 --------
L 08/20/2016 - 20:59:52: [respawn.smx] "Blaze<3350><STEAM_1:1:868254><>" respawned "Jesus Chrysler<3177><STEAM_1:1:68273860><>"
L 08/20/2016 - 20:59:52: [respawn.smx] "Blaze<3350><STEAM_1:1:868254><>" respawned "MasterOg<3349><STEAM_1:0:41029978><>"
L 08/20/2016 - 20:59:52: [respawn.smx] "Blaze<3350><STEAM_1:1:868254><>" respawned "Blaze<3350><STEAM_1:1:868254><>"
L 08/20/2016 - 20:59:52: [respawn.smx] "Blaze<3350><STEAM_1:1:868254><>" respawned "HowitzerNAM<3380><STEAM_1:0:2923230><>"
L 08/20/2016 - 20:59:52: [respawn.smx] "Blaze<3350><STEAM_1:1:868254><>" respawned "UserGoesHere<3181><STEAM_1:0:57402622><>"
L 08/20/2016 - 20:59:52: [respawn.smx] "Blaze<3350><STEAM_1:1:868254><>" respawned "aclint223<3191><STEAM_1:0:45591369><>"
L 08/20/2016 - 20:59:52: [respawn.smx] "Blaze<3350><STEAM_1:1:868254><>" respawned "[U306] jondiehl<3188><STEAM_1:1:37824394><>"
L 08/20/2016 - 20:59:52: [respawn.smx] "Blaze<3350><STEAM_1:1:868254><>" respawned "[U306]kdiehl<3190><STEAM_1:1:37787639><>"
L 08/20/2016 - 21:06:35: [respawn.smx] "Blaze<3350><STEAM_1:1:868254><>" respawned "Slipstream<3251><STEAM_1:0:31386802><>"
L 08/20/2016 - 21:06:35: [respawn.smx] "Blaze<3350><STEAM_1:1:868254><>" respawned "MakarovFolksteinSnackbar#1.5<3383><STEAM_1:0:43427895><>"
L 08/20/2016 - 21:06:35: [respawn.smx] "Blaze<3350><STEAM_1:1:868254><>" respawned "Blaze<3350><STEAM_1:1:868254><>"
L 08/20/2016 - 21:06:35: [respawn.smx] "Blaze<3350><STEAM_1:1:868254><>" respawned "Dyreckt<3199><STEAM_1:1:10793611><>"
L 08/20/2016 - 21:06:35: [respawn.smx] "Blaze<3350><STEAM_1:1:868254><>" respawned "CPTNSLAPAHO<3315><STEAM_1:1:68315171><>"
L 08/20/2016 - 21:06:35: [respawn.smx] "Blaze<3350><STEAM_1:1:868254><>" respawned "[LAG] Snoop Doggy Doge<3390><STEAM_1:1:88141233><>"
L 08/20/2016 - 21:06:35: [respawn.smx] "Blaze<3350><STEAM_1:1:868254><>" respawned "Thunderhorse<3391><STEAM_1:0:144516207><>"
L 08/20/2016 - 21:06:35: [respawn.smx] "Blaze<3350><STEAM_1:1:868254><>" respawned "aclint223<3191><STEAM_1:0:45591369><>"
L 08/20/2016 - 21:06:35: [respawn.smx] "Blaze<3350><STEAM_1:1:868254><>" respawned "[U306] jondiehl<3188><STEAM_1:1:37824394><>"
L 08/20/2016 - 21:06:35: [respawn.smx] "Blaze<3350><STEAM_1:1:868254><>" respawned "Trogdorman<3189><STEAM_1:1:14951363><>"
L 08/20/2016 - 21:09:28: -------- Mapchange to winter_rescue_v1 --------
L 08/20/2016 - 21:25:42: -------- Mapchange to depot_coop --------
L 08/20/2016 - 21:42:00: -------- Mapchange to heights_coop --------
L 08/20/2016 - 22:15:38: -------- Mapchange to prophet_coop --------
L 08/20/2016 - 22:40:11: [sourcebans.smx] "Jujube<3530><STEAM_1:0:27934489><>" banned "DKRainey<3565><STEAM_1:0:6702168><>" (minutes "0") (reason "Inappropriate Language")
L 08/20/2016 - 22:40:11: [sourcebans.smx] "Jujube<3530><STEAM_1:0:27934489><>" banned "DKRainey<3565><STEAM_1:0:6702168><>" (minutes "5") (reason "You have been banned by this server, check https://bans.rgservers.com for more info")
L 08/20/2016 - 22:40:11: [sourcebans.smx] "Jujube<3530><STEAM_1:0:27934489><>" banned "DKRainey<3565><STEAM_1:0:6702168><>" (minutes "5") (reason "You have been banned by this server, check https://bans.rgservers.com for more info")
L 08/20/2016 - 22:40:11: [sourcebans.smx] "Jujube<3530><STEAM_1:0:27934489><>" banned "DKRainey<3565><STEAM_1:0:6702168><>" (minutes "5") (reason "You have been banned by this server, check https://bans.rgservers.com for more info")
L 08/20/2016 - 22:40:11: [sourcebans.smx] "Jujube<3530><STEAM_1:0:27934489><>" banned "DKRainey<3565><STEAM_1:0:6702168><>" (minutes "5") (reason "You have been banned by this server, check https://bans.rgservers.com for more info")
L 08/20/2016 - 22:40:11: [sourcebans.smx] "Jujube<3530><STEAM_1:0:27934489><>" banned "DKRainey<3565><STEAM_1:0:6702168><>" (minutes "5") (reason "You have been banned by this server, check https://bans.rgservers.com for more info")
L 08/20/2016 - 22:40:11: [sourcebans.smx] "Jujube<3530><STEAM_1:0:27934489><>" banned "DKRainey<3565><STEAM_1:0:6702168><>" (minutes "5") (reason "You have been banned by this server, check https://bans.rgservers.com for more info")
L 08/20/2016 - 22:40:11: [sourcebans.smx] "Jujube<3530><STEAM_1:0:27934489><>" banned "DKRainey<3565><STEAM_1:0:6702168><>" (minutes "5") (reason "You have been banned by this server, check https://bans.rgservers.com for more info")
L 08/20/2016 - 22:40:11: [sourcebans.smx] "Jujube<3530><STEAM_1:0:27934489><>" banned "DKRainey<3565><STEAM_1:0:6702168><>" (minutes "5") (reason "You have been banned by this server, check https://bans.rgservers.com for more info")
L 08/20/2016 - 22:40:11: [sourcebans.smx] "Jujube<3530><STEAM_1:0:27934489><>" banned "DKRainey<3565><STEAM_1:0:6702168><>" (minutes "5") (reason "You have been banned by this server, check https://bans.rgservers.com for more info")
L 08/20/2016 - 22:40:11: [sourcebans.smx] "Jujube<3530><STEAM_1:0:27934489><>" banned "DKRainey<3565><STEAM_1:0:6702168><>" (minutes "5") (reason "You have been banned by this server, check https://bans.rgservers.com for more info")
L 08/20/2016 - 22:40:11: [sourcebans.smx] "Jujube<3530><STEAM_1:0:27934489><>" banned "DKRainey<3565><STEAM_1:0:6702168><>" (minutes "5") (reason "You have been banned by this server, check https://bans.rgservers.com for more info")
L 08/20/2016 - 22:40:11: [sourcebans.smx] "Jujube<3530><STEAM_1:0:27934489><>" banned "DKRainey<3565><STEAM_1:0:6702168><>" (minutes "5") (reason "You have been banned by this server, check https://bans.rgservers.com for more info")
L 08/20/2016 - 22:40:11: [sourcebans.smx] "Jujube<3530><STEAM_1:0:27934489><>" banned "DKRainey<3565><STEAM_1:0:6702168><>" (minutes "5") (reason "You have been banned by this server, check https://bans.rgservers.com for more info")
L 08/20/2016 - 22:40:11: [sourcebans.smx] "Jujube<3530><STEAM_1:0:27934489><>" banned "DKRainey<3565><STEAM_1:0:6702168><>" (minutes "5") (reason "You have been banned by this server, check https://bans.rgservers.com for more info")
L 08/20/2016 - 22:40:11: [sourcebans.smx] "Jujube<3530><STEAM_1:0:27934489><>" banned "DKRainey<3565><STEAM_1:0:6702168><>" (minutes "5") (reason "You have been banned by this server, check https://bans.rgservers.com for more info")
L 08/20/2016 - 22:40:11: [sourcebans.smx] "Jujube<3530><STEAM_1:0:27934489><>" banned "DKRainey<3565><STEAM_1:0:6702168><>" (minutes "5") (reason "You have been banned by this server, check https://bans.rgservers.com for more info")
L 08/20/2016 - 22:40:11: [sourcebans.smx] "Jujube<3530><STEAM_1:0:27934489><>" banned "DKRainey<3565><STEAM_1:0:6702168><>" (minutes "5") (reason "You have been banned by this server, check https://bans.rgservers.com for more info")
L 08/20/2016 - 22:40:11: [sourcebans.smx] "Jujube<3530><STEAM_1:0:27934489><>" banned "DKRainey<3565><STEAM_1:0:6702168><>" (minutes "5") (reason "You have been banned by this server, check https://bans.rgservers.com for more info")
L 08/20/2016 - 22:40:11: [sourcebans.smx] "Jujube<3530><STEAM_1:0:27934489><>" banned "DKRainey<3565><STEAM_1:0:6702168><>" (minutes "5") (reason "You have been banned by this server, check https://bans.rgservers.com for more info")
L 08/20/2016 - 22:40:11: [sourcebans.smx] "Jujube<3530><STEAM_1:0:27934489><>" banned "DKRainey<3565><STEAM_1:0:6702168><>" (minutes "5") (reason "You have been banned by this server, check https://bans.rgservers.com for more info")
L 08/20/2016 - 22:40:11: [sourcebans.smx] "Jujube<3530><STEAM_1:0:27934489><>" banned "DKRainey<3565><STEAM_1:0:6702168><>" (minutes "5") (reason "You have been banned by this server, check https://bans.rgservers.com for more info")
L 08/20/2016 - 22:40:11: [sourcebans.smx] "Jujube<3530><STEAM_1:0:27934489><>" banned "DKRainey<3565><STEAM_1:0:6702168><>" (minutes "5") (reason "You have been banned by this server, check https://bans.rgservers.com for more info")
L 08/20/2016 - 22:40:11: [sourcebans.smx] "Jujube<3530><STEAM_1:0:27934489><>" banned "DKRainey<3565><STEAM_1:0:6702168><>" (minutes "5") (reason "You have been banned by this server, check https://bans.rgservers.com for more info")
L 08/20/2016 - 22:40:11: [sourcebans.smx] "Jujube<3530><STEAM_1:0:27934489><>" banned "DKRainey<3565><STEAM_1:0:6702168><>" (minutes "5") (reason "You have been banned by this server, check https://bans.rgservers.com for more info")
L 08/20/2016 - 22:40:11: [sourcebans.smx] "Jujube<3530><STEAM_1:0:27934489><>" banned "DKRainey<3565><STEAM_1:0:6702168><>" (minutes "5") (reason "You have been banned by this server, check https://bans.rgservers.com for more info")
L 08/20/2016 - 22:40:11: [sourcebans.smx] "Jujube<3530><STEAM_1:0:27934489><>" banned "DKRainey<3565><STEAM_1:0:6702168><>" (minutes "5") (reason "You have been banned by this server, check https://bans.rgservers.com for more info")
L 08/20/2016 - 22:40:11: [sourcebans.smx] "Jujube<3530><STEAM_1:0:27934489><>" banned "DKRainey<3565><STEAM_1:0:6702168><>" (minutes "5") (reason "You have been banned by this server, check https://bans.rgservers.com for more info")
L 08/20/2016 - 22:40:11: [sourcebans.smx] "Jujube<3530><STEAM_1:0:27934489><>" banned "DKRainey<3565><STEAM_1:0:6702168><>" (minutes "5") (reason "You have been banned by this server, check https://bans.rgservers.com for more info")
L 08/20/2016 - 22:40:11: [sourcebans.smx] "Jujube<3530><STEAM_1:0:27934489><>" banned "DKRainey<3565><STEAM_1:0:6702168><>" (minutes "5") (reason "You have been banned by this server, check https://bans.rgservers.com for more info")
L 08/20/2016 - 22:40:11: [sourcebans.smx] "Jujube<3530><STEAM_1:0:27934489><>" banned "DKRainey<3565><STEAM_1:0:6702168><>" (minutes "5") (reason "You have been banned by this server, check https://bans.rgservers.com for more info")
L 08/20/2016 - 22:40:11: [sourcebans.smx] "Jujube<3530><STEAM_1:0:27934489><>" banned "DKRainey<3565><STEAM_1:0:6702168><>" (minutes "5") (reason "You have been banned by this server, check https://bans.rgservers.com for more info")
L 08/20/2016 - 22:40:11: [sourcebans.smx] "Jujube<3530><STEAM_1:0:27934489><>" banned "DKRainey<3565><STEAM_1:0:6702168><>" (minutes "5") (reason "You have been banned by this server, check https://bans.rgservers.com for more info")
L 08/20/2016 - 22:40:11: [sourcebans.smx] "Jujube<3530><STEAM_1:0:27934489><>" banned "DKRainey<3565><STEAM_1:0:6702168><>" (minutes "5") (reason "You have been banned by this server, check https://bans.rgservers.com for more info")
L 08/20/2016 - 22:40:11: [sourcebans.smx] "Jujube<3530><STEAM_1:0:27934489><>" banned "DKRainey<3565><STEAM_1:0:6702168><>" (minutes "5") (reason "You have been banned by this server, check https://bans.rgservers.com for more info")
L 08/20/2016 - 22:40:11: [sourcebans.smx] "Jujube<3530><STEAM_1:0:27934489><>" banned "DKRainey<3565><STEAM_1:0:6702168><>" (minutes "5") (reason "You have been banned by this server, check https://bans.rgservers.com for more info")
L 08/20/2016 - 22:40:11: [sourcebans.smx] "Jujube<3530><STEAM_1:0:27934489><>" banned "DKRainey<3565><STEAM_1:0:6702168><>" (minutes "5") (reason "You have been banned by this server, check https://bans.rgservers.com for more info")
L 08/20/2016 - 22:47:27: -------- Mapchange to bunker_busting_coopv1_5 --------
L 08/20/2016 - 23:01:10: -------- Mapchange to badlands_night_b1 --------
L 08/20/2016 - 23:17:17: -------- Mapchange to revolt_coop --------
L 08/20/2016 - 23:32:29: -------- Mapchange to shellshock_2 --------
L 08/20/2016 - 23:51:32: -------- Mapchange to osama_b3_checkpoint --------
