L 08/27/2016 - 00:02:23: SourceMod log file session started (file "L20160827.log") (Version "1.8.0.5919")
L 08/27/2016 - 00:02:23: -------- Mapchange to cs_motel_coop_nd_v1_3 --------
L 08/27/2016 - 00:15:11: -------- Mapchange to ministry_coop --------
L 08/27/2016 - 00:27:09: -------- Mapchange to market_coop --------
L 08/27/2016 - 01:31:16: -------- Mapchange to ministry_coop --------
L 08/27/2016 - 02:42:32: -------- Mapchange to nightfall_coopv1_2 --------
L 08/27/2016 - 03:37:33: -------- Mapchange to osama_b3_checkpoint --------
L 08/27/2016 - 04:27:25: -------- Mapchange to tunnel_rats_coopv1_4 --------
L 08/27/2016 - 04:48:08: -------- Mapchange to panama_canal_a3 --------
L 08/27/2016 - 05:12:07: -------- Mapchange to bb_gauntlet_b4 --------
L 08/27/2016 - 05:32:55: -------- Mapchange to healthcenter_coop --------
L 08/27/2016 - 05:45:45: -------- Mapchange to panama_canal_a3 --------
L 08/27/2016 - 06:03:34: -------- Mapchange to prophet_coop --------
L 08/27/2016 - 06:15:33: -------- Mapchange to ps7n --------
L 08/27/2016 - 06:32:19: -------- Mapchange to chateau_tunnels_v1 --------
L 08/27/2016 - 06:46:58: -------- Mapchange to tunnel_rats_coopv1_4 --------
L 08/27/2016 - 07:07:25: -------- Mapchange to jail_break_coop_ws --------
L 08/27/2016 - 07:18:26: -------- Mapchange to launch_control_coopv1_9 --------
L 08/27/2016 - 07:41:14: -------- Mapchange to angle_iron_coop_beta5 --------
L 08/27/2016 - 07:54:26: -------- Mapchange to cs_officeb3_coop_v1_5 --------
L 08/27/2016 - 08:02:20: -------- Mapchange to healthcenter_coop --------
L 08/27/2016 - 08:19:18: -------- Mapchange to kandagal_coop_b5 --------
L 08/27/2016 - 08:35:33: -------- Mapchange to badel_coop_v1 --------
L 08/27/2016 - 09:12:28: -------- Mapchange to badel_coop_v1 --------
L 08/27/2016 - 09:38:50: -------- Mapchange to block_partyv1_1_coop --------
L 08/27/2016 - 10:24:08: -------- Mapchange to crossbowv1_1 --------
L 08/27/2016 - 10:39:25: -------- Mapchange to badlands_night_b1 --------
L 08/27/2016 - 11:52:54: -------- Mapchange to tell_coop --------
L 08/27/2016 - 12:09:00: -------- Mapchange to bunker_busting_coopv1_5 --------
L 08/27/2016 - 12:24:00: -------- Mapchange to central_coop_final --------
L 08/27/2016 - 13:09:21: -------- Mapchange to jail_break_coop_ws --------
L 08/27/2016 - 13:26:59: -------- Mapchange to embassy_coop --------
L 08/27/2016 - 13:41:08: -------- Mapchange to district_coop --------
L 08/27/2016 - 13:53:02: -------- Mapchange to buhriz_coop --------
L 08/27/2016 - 14:04:48: -------- Mapchange to buhriz_coop --------
L 08/27/2016 - 14:14:47: -------- Mapchange to karkand_redux_p2_v1 --------
L 08/27/2016 - 14:33:55: -------- Mapchange to verticality_coop --------
L 08/27/2016 - 14:48:09: -------- Mapchange to sinjar_coop --------
L 08/27/2016 - 15:00:48: -------- Mapchange to crossbowv1_1 --------
L 08/27/2016 - 15:16:47: -------- Mapchange to shellshock_2 --------
L 08/27/2016 - 15:42:27: -------- Mapchange to pow_raid --------
L 08/27/2016 - 16:16:15: -------- Mapchange to dust2_checkpoint_b7 --------
L 08/27/2016 - 16:45:10: -------- Mapchange to sinjar_coop --------
L 08/27/2016 - 16:56:01: -------- Mapchange to heights_coop --------
L 08/27/2016 - 17:14:07: -------- Mapchange to payback_b3 --------
L 08/27/2016 - 17:27:03: -------- Mapchange to siege_coop --------
L 08/27/2016 - 17:36:42: -------- Mapchange to trenches6_coop_v1_2 --------
L 08/27/2016 - 17:48:40: -------- Mapchange to trenches6_coop_v1_2 --------
L 08/27/2016 - 17:59:55: -------- Mapchange to central_coop_final --------
L 08/27/2016 - 18:17:38: -------- Mapchange to shellshock_2 --------
L 08/27/2016 - 18:29:03: -------- Mapchange to pow_raid --------
L 08/27/2016 - 18:59:50: -------- Mapchange to badel_coop_v1 --------
L 08/27/2016 - 19:16:34: -------- Mapchange to angle_iron_coop_beta5 --------
L 08/27/2016 - 19:34:56: -------- Mapchange to baghdad_b5 --------
L 08/27/2016 - 19:43:42: -------- Mapchange to karkand_redux_p2_v1 --------
L 08/27/2016 - 20:01:41: -------- Mapchange to haditha_dam_coop_finale --------
L 08/27/2016 - 20:24:53: -------- Mapchange to buhriz_coop --------
L 08/27/2016 - 20:36:20: -------- Mapchange to jail_break_coop_ws --------
L 08/27/2016 - 20:50:08: -------- Mapchange to karkand_redux_p2_v1 --------
L 08/27/2016 - 21:09:45: -------- Mapchange to sinjar_coop --------
L 08/27/2016 - 21:18:45: -------- Mapchange to baghdad_b5 --------
L 08/27/2016 - 21:28:10: -------- Mapchange to pow_raid --------
L 08/27/2016 - 21:41:29: -------- Mapchange to ministry_coop --------
L 08/27/2016 - 21:51:00: -------- Mapchange to drycanal_coop --------
L 08/27/2016 - 22:23:18: -------- Mapchange to sinjar_coop --------
L 08/27/2016 - 22:40:19: -------- Mapchange to district_coop --------
L 08/27/2016 - 23:03:35: -------- Mapchange to ministry_coop --------
L 08/27/2016 - 23:10:14: -------- Mapchange to nightfall_coopv1_2 --------
