L 08/04/2016 - 00:04:24: SourceMod log file session started (file "L20160804.log") (Version "1.8.0.5919")
L 08/04/2016 - 00:04:24: -------- Mapchange to haditha_dam_coop_finale --------
L 08/04/2016 - 00:33:54: -------- Mapchange to fortress_coop_beta5 --------
L 08/04/2016 - 00:50:25: -------- Mapchange to the_burbs_coop --------
L 08/04/2016 - 01:05:23: -------- Mapchange to siege_coop --------
L 08/04/2016 - 01:21:14: -------- Mapchange to embassy_coop --------
L 08/04/2016 - 01:34:20: -------- Mapchange to shrine_coop_v1 --------
L 08/04/2016 - 02:07:29: -------- Mapchange to sinjar_coop --------
L 08/04/2016 - 02:34:42: -------- Mapchange to launch_control_coopv1_9 --------
L 08/04/2016 - 03:22:35: -------- Mapchange to caves_coop --------
L 08/04/2016 - 03:33:41: -------- Mapchange to panama_canal_a3 --------
L 08/04/2016 - 04:05:16: -------- Mapchange to gizab_b1_coop --------
L 08/04/2016 - 04:48:59: -------- Mapchange to gizab_b1_coop --------
L 08/04/2016 - 05:52:21: -------- Mapchange to haditha_dam_coop_finale --------
L 08/04/2016 - 06:50:14: -------- Mapchange to dust2_checkpoint_b7 --------
L 08/04/2016 - 07:01:47: -------- Mapchange to chateau_tunnels_v1 --------
L 08/04/2016 - 07:20:56: -------- Mapchange to chateau_tunnels_v1 --------
L 08/04/2016 - 07:51:07: -------- Mapchange to block_partyv1_1_coop --------
L 08/04/2016 - 11:09:50: -------- Mapchange to block_partyv1_1_coop --------
L 08/04/2016 - 11:41:46: -------- Mapchange to block_partyv1_1_coop --------
L 08/04/2016 - 11:51:44: -------- Mapchange to block_partyv1_1_coop --------
L 08/04/2016 - 12:18:31: -------- Mapchange to buhriz_coop --------
L 08/04/2016 - 12:48:57: -------- Mapchange to trenches6_coop_v1_2 --------
L 08/04/2016 - 13:04:36: -------- Mapchange to healthcenter_coop --------
L 08/04/2016 - 13:19:50: -------- Mapchange to bunker_busting_coopv1_5 --------
L 08/04/2016 - 13:35:03: -------- Mapchange to baghdad_b5 --------
L 08/04/2016 - 13:53:12: -------- Mapchange to cu_chi_tunnels --------
L 08/04/2016 - 14:09:31: -------- Mapchange to caves_coop --------
L 08/04/2016 - 14:18:58: -------- Mapchange to revolt_coop --------
L 08/04/2016 - 14:33:18: -------- Mapchange to bunker_busting_coopv1_5 --------
L 08/04/2016 - 14:45:19: -------- Mapchange to dusty_nights_coopv1_1 --------
L 08/04/2016 - 14:58:58: -------- Mapchange to baghdad_b5 --------
L 08/04/2016 - 15:10:24: -------- Mapchange to bb_gauntlet_b4 --------
L 08/04/2016 - 15:14:01: -------- Mapchange to amber_spiritsv1_1_coop --------
L 08/04/2016 - 16:06:40: -------- Mapchange to cu_chi_tunnels --------
L 08/04/2016 - 16:29:10: -------- Mapchange to angle_iron_coop_beta5 --------
L 08/04/2016 - 16:45:23: -------- Mapchange to osama_b3_checkpoint --------
L 08/04/2016 - 16:56:49: -------- Mapchange to drycanal_coop --------
L 08/04/2016 - 17:19:26: -------- Mapchange to cs_officeb3_coop_v1_5 --------
L 08/04/2016 - 17:31:04: -------- Mapchange to takbar_b5 --------
L 08/04/2016 - 17:44:44: -------- Mapchange to fortress_coop_beta5 --------
L 08/04/2016 - 18:16:17: -------- Mapchange to the_burbs_coop --------
L 08/04/2016 - 18:31:36: -------- Mapchange to haditha_dam_coop_finale --------
L 08/04/2016 - 19:14:05: -------- Mapchange to bridge_coop_optimized_v1 --------
L 08/04/2016 - 19:29:13: -------- Mapchange to siege_coop --------
L 08/04/2016 - 19:38:22: -------- Mapchange to inferno_checkpoint_b2 --------
L 08/04/2016 - 19:48:22: -------- Mapchange to buhriz_coop --------
L 08/04/2016 - 20:01:12: -------- Mapchange to drycanal_coop --------
L 08/04/2016 - 20:17:41: -------- Mapchange to ministry_coop --------
L 08/04/2016 - 20:27:42: -------- Mapchange to bunker_busting_coopv1_5 --------
L 08/04/2016 - 20:41:01: -------- Mapchange to revolt_coop --------
L 08/04/2016 - 20:54:15: [respawn.smx] "Blaze<6110><STEAM_1:1:868254><>" respawned "Blaze<6110><STEAM_1:1:868254><>"
L 08/04/2016 - 20:56:21: -------- Mapchange to hurtlocker_coopv2hc --------
L 08/04/2016 - 21:14:16: -------- Mapchange to dusty_nights_coopv1_1 --------
L 08/04/2016 - 21:30:14: -------- Mapchange to caves_coop --------
L 08/04/2016 - 21:38:34: -------- Mapchange to central_coop_final --------
L 08/04/2016 - 22:04:44: -------- Mapchange to drycanal_coop --------
L 08/04/2016 - 22:19:46: -------- Mapchange to prophet_coop --------
L 08/04/2016 - 22:39:31: -------- Mapchange to haditha_dam_coop_finale --------
L 08/04/2016 - 23:03:51: -------- Mapchange to almaden_coop_v1_1 --------
L 08/04/2016 - 23:17:45: -------- Mapchange to cu_chi_tunnels --------
L 08/04/2016 - 23:30:40: -------- Mapchange to tunnel_rats_coopv1_4 --------
