L 08/17/2016 - 00:30:03: SourceMod log file session started (file "L20160817.log") (Version "1.8.0.5919")
L 08/17/2016 - 00:30:03: -------- Mapchange to haditha_dam_coop_finale --------
L 08/17/2016 - 00:56:03: -------- Mapchange to the_burbs_coop --------
L 08/17/2016 - 01:09:01: -------- Mapchange to pow_raid --------
L 08/17/2016 - 01:21:29: -------- Mapchange to depot_coop --------
L 08/17/2016 - 01:45:10: -------- Mapchange to revolt_coop --------
L 08/17/2016 - 02:06:30: -------- Mapchange to gizab_b1_coop --------
L 08/17/2016 - 02:23:14: -------- Mapchange to game_day_coopv1_3 --------
L 08/17/2016 - 02:37:59: -------- Mapchange to cs_officeb3_coop_v1_5 --------
L 08/17/2016 - 02:47:09: -------- Mapchange to almaden_coop_v1_1 --------
L 08/17/2016 - 03:16:01: -------- Mapchange to cs_motel_coop_nd_v1_3 --------
L 08/17/2016 - 03:26:41: -------- Mapchange to revolt_coop --------
L 08/17/2016 - 03:41:52: -------- Mapchange to district_coop --------
L 08/17/2016 - 04:00:19: -------- Mapchange to badlands_coop_b1 --------
L 08/17/2016 - 04:18:34: -------- Mapchange to badlands_night_b1 --------
L 08/17/2016 - 05:32:38: -------- Mapchange to tell_coop --------
L 08/17/2016 - 07:06:37: -------- Mapchange to tet --------
L 08/17/2016 - 08:09:31: -------- Mapchange to the_burbs_coop --------
L 08/17/2016 - 09:04:31: -------- Mapchange to trenches6_coop_v1_2 --------
L 08/17/2016 - 09:20:07: -------- Mapchange to fortress_coop_beta5 --------
L 08/17/2016 - 09:41:46: -------- Mapchange to healthcenter_coop --------
L 08/17/2016 - 09:54:21: -------- Mapchange to hurtlocker_coopv2hc --------
L 08/17/2016 - 10:11:03: -------- Mapchange to tet --------
L 08/17/2016 - 10:28:05: -------- Mapchange to district_coop --------
L 08/17/2016 - 10:48:32: -------- Mapchange to district_coop --------
L 08/17/2016 - 11:02:52: -------- Mapchange to buhriz_coop --------
L 08/17/2016 - 11:16:58: -------- Mapchange to siege_coop --------
L 08/17/2016 - 11:28:01: -------- Mapchange to crossbowv1_1 --------
L 08/17/2016 - 11:42:52: -------- Mapchange to gizab_b1_coop --------
L 08/17/2016 - 12:14:14: -------- Mapchange to ministry_coop --------
L 08/17/2016 - 12:46:43: -------- Mapchange to jail_break_coop_ws --------
L 08/17/2016 - 13:20:47: -------- Mapchange to dust2_checkpoint_b7 --------
L 08/17/2016 - 13:42:01: -------- Mapchange to dust2_checkpoint_b7 --------
L 08/17/2016 - 13:50:30: -------- Mapchange to cu_chi_tunnels --------
L 08/17/2016 - 14:00:27: -------- Mapchange to hijacked_redux_v1_1 --------
L 08/17/2016 - 14:18:57: -------- Mapchange to launch_control_coopv1_9 --------
L 08/17/2016 - 14:38:26: -------- Mapchange to pow_raid --------
L 08/17/2016 - 14:55:39: -------- Mapchange to inferno_checkpoint_b2 --------
L 08/17/2016 - 15:14:24: -------- Mapchange to crossbowv1_1 --------
L 08/17/2016 - 15:28:31: -------- Mapchange to verticality_coop --------
L 08/17/2016 - 15:57:03: -------- Mapchange to fortress_coop_beta5 --------
L 08/17/2016 - 16:13:35: -------- Mapchange to cs_officeb3_coop_v1_5 --------
L 08/17/2016 - 16:21:20: -------- Mapchange to healthcenter_coop --------
L 08/17/2016 - 16:33:37: -------- Mapchange to tell_coop --------
L 08/17/2016 - 16:49:37: -------- Mapchange to hurtlocker_coopv2hc --------
L 08/17/2016 - 17:00:41: -------- Mapchange to haditha_dam_coop_finale --------
L 08/17/2016 - 17:26:50: -------- Mapchange to cs_motel_coop_nd_v1_3 --------
L 08/17/2016 - 17:32:15: -------- Mapchange to trenches6_coop_v1_2 --------
L 08/17/2016 - 17:40:59: -------- Mapchange to zagros_convoy_b5 --------
L 08/17/2016 - 17:50:03: -------- Mapchange to payback_b3 --------
L 08/17/2016 - 18:03:42: -------- Mapchange to drycanal_coop --------
L 08/17/2016 - 18:19:14: -------- Mapchange to hijacked_redux_v1_1 --------
L 08/17/2016 - 18:36:51: -------- Mapchange to osama_b3_checkpoint --------
L 08/17/2016 - 18:45:45: SourceMod log file session started (file "L20160817.log") (Version "1.8.0.5919")
L 08/17/2016 - 18:45:45: -------- Mapchange to tell_coop --------
L 08/17/2016 - 18:45:45: [simple-chatprocessor.smx] [SCP] Recognized mod [Insurgency].
L 08/17/2016 - 18:45:45: [simple-chatprocessor.smx] [SCP] Loading translation file [scp.insurgency.phrases].
L 08/17/2016 - 18:45:45: [antitk.smx] [Anti-TK Manager] Data File: addons/sourcemod/data/AntiTK.txt
L 08/17/2016 - 18:45:45: [antitk.smx] [Anti-TK] Detected Mod Insurgency
L 08/17/2016 - 18:55:27: [respawn.smx] "Blaze<24><STEAM_1:1:868254><>" respawned "Blaze<24><STEAM_1:1:868254><>"
L 08/17/2016 - 18:55:30: [respawn.smx] "Blaze<24><STEAM_1:1:868254><>" respawned "jp_27718<9><STEAM_1:0:153615466><>"
L 08/17/2016 - 18:55:30: [respawn.smx] "Blaze<24><STEAM_1:1:868254><>" respawned "CENSORED<11><STEAM_1:0:27021685><>"
L 08/17/2016 - 19:01:35: -------- Mapchange to ministry_coop --------
L 08/17/2016 - 19:37:04: -------- Mapchange to revolt_coop --------
L 08/17/2016 - 19:50:00: -------- Mapchange to the_burbs_coop --------
L 08/17/2016 - 20:08:35: -------- Mapchange to dust2_checkpoint_b7 --------
L 08/17/2016 - 20:20:50: -------- Mapchange to game_day_coopv1_3 --------
L 08/17/2016 - 20:34:09: -------- Mapchange to tet --------
L 08/17/2016 - 20:52:51: -------- Mapchange to ministry_coop --------
L 08/17/2016 - 21:05:11: -------- Mapchange to district_coop --------
L 08/17/2016 - 21:25:28: -------- Mapchange to district_coop --------
L 08/17/2016 - 21:37:36: -------- Mapchange to estates_b4 --------
L 08/17/2016 - 21:49:58: -------- Mapchange to central_coop_final --------
L 08/17/2016 - 22:16:09: -------- Mapchange to haditha_dam_coop_finale --------
L 08/17/2016 - 22:42:13: -------- Mapchange to panama_canal_a3 --------
L 08/17/2016 - 22:59:32: -------- Mapchange to bb_gauntlet_b4 --------
L 08/17/2016 - 23:17:28: -------- Mapchange to tell_coop --------
L 08/17/2016 - 23:35:18: -------- Mapchange to bunker_busting_coopv1_5 --------
L 08/17/2016 - 23:53:40: -------- Mapchange to siege_coop --------
