L 08/21/2016 - 01:18:27: SourceMod log file session started (file "L20160821.log") (Version "1.8.0.5919")
L 08/21/2016 - 01:18:27: -------- Mapchange to buhriz_coop --------
L 08/21/2016 - 01:48:21: -------- Mapchange to buhriz_coop --------
L 08/21/2016 - 03:09:26: -------- Mapchange to panama_canal_a3 --------
L 08/21/2016 - 03:36:41: -------- Mapchange to bridge_coop_optimized_v1 --------
L 08/21/2016 - 03:51:32: -------- Mapchange to tet --------
L 08/21/2016 - 04:35:57: -------- Mapchange to jail_break_coop_ws --------
L 08/21/2016 - 04:59:39: -------- Mapchange to depot_coop --------
L 08/21/2016 - 05:08:11: -------- Mapchange to hijacked_redux_v1_1 --------
L 08/21/2016 - 05:26:24: -------- Mapchange to embassy_coop --------
L 08/21/2016 - 05:57:45: -------- Mapchange to tell_coop --------
L 08/21/2016 - 06:42:00: -------- Mapchange to tet --------
L 08/21/2016 - 07:18:23: -------- Mapchange to kandagal_coop_b5 --------
L 08/21/2016 - 07:22:00: [respawn.smx] "Blaze<3957><STEAM_1:1:868254><>" respawned "Cartwright<3947><STEAM_1:1:22495170><>"
L 08/21/2016 - 07:29:29: [respawn.smx] "Blaze<3957><STEAM_1:1:868254><>" respawned "Blaze<3957><STEAM_1:1:868254><>"
L 08/21/2016 - 07:35:03: [respawn.smx] "Blaze<3957><STEAM_1:1:868254><>" respawned "Blaze<3957><STEAM_1:1:868254><>"
L 08/21/2016 - 07:39:53: [respawn.smx] "Blaze<3957><STEAM_1:1:868254><>" respawned "Blaze<3957><STEAM_1:1:868254><>"
L 08/21/2016 - 07:40:48: [respawn.smx] "Blaze<3957><STEAM_1:1:868254><>" respawned "Moronish<3969><STEAM_1:1:2160522><>"
L 08/21/2016 - 07:40:48: [respawn.smx] "Blaze<3957><STEAM_1:1:868254><>" respawned "Cartwright<3947><STEAM_1:1:22495170><>"
L 08/21/2016 - 07:42:15: -------- Mapchange to crossbowv1_1 --------
L 08/21/2016 - 07:50:41: [respawn.smx] "Blaze<3957><STEAM_1:1:868254><>" respawned "=7Cav=CPL.Windeck.S<3982><STEAM_1:1:44734260><>"
L 08/21/2016 - 08:03:25: [respawn.smx] "Blaze<3957><STEAM_1:1:868254><>" respawned "Cartwright<3947><STEAM_1:1:22495170><>"
L 08/21/2016 - 08:09:14: [respawn.smx] "Blaze<3957><STEAM_1:1:868254><>" respawned "Cartwright<3947><STEAM_1:1:22495170><>"
L 08/21/2016 - 09:09:04: -------- Mapchange to cs_militia_coop_v1_1 --------
L 08/21/2016 - 09:36:57: -------- Mapchange to ministry_coop --------
L 08/21/2016 - 10:07:30: -------- Mapchange to ins_abdallah_new_night_coop --------
L 08/21/2016 - 10:36:57: -------- Mapchange to invasion_coop_beta3 --------
L 08/21/2016 - 10:59:08: -------- Mapchange to tell_coop --------
L 08/21/2016 - 11:37:41: -------- Mapchange to prophet_coop --------
L 08/21/2016 - 12:01:32: -------- Mapchange to siege_coop --------
L 08/21/2016 - 12:30:05: -------- Mapchange to invasion_coop_beta3 --------
L 08/21/2016 - 12:40:38: -------- Mapchange to sinjar_coop --------
L 08/21/2016 - 12:59:32: -------- Mapchange to amber_spiritsv1_1_coop --------
L 08/21/2016 - 13:17:52: -------- Mapchange to caves_coop --------
L 08/21/2016 - 13:26:03: -------- Mapchange to game_day_coopv1_3 --------
L 08/21/2016 - 13:41:55: -------- Mapchange to hijacked_redux_v1_1 --------
L 08/21/2016 - 14:07:13: -------- Mapchange to block_partyv1_1_coop --------
L 08/21/2016 - 14:24:24: -------- Mapchange to sinjar_coop --------
L 08/21/2016 - 14:49:43: -------- Mapchange to buhriz_coop --------
L 08/21/2016 - 15:03:19: -------- Mapchange to prophet_coop --------
L 08/21/2016 - 15:17:53: -------- Mapchange to cs_militia_coop_v1_1 --------
L 08/21/2016 - 15:30:26: -------- Mapchange to launch_control_coopv1_9 --------
L 08/21/2016 - 15:46:00: -------- Mapchange to inferno_checkpoint_b2 --------
L 08/21/2016 - 16:02:24: -------- Mapchange to ministry_coop --------
L 08/21/2016 - 16:13:03: -------- Mapchange to buhriz_coop --------
L 08/21/2016 - 16:37:21: -------- Mapchange to revolt_coop --------
L 08/21/2016 - 16:49:53: -------- Mapchange to block_partyv1_1_coop --------
L 08/21/2016 - 17:12:30: -------- Mapchange to launch_control_coopv1_9 --------
L 08/21/2016 - 17:27:11: -------- Mapchange to inferno_checkpoint_b2 --------
L 08/21/2016 - 17:39:27: -------- Mapchange to crossbowv1_1 --------
L 08/21/2016 - 17:54:12: -------- Mapchange to hurtlocker_coopv2hc --------
L 08/21/2016 - 18:08:05: -------- Mapchange to winter_rescue_v1 --------
L 08/21/2016 - 18:25:00: -------- Mapchange to dusty_nights_coopv1_1 --------
L 08/21/2016 - 18:36:24: -------- Mapchange to sinjar_coop --------
L 08/21/2016 - 18:46:48: -------- Mapchange to the_burbs_coop --------
L 08/21/2016 - 18:58:24: -------- Mapchange to hurtlocker_coopv2hc --------
L 08/21/2016 - 19:18:24: -------- Mapchange to haditha_dam_coop_finale --------
L 08/21/2016 - 19:41:10: -------- Mapchange to bridge_coop_optimized_v1 --------
L 08/21/2016 - 19:55:05: -------- Mapchange to winter_rescue_v1 --------
L 08/21/2016 - 20:05:18: SourceMod log file session started (file "L20160821.log") (Version "1.8.0.5919")
L 08/21/2016 - 20:05:18: -------- Mapchange to tell_coop --------
L 08/21/2016 - 20:05:20: [simple-chatprocessor.smx] [SCP] Recognized mod [Insurgency].
L 08/21/2016 - 20:05:20: [simple-chatprocessor.smx] [SCP] Loading translation file [scp.insurgency.phrases].
L 08/21/2016 - 20:05:20: [antitk.smx] [Anti-TK Manager] Data File: addons/sourcemod/data/AntiTK.txt
L 08/21/2016 - 20:05:20: [antitk.smx] [Anti-TK] Detected Mod Insurgency
L 08/21/2016 - 20:25:53: -------- Mapchange to tell_coop --------
L 08/21/2016 - 20:39:57: -------- Mapchange to siege_coop --------
L 08/21/2016 - 21:08:13: -------- Mapchange to siege_coop --------
L 08/21/2016 - 21:22:59: -------- Mapchange to block_partyv1_1_coop --------
L 08/21/2016 - 22:09:37: -------- Mapchange to haditha_dam_coop_finale --------
L 08/21/2016 - 22:56:25: -------- Mapchange to osama_b3_checkpoint --------
L 08/21/2016 - 23:10:40: -------- Mapchange to haditha_dam_coop_finale --------
L 08/21/2016 - 23:20:23: [respawn.smx] "Blaze<209><STEAM_1:1:868254><>" respawned "Blaze<209><STEAM_1:1:868254><>"
L 08/21/2016 - 23:22:18: [respawn.smx] "Blaze<209><STEAM_1:1:868254><>" respawned "Blaze<209><STEAM_1:1:868254><>"
L 08/21/2016 - 23:24:49: [basecommands.smx] "Blaze<209><STEAM_1:1:868254><>" kicked "TWOinthePINK<146><STEAM_1:0:74614897><>" (reason "")
L 08/21/2016 - 23:32:46: [sourcebans.smx] "Blaze<209><STEAM_1:1:868254><>" banned "TWOinthePINK<215><STEAM_1:0:74614897><>" (minutes "1440") (reason "Spamming Mic/Chat")
L 08/21/2016 - 23:32:46: [sourcebans.smx] "Blaze<209><STEAM_1:1:868254><>" banned "TWOinthePINK<215><STEAM_1:0:74614897><>" (minutes "5") (reason "You have been banned by this server, check https://bans.rgservers.com for more info")
L 08/21/2016 - 23:32:46: [sourcebans.smx] "Blaze<209><STEAM_1:1:868254><>" banned "TWOinthePINK<215><STEAM_1:0:74614897><>" (minutes "5") (reason "You have been banned by this server, check https://bans.rgservers.com for more info")
L 08/21/2016 - 23:32:46: [sourcebans.smx] "Blaze<209><STEAM_1:1:868254><>" banned "TWOinthePINK<215><STEAM_1:0:74614897><>" (minutes "5") (reason "You have been banned by this server, check https://bans.rgservers.com for more info")
L 08/21/2016 - 23:32:46: [sourcebans.smx] "Blaze<209><STEAM_1:1:868254><>" banned "TWOinthePINK<215><STEAM_1:0:74614897><>" (minutes "5") (reason "You have been banned by this server, check https://bans.rgservers.com for more info")
L 08/21/2016 - 23:32:46: [sourcebans.smx] "Blaze<209><STEAM_1:1:868254><>" banned "TWOinthePINK<215><STEAM_1:0:74614897><>" (minutes "5") (reason "You have been banned by this server, check https://bans.rgservers.com for more info")
L 08/21/2016 - 23:32:46: [sourcebans.smx] "Blaze<209><STEAM_1:1:868254><>" banned "TWOinthePINK<215><STEAM_1:0:74614897><>" (minutes "5") (reason "You have been banned by this server, check https://bans.rgservers.com for more info")
L 08/21/2016 - 23:32:46: [sourcebans.smx] "Blaze<209><STEAM_1:1:868254><>" banned "TWOinthePINK<215><STEAM_1:0:74614897><>" (minutes "5") (reason "You have been banned by this server, check https://bans.rgservers.com for more info")
L 08/21/2016 - 23:32:46: [sourcebans.smx] "Blaze<209><STEAM_1:1:868254><>" banned "TWOinthePINK<215><STEAM_1:0:74614897><>" (minutes "5") (reason "You have been banned by this server, check https://bans.rgservers.com for more info")
L 08/21/2016 - 23:32:46: [sourcebans.smx] "Blaze<209><STEAM_1:1:868254><>" banned "TWOinthePINK<215><STEAM_1:0:74614897><>" (minutes "5") (reason "You have been banned by this server, check https://bans.rgservers.com for more info")
L 08/21/2016 - 23:32:46: [sourcebans.smx] "Blaze<209><STEAM_1:1:868254><>" banned "TWOinthePINK<215><STEAM_1:0:74614897><>" (minutes "5") (reason "You have been banned by this server, check https://bans.rgservers.com for more info")
L 08/21/2016 - 23:32:46: [sourcebans.smx] "Blaze<209><STEAM_1:1:868254><>" banned "TWOinthePINK<215><STEAM_1:0:74614897><>" (minutes "5") (reason "You have been banned by this server, check https://bans.rgservers.com for more info")
L 08/21/2016 - 23:32:46: [sourcebans.smx] "Blaze<209><STEAM_1:1:868254><>" banned "TWOinthePINK<215><STEAM_1:0:74614897><>" (minutes "5") (reason "You have been banned by this server, check https://bans.rgservers.com for more info")
L 08/21/2016 - 23:32:46: [sourcebans.smx] "Blaze<209><STEAM_1:1:868254><>" banned "TWOinthePINK<215><STEAM_1:0:74614897><>" (minutes "5") (reason "You have been banned by this server, check https://bans.rgservers.com for more info")
L 08/21/2016 - 23:32:46: [sourcebans.smx] "Blaze<209><STEAM_1:1:868254><>" banned "TWOinthePINK<215><STEAM_1:0:74614897><>" (minutes "5") (reason "You have been banned by this server, check https://bans.rgservers.com for more info")
L 08/21/2016 - 23:32:46: [sourcebans.smx] "Blaze<209><STEAM_1:1:868254><>" banned "TWOinthePINK<215><STEAM_1:0:74614897><>" (minutes "5") (reason "You have been banned by this server, check https://bans.rgservers.com for more info")
L 08/21/2016 - 23:32:46: [sourcebans.smx] "Blaze<209><STEAM_1:1:868254><>" banned "TWOinthePINK<215><STEAM_1:0:74614897><>" (minutes "5") (reason "You have been banned by this server, check https://bans.rgservers.com for more info")
L 08/21/2016 - 23:32:46: [sourcebans.smx] "Blaze<209><STEAM_1:1:868254><>" banned "TWOinthePINK<215><STEAM_1:0:74614897><>" (minutes "5") (reason "You have been banned by this server, check https://bans.rgservers.com for more info")
L 08/21/2016 - 23:32:46: [sourcebans.smx] "Blaze<209><STEAM_1:1:868254><>" banned "TWOinthePINK<215><STEAM_1:0:74614897><>" (minutes "5") (reason "You have been banned by this server, check https://bans.rgservers.com for more info")
L 08/21/2016 - 23:32:46: [sourcebans.smx] "Blaze<209><STEAM_1:1:868254><>" banned "TWOinthePINK<215><STEAM_1:0:74614897><>" (minutes "5") (reason "You have been banned by this server, check https://bans.rgservers.com for more info")
L 08/21/2016 - 23:32:46: [sourcebans.smx] "Blaze<209><STEAM_1:1:868254><>" banned "TWOinthePINK<215><STEAM_1:0:74614897><>" (minutes "5") (reason "You have been banned by this server, check https://bans.rgservers.com for more info")
L 08/21/2016 - 23:32:46: [sourcebans.smx] "Blaze<209><STEAM_1:1:868254><>" banned "TWOinthePINK<215><STEAM_1:0:74614897><>" (minutes "5") (reason "You have been banned by this server, check https://bans.rgservers.com for more info")
L 08/21/2016 - 23:32:46: [sourcebans.smx] "Blaze<209><STEAM_1:1:868254><>" banned "TWOinthePINK<215><STEAM_1:0:74614897><>" (minutes "5") (reason "You have been banned by this server, check https://bans.rgservers.com for more info")
L 08/21/2016 - 23:32:46: [sourcebans.smx] "Blaze<209><STEAM_1:1:868254><>" banned "TWOinthePINK<215><STEAM_1:0:74614897><>" (minutes "5") (reason "You have been banned by this server, check https://bans.rgservers.com for more info")
L 08/21/2016 - 23:32:46: [sourcebans.smx] "Blaze<209><STEAM_1:1:868254><>" banned "TWOinthePINK<215><STEAM_1:0:74614897><>" (minutes "5") (reason "You have been banned by this server, check https://bans.rgservers.com for more info")
L 08/21/2016 - 23:32:46: [sourcebans.smx] "Blaze<209><STEAM_1:1:868254><>" banned "TWOinthePINK<215><STEAM_1:0:74614897><>" (minutes "5") (reason "You have been banned by this server, check https://bans.rgservers.com for more info")
L 08/21/2016 - 23:32:46: [sourcebans.smx] "Blaze<209><STEAM_1:1:868254><>" banned "TWOinthePINK<215><STEAM_1:0:74614897><>" (minutes "5") (reason "You have been banned by this server, check https://bans.rgservers.com for more info")
L 08/21/2016 - 23:32:46: [sourcebans.smx] "Blaze<209><STEAM_1:1:868254><>" banned "TWOinthePINK<215><STEAM_1:0:74614897><>" (minutes "5") (reason "You have been banned by this server, check https://bans.rgservers.com for more info")
L 08/21/2016 - 23:32:46: [sourcebans.smx] "Blaze<209><STEAM_1:1:868254><>" banned "TWOinthePINK<215><STEAM_1:0:74614897><>" (minutes "5") (reason "You have been banned by this server, check https://bans.rgservers.com for more info")
L 08/21/2016 - 23:32:46: [sourcebans.smx] "Blaze<209><STEAM_1:1:868254><>" banned "TWOinthePINK<215><STEAM_1:0:74614897><>" (minutes "5") (reason "You have been banned by this server, check https://bans.rgservers.com for more info")
L 08/21/2016 - 23:32:46: [sourcebans.smx] "Blaze<209><STEAM_1:1:868254><>" banned "TWOinthePINK<215><STEAM_1:0:74614897><>" (minutes "5") (reason "You have been banned by this server, check https://bans.rgservers.com for more info")
L 08/21/2016 - 23:32:46: [sourcebans.smx] "Blaze<209><STEAM_1:1:868254><>" banned "TWOinthePINK<215><STEAM_1:0:74614897><>" (minutes "5") (reason "You have been banned by this server, check https://bans.rgservers.com for more info")
L 08/21/2016 - 23:32:46: [sourcebans.smx] "Blaze<209><STEAM_1:1:868254><>" banned "TWOinthePINK<215><STEAM_1:0:74614897><>" (minutes "5") (reason "You have been banned by this server, check https://bans.rgservers.com for more info")
L 08/21/2016 - 23:32:46: [sourcebans.smx] "Blaze<209><STEAM_1:1:868254><>" banned "TWOinthePINK<215><STEAM_1:0:74614897><>" (minutes "5") (reason "You have been banned by this server, check https://bans.rgservers.com for more info")
L 08/21/2016 - 23:32:46: [sourcebans.smx] "Blaze<209><STEAM_1:1:868254><>" banned "TWOinthePINK<215><STEAM_1:0:74614897><>" (minutes "5") (reason "You have been banned by this server, check https://bans.rgservers.com for more info")
L 08/21/2016 - 23:32:46: [sourcebans.smx] "Blaze<209><STEAM_1:1:868254><>" banned "TWOinthePINK<215><STEAM_1:0:74614897><>" (minutes "5") (reason "You have been banned by this server, check https://bans.rgservers.com for more info")
L 08/21/2016 - 23:32:46: [sourcebans.smx] "Blaze<209><STEAM_1:1:868254><>" banned "TWOinthePINK<215><STEAM_1:0:74614897><>" (minutes "5") (reason "You have been banned by this server, check https://bans.rgservers.com for more info")
L 08/21/2016 - 23:36:15: -------- Mapchange to siege_coop --------
L 08/21/2016 - 23:43:15: [respawn.smx] "Blaze<209><STEAM_1:1:868254><>" respawned "Blaze<209><STEAM_1:1:868254><>"
L 08/21/2016 - 23:43:15: [respawn.smx] "Blaze<209><STEAM_1:1:868254><>" respawned "BuenasNochezz<134><STEAM_1:0:69105548><>"
L 08/21/2016 - 23:43:15: [respawn.smx] "Blaze<209><STEAM_1:1:868254><>" respawned "[A.C.E.] HempKnight2112<207><STEAM_1:1:160937830><>"
L 08/21/2016 - 23:45:47: [respawn.smx] "Blaze<209><STEAM_1:1:868254><>" respawned "Blaze<209><STEAM_1:1:868254><>"
L 08/21/2016 - 23:45:47: [respawn.smx] "Blaze<209><STEAM_1:1:868254><>" respawned "[A.C.E.] HempKnight2112<207><STEAM_1:1:160937830><>"
L 08/21/2016 - 23:48:36: -------- Mapchange to gizab_b1_coop --------
L 08/21/2016 - 23:52:54: [respawn.smx] "Blaze<209><STEAM_1:1:868254><>" respawned "Blaze<209><STEAM_1:1:868254><>"
